PC=00000000, ---
PC=00000004, REG[ 1]=00000004
PC=00000008, REG[ 1]=000000a0
PC=0000000c, REG[ 2]=0001000c
PC=00000010, REG[ 2]=00010000
PC=00000014, REG[ 8]=00010000
PC=00000018, REG[ 3]=00002018
PC=0000001c, REG[ 3]=000024a0
PC=00000020, REG[ 4]=00000000
PC=00000024, REG[ 5]=00000000
PC=00000028, REG[ 6]=00000000
PC=0000002c, REG[ 7]=00000000
PC=00000030, REG[ 9]=00000000
PC=00000034, REG[10]=00000000
PC=00000038, REG[11]=00000000
PC=0000003c, REG[12]=00000000
PC=00000040, REG[13]=00000000
PC=00000044, REG[14]=00000000
PC=00000048, REG[15]=00000000
PC=0000004c, REG[16]=00000000
PC=00000050, REG[17]=00000000
PC=00000054, REG[18]=00000000
PC=00000058, REG[19]=00000000
PC=0000005c, REG[20]=00000000
PC=00000060, REG[21]=00000000
PC=00000064, REG[22]=00000000
PC=00000068, REG[23]=00000000
PC=0000006c, REG[24]=00000000
PC=00000070, REG[25]=00000000
PC=00000074, REG[26]=00000000
PC=00000078, REG[27]=00000000
PC=0000007c, REG[28]=00000000
PC=00000080, REG[29]=00000000
PC=00000084, REG[30]=00000000
PC=00000088, REG[31]=00000000
PC=0000008c, ---
PC=00001b34, REG[ 2]=0000fff0
PC=00001b38, ---
PC=00001b3c, REG[ 1]=00000b3c
PC=00001b40, REG[ 1]=00001b44
PC=000009c4, REG[ 2]=0000ffd0
PC=000009c8, REG[10]=0000000c
PC=000009cc, ---
PC=000009d0, ---
PC=000009d4, ---
PC=000009d8, ---
PC=000009dc, ---
PC=000009e0, ---
PC=000009e4, REG[ 1]=000009e4
PC=000009e8, REG[ 1]=000009ec
PC=00000464, REG[15]=00004000
PC=00000468, ---
PC=0000046c, REG[ 2]=0000ffb0
PC=00000470, ---
PC=00000474, ---
PC=00000478, ---
PC=0000047c, ---
PC=00000480, ---
PC=00000484, ---
PC=00000488, REG[15]=00000000
PC=0000048c, REG[ 8]=0000000c
PC=00000490, ---
PC=00000494, REG[19]=00002000
PC=00000498, REG[12]=00000000
PC=0000049c, REG[ 9]=00000014
PC=000004a0, ---
PC=00000590, REG[12]=00002000
PC=00000594, REG[15]=00001ce8
PC=00000598, ---
PC=0000059c, ---
PC=000005a0, ---
PC=000005a4, REG[13]=00000000
PC=000005a8, REG[12]=00001ce8
PC=000005ac, ---
PC=000004ac, ---
PC=000004b0, REG[18]=00002000
PC=000004b4, REG[20]=00002000
PC=000004b8, ---
PC=000004c8, REG[14]=00001ce8
PC=000004cc, ---
PC=000004d0, REG[15]=00004000
PC=000004d4, REG[14]=00003fec
PC=000004d8, ---
PC=000004dc, REG[10]=00001cf0
PC=000004e0, ---
PC=000004e4, REG[15]=00001d04
PC=000004e8, ---
PC=000004ec, REG[10]=00001cf8
PC=000004f0, ---
PC=000004f4, REG[ 1]=000004f4
PC=000004f8, REG[ 1]=000004fc
PC=0000013c, REG[15]=00002000
PC=00000140, REG[15]=00001cf0
PC=00000144, ---
PC=00000148, REG[15]=00006000
PC=0000014c, REG[15]=00005cf0
PC=00000150, ---
PC=00000154, REG[16]=00002000
PC=00000158, REG[15]=00001ce8
PC=0000015c, REG[13]=00001cf0
PC=00000160, REG[14]=00001ce8
PC=00000164, ---
PC=00000168, ---
PC=0000016c, ---
PC=00000184, REG[11]=0000000c
PC=00000188, REG[12]=00000060
PC=0000018c, REG[12]=00001d50
PC=00000190, ---
PC=00000194, REG[17]=00000000
PC=00000198, ---
PC=0000019c, REG[12]=00000000
PC=000001a0, REG[12]=00001ce8
PC=000001a4, ---
PC=000001a8, ---
PC=000001ac, ---
PC=000001b0, ---
PC=000004fc, REG[14]=00001ce8
PC=00000500, ---
PC=00000504, REG[15]=00001cf0
PC=00000508, REG[12]=00001ce8
PC=0000050c, REG[13]=0000000c
PC=00000510, ---
PC=00000514, ---
PC=000005b0, REG[13]=00001ce8
PC=000005b4, ---
PC=000005b8, ---
PC=0000052c, REG[ 1]=000009ec
PC=00000530, REG[ 8]=00010000
PC=00000534, ---
PC=00000538, REG[ 9]=00000000
PC=0000053c, REG[18]=00000000
PC=00000540, REG[19]=00000000
PC=00000544, REG[20]=00000000
PC=00000548, REG[10]=00001cf8
PC=0000054c, REG[ 2]=0000ffd0
PC=00000550, ---
PC=000009ec, REG[15]=00000006
PC=000009f0, REG[ 8]=00001cf8
PC=000009f4, ---
PC=000009f8, REG[10]=00000018
PC=000009fc, REG[ 1]=000009fc
PC=00000a00, REG[ 1]=00000a04
PC=00000464, REG[15]=00004000
PC=00000468, ---
PC=0000046c, REG[ 2]=0000ffb0
PC=00000470, ---
PC=00000474, ---
PC=00000478, ---
PC=0000047c, ---
PC=00000480, ---
PC=00000484, ---
PC=00000488, REG[15]=00000000
PC=0000048c, REG[ 8]=00000018
PC=00000490, ---
PC=00000494, REG[19]=00002000
PC=00000498, REG[12]=00001ce8
PC=0000049c, REG[ 9]=00000020
PC=000004a0, ---
PC=000004a4, REG[15]=00001ce8
PC=000004a8, REG[13]=00000000
PC=000004ac, ---
PC=000004b0, REG[18]=00002000
PC=000004b4, REG[20]=00002000
PC=000004b8, ---
PC=000004c8, REG[14]=00001ce8
PC=000004cc, ---
PC=000004d0, REG[15]=00003fec
PC=000004d4, REG[14]=00003fcc
PC=000004d8, ---
PC=000004dc, REG[10]=00001d04
PC=000004e0, ---
PC=000004e4, REG[15]=00001d24
PC=000004e8, ---
PC=000004ec, REG[10]=00001d0c
PC=000004f0, ---
PC=000004f4, REG[ 1]=000004f4
PC=000004f8, REG[ 1]=000004fc
PC=0000013c, REG[15]=00002000
PC=00000140, REG[15]=00001cf0
PC=00000144, ---
PC=00000148, REG[15]=00006000
PC=0000014c, REG[15]=00005cf0
PC=00000150, ---
PC=00000154, REG[16]=00002000
PC=00000158, REG[15]=00001ce8
PC=0000015c, REG[13]=00001d04
PC=00000160, REG[14]=00001ce8
PC=00000164, ---
PC=00000168, ---
PC=0000016c, ---
PC=00000184, REG[11]=00000018
PC=00000188, REG[12]=000000c0
PC=0000018c, REG[12]=00001dc4
PC=00000190, ---
PC=00000194, REG[17]=00000000
PC=00000198, ---
PC=0000019c, REG[12]=00000000
PC=000001a0, REG[12]=00001ce8
PC=000001a4, ---
PC=000001a8, ---
PC=000001ac, ---
PC=000001b0, ---
PC=000004fc, REG[14]=00001ce8
PC=00000500, ---
PC=00000504, REG[15]=00001d04
PC=00000508, REG[12]=00001ce8
PC=0000050c, REG[13]=00000018
PC=00000510, ---
PC=00000514, ---
PC=000005b0, REG[13]=00001ce8
PC=000005b4, ---
PC=000005b8, ---
PC=0000052c, REG[ 1]=00000a04
PC=00000530, REG[ 8]=00001cf8
PC=00000534, ---
PC=00000538, REG[ 9]=00000000
PC=0000053c, REG[18]=00000000
PC=00000540, REG[19]=00000000
PC=00000544, REG[20]=00000000
PC=00000548, REG[10]=00001d0c
PC=0000054c, REG[ 2]=0000ffd0
PC=00000550, ---
PC=00000a04, ---
PC=00000a08, REG[10]=00000018
PC=00000a0c, REG[ 1]=00000a0c
PC=00000a10, REG[ 1]=00000a14
PC=00000464, REG[15]=00004000
PC=00000468, ---
PC=0000046c, REG[ 2]=0000ffb0
PC=00000470, ---
PC=00000474, ---
PC=00000478, ---
PC=0000047c, ---
PC=00000480, ---
PC=00000484, ---
PC=00000488, REG[15]=00000000
PC=0000048c, REG[ 8]=00000018
PC=00000490, ---
PC=00000494, REG[19]=00002000
PC=00000498, REG[12]=00001ce8
PC=0000049c, REG[ 9]=00000020
PC=000004a0, ---
PC=000004a4, REG[15]=00001ce8
PC=000004a8, REG[13]=00000000
PC=000004ac, ---
PC=000004b0, REG[18]=00002000
PC=000004b4, REG[20]=00002000
PC=000004b8, ---
PC=000004c8, REG[14]=00001ce8
PC=000004cc, ---
PC=000004d0, REG[15]=00003fcc
PC=000004d4, REG[14]=00003fac
PC=000004d8, ---
PC=000004dc, REG[10]=00001d24
PC=000004e0, ---
PC=000004e4, REG[15]=00001d44
PC=000004e8, ---
PC=000004ec, REG[10]=00001d2c
PC=000004f0, ---
PC=000004f4, REG[ 1]=000004f4
PC=000004f8, REG[ 1]=000004fc
PC=0000013c, REG[15]=00002000
PC=00000140, REG[15]=00001cf0
PC=00000144, ---
PC=00000148, REG[15]=00006000
PC=0000014c, REG[15]=00005cf0
PC=00000150, ---
PC=00000154, REG[16]=00002000
PC=00000158, REG[15]=00001ce8
PC=0000015c, REG[13]=00001d24
PC=00000160, REG[14]=00001ce8
PC=00000164, ---
PC=00000168, ---
PC=0000016c, ---
PC=00000184, REG[11]=00000018
PC=00000188, REG[12]=000000c0
PC=0000018c, REG[12]=00001de4
PC=00000190, ---
PC=00000194, REG[17]=00000000
PC=00000198, ---
PC=0000019c, REG[12]=00000000
PC=000001a0, REG[12]=00001ce8
PC=000001a4, ---
PC=000001a8, ---
PC=000001ac, ---
PC=000001b0, ---
PC=000004fc, REG[14]=00001ce8
PC=00000500, ---
PC=00000504, REG[15]=00001d24
PC=00000508, REG[12]=00001ce8
PC=0000050c, REG[13]=00000018
PC=00000510, ---
PC=00000514, ---
PC=000005b0, REG[13]=00001ce8
PC=000005b4, ---
PC=000005b8, ---
PC=0000052c, REG[ 1]=00000a14
PC=00000530, REG[ 8]=00001cf8
PC=00000534, ---
PC=00000538, REG[ 9]=00000000
PC=0000053c, REG[18]=00000000
PC=00000540, REG[19]=00000000
PC=00000544, REG[20]=00000000
PC=00000548, REG[10]=00001d2c
PC=0000054c, REG[ 2]=0000ffd0
PC=00000550, ---
PC=00000a14, REG[ 9]=00001d2c
PC=00000a18, REG[10]=00001d0c
PC=00000a1c, REG[15]=00001d43
PC=00000a20, ---
PC=00000a24, REG[15]=00000037
PC=00000a28, REG[14]=0000002e
PC=00000a2c, ---
PC=00000a30, REG[12]=00000018
PC=00000a34, REG[11]=00000000
PC=00000a38, REG[ 1]=00001a38
PC=00000a3c, REG[ 1]=00000a40
PC=00001b7c, REG[ 6]=0000000f
PC=00001b80, REG[14]=00001d0c
PC=00001b84, ---
PC=00001b88, REG[15]=0000000c
PC=00001b8c, ---
PC=00001c2c, REG[13]=00000030
PC=00001c30, REG[ 5]=00001c30
PC=00001c34, REG[13]=00001c60
PC=00001c38, REG[ 5]=00000a40
PC=00001c3c, REG[ 1]=00001c40
PC=00001c00, ---
PC=00001c04, ---
PC=00001c08, ---
PC=00001c0c, ---
PC=00001c10, ---
PC=00001c40, REG[ 1]=00000a40
PC=00001c44, REG[15]=fffffffc
PC=00001c48, REG[14]=00001d10
PC=00001c4c, REG[12]=00000014
PC=00001c50, ---
PC=00001c54, ---
PC=00001b90, ---
PC=00001b94, REG[13]=00000010
PC=00001b98, REG[12]=00000004
PC=00001b9c, REG[13]=00001d20
PC=00001ba0, ---
PC=00001ba4, ---
PC=00001ba8, ---
PC=00001bac, ---
PC=00001bb0, REG[14]=00001d20
PC=00001bb4, ---
PC=00001bb8, ---
PC=00001bc0, REG[13]=0000000b
PC=00001bc4, REG[13]=0000002c
PC=00001bc8, REG[ 5]=00001bc8
PC=00001bcc, REG[13]=00001bf4
PC=00001bd0, ---
PC=00001c00, ---
PC=00001c04, ---
PC=00001c08, ---
PC=00001c0c, ---
PC=00001c10, ---
PC=00000a40, REG[12]=00000018
PC=00000a44, REG[11]=00000000
PC=00000a48, REG[10]=00001d2c
PC=00000a4c, REG[ 1]=00001a4c
PC=00000a50, REG[ 1]=00000a54
PC=00001b7c, REG[ 6]=0000000f
PC=00001b80, REG[14]=00001d2c
PC=00001b84, ---
PC=00001b88, REG[15]=0000000c
PC=00001b8c, ---
PC=00001c2c, REG[13]=00000030
PC=00001c30, REG[ 5]=00001c30
PC=00001c34, REG[13]=00001c60
PC=00001c38, REG[ 5]=00000a54
PC=00001c3c, REG[ 1]=00001c40
PC=00001c00, ---
PC=00001c04, ---
PC=00001c08, ---
PC=00001c0c, ---
PC=00001c10, ---
PC=00001c40, REG[ 1]=00000a54
PC=00001c44, REG[15]=fffffffc
PC=00001c48, REG[14]=00001d30
PC=00001c4c, REG[12]=00000014
PC=00001c50, ---
PC=00001c54, ---
PC=00001b90, ---
PC=00001b94, REG[13]=00000010
PC=00001b98, REG[12]=00000004
PC=00001b9c, REG[13]=00001d40
PC=00001ba0, ---
PC=00001ba4, ---
PC=00001ba8, ---
PC=00001bac, ---
PC=00001bb0, REG[14]=00001d40
PC=00001bb4, ---
PC=00001bb8, ---
PC=00001bc0, REG[13]=0000000b
PC=00001bc4, REG[13]=0000002c
PC=00001bc8, REG[ 5]=00001bc8
PC=00001bcc, REG[13]=00001bf4
PC=00001bd0, ---
PC=00001c00, ---
PC=00001c04, ---
PC=00001c08, ---
PC=00001c0c, ---
PC=00001c10, ---
PC=00000a54, REG[ 1]=00000a54
PC=00000a58, REG[ 1]=00000a5c
PC=00000334, REG[ 2]=0000ffb0
PC=00000338, ---
PC=0000033c, REG[18]=00002000
PC=00000340, REG[13]=00001ce8
PC=00000344, ---
PC=00000348, ---
PC=0000034c, ---
PC=00000350, ---
PC=00000354, ---
PC=00000358, ---
PC=0000035c, ---
PC=00000360, REG[10]=00001ce8
PC=00000364, REG[15]=00000007
PC=00000368, REG[14]=00000000
PC=0000036c, ---
PC=00000370, REG[ 9]=00002000
PC=00000374, REG[20]=0000000f
PC=00000378, REG[19]=00002000
PC=0000037c, REG[21]=00000008
PC=00000380, REG[ 8]=00000007
PC=00000384, ---
PC=00000394, REG[15]=00001ce8
PC=00000398, ---
PC=0000039c, REG[15]=00003fac
PC=000003a0, REG[14]=00003f9c
PC=000003a4, ---
PC=000003a8, REG[10]=00001d44
PC=000003ac, ---
PC=000003b0, REG[15]=00001d54
PC=000003b4, ---
PC=000003b8, REG[10]=00001d4c
PC=000003bc, ---
PC=000003c0, REG[ 1]=000003c0
PC=000003c4, REG[ 1]=000003c8
PC=0000013c, REG[15]=00002000
PC=00000140, REG[15]=00001cf0
PC=00000144, ---
PC=00000148, REG[15]=00006000
PC=0000014c, REG[15]=00005cf0
PC=00000150, ---
PC=00000154, REG[16]=00002000
PC=00000158, REG[15]=00001ce8
PC=0000015c, REG[13]=00001d44
PC=00000160, REG[14]=00001ce8
PC=00000164, ---
PC=00000168, ---
PC=0000016c, ---
PC=00000184, REG[11]=00000008
PC=00000188, REG[12]=00000040
PC=0000018c, REG[12]=00001d84
PC=00000190, ---
PC=00000194, REG[17]=00000000
PC=00000198, ---
PC=0000019c, REG[12]=00000000
PC=000001a0, REG[12]=00001ce8
PC=000001a4, ---
PC=000001a8, ---
PC=000001ac, ---
PC=000001b0, ---
PC=000003c8, REG[15]=00001ce8
PC=000003cc, ---
PC=000003d0, REG[10]=00001d44
PC=000003d4, REG[13]=00001ce8
PC=000003d8, REG[14]=00000008
PC=000003dc, ---
PC=000003e0, REG[13]=00000008
PC=000003e4, ---
PC=00000450, REG[14]=00001ce8
PC=00000454, ---
PC=00000458, ---
PC=000003fc, ---
PC=00000400, REG[10]=00001d4c
PC=00000404, REG[ 1]=00000a5c
PC=00000408, REG[ 8]=00001cf8
PC=0000040c, REG[ 9]=00001d2c
PC=00000410, REG[18]=00000000
PC=00000414, REG[19]=00000000
PC=00000418, REG[20]=00000000
PC=0000041c, REG[21]=00000000
PC=00000420, REG[ 2]=0000ffd0
PC=00000424, ---
PC=00000a5c, REG[15]=00001d0c
PC=00000a60, ---
PC=00000a64, REG[20]=00000001
PC=00000a68, REG[14]=00000000
PC=00000a6c, ---
PC=00000a70, REG[19]=00000002
PC=00000a74, ---
PC=00000a78, ---
PC=00000a7c, REG[ 1]=00000a7c
PC=00000a80, REG[ 1]=00000a84
PC=00000334, REG[ 2]=0000ffb0
PC=00000338, ---
PC=0000033c, REG[18]=00002000
PC=00000340, REG[13]=00001ce8
PC=00000344, ---
PC=00000348, ---
PC=0000034c, ---
PC=00000350, ---
PC=00000354, ---
PC=00000358, ---
PC=0000035c, ---
PC=00000360, REG[10]=00001ce8
PC=00000364, REG[15]=00000007
PC=00000368, REG[14]=00000000
PC=0000036c, ---
PC=00000370, REG[ 9]=00002000
PC=00000374, REG[20]=0000000f
PC=00000378, REG[19]=00002000
PC=0000037c, REG[21]=00000008
PC=00000380, REG[ 8]=00000007
PC=00000384, ---
PC=00000394, REG[15]=00001ce8
PC=00000398, ---
PC=0000039c, REG[15]=00003f9c
PC=000003a0, REG[14]=00003f8c
PC=000003a4, ---
PC=000003a8, REG[10]=00001d54
PC=000003ac, ---
PC=000003b0, REG[15]=00001d64
PC=000003b4, ---
PC=000003b8, REG[10]=00001d5c
PC=000003bc, ---
PC=000003c0, REG[ 1]=000003c0
PC=000003c4, REG[ 1]=000003c8
PC=0000013c, REG[15]=00002000
PC=00000140, REG[15]=00001cf0
PC=00000144, ---
PC=00000148, REG[15]=00006000
PC=0000014c, REG[15]=00005cf0
PC=00000150, ---
PC=00000154, REG[16]=00002000
PC=00000158, REG[15]=00001ce8
PC=0000015c, REG[13]=00001d54
PC=00000160, REG[14]=00001ce8
PC=00000164, ---
PC=00000168, ---
PC=0000016c, ---
PC=00000184, REG[11]=00000008
PC=00000188, REG[12]=00000040
PC=0000018c, REG[12]=00001d94
PC=00000190, ---
PC=00000194, REG[17]=00000000
PC=00000198, ---
PC=0000019c, REG[12]=00000000
PC=000001a0, REG[12]=00001ce8
PC=000001a4, ---
PC=000001a8, ---
PC=000001ac, ---
PC=000001b0, ---
PC=000003c8, REG[15]=00001ce8
PC=000003cc, ---
PC=000003d0, REG[10]=00001d54
PC=000003d4, REG[13]=00001ce8
PC=000003d8, REG[14]=00000008
PC=000003dc, ---
PC=000003e0, REG[13]=00000008
PC=000003e4, ---
PC=00000450, REG[14]=00001ce8
PC=00000454, ---
PC=00000458, ---
PC=000003fc, ---
PC=00000400, REG[10]=00001d5c
PC=00000404, REG[ 1]=00000a84
PC=00000408, REG[ 8]=00001cf8
PC=0000040c, REG[ 9]=00001d2c
PC=00000410, REG[18]=00000000
PC=00000414, REG[19]=00000002
PC=00000418, REG[20]=00000001
PC=0000041c, REG[21]=00000000
PC=00000420, REG[ 2]=0000ffd0
PC=00000424, ---
PC=00000a84, REG[15]=00001d0c
PC=00000a88, ---
PC=00000a8c, REG[18]=00000004
PC=00000a90, REG[14]=00000000
PC=00000a94, ---
PC=00000a98, REG[ 9]=00000003
PC=00000a9c, ---
PC=00000aa0, ---
PC=00000aa4, REG[ 1]=00000aa4
PC=00000aa8, REG[ 1]=00000aac
PC=00000334, REG[ 2]=0000ffb0
PC=00000338, ---
PC=0000033c, REG[18]=00002000
PC=00000340, REG[13]=00001ce8
PC=00000344, ---
PC=00000348, ---
PC=0000034c, ---
PC=00000350, ---
PC=00000354, ---
PC=00000358, ---
PC=0000035c, ---
PC=00000360, REG[10]=00001ce8
PC=00000364, REG[15]=00000007
PC=00000368, REG[14]=00000000
PC=0000036c, ---
PC=00000370, REG[ 9]=00002000
PC=00000374, REG[20]=0000000f
PC=00000378, REG[19]=00002000
PC=0000037c, REG[21]=00000008
PC=00000380, REG[ 8]=00000007
PC=00000384, ---
PC=00000394, REG[15]=00001ce8
PC=00000398, ---
PC=0000039c, REG[15]=00003f8c
PC=000003a0, REG[14]=00003f7c
PC=000003a4, ---
PC=000003a8, REG[10]=00001d64
PC=000003ac, ---
PC=000003b0, REG[15]=00001d74
PC=000003b4, ---
PC=000003b8, REG[10]=00001d6c
PC=000003bc, ---
PC=000003c0, REG[ 1]=000003c0
PC=000003c4, REG[ 1]=000003c8
PC=0000013c, REG[15]=00002000
PC=00000140, REG[15]=00001cf0
PC=00000144, ---
PC=00000148, REG[15]=00006000
PC=0000014c, REG[15]=00005cf0
PC=00000150, ---
PC=00000154, REG[16]=00002000
PC=00000158, REG[15]=00001ce8
PC=0000015c, REG[13]=00001d64
PC=00000160, REG[14]=00001ce8
PC=00000164, ---
PC=00000168, ---
PC=0000016c, ---
PC=00000184, REG[11]=00000008
PC=00000188, REG[12]=00000040
PC=0000018c, REG[12]=00001da4
PC=00000190, ---
PC=00000194, REG[17]=00000000
PC=00000198, ---
PC=0000019c, REG[12]=00000000
PC=000001a0, REG[12]=00001ce8
PC=000001a4, ---
PC=000001a8, ---
PC=000001ac, ---
PC=000001b0, ---
PC=000003c8, REG[15]=00001ce8
PC=000003cc, ---
PC=000003d0, REG[10]=00001d64
PC=000003d4, REG[13]=00001ce8
PC=000003d8, REG[14]=00000008
PC=000003dc, ---
PC=000003e0, REG[13]=00000008
PC=000003e4, ---
PC=00000450, REG[14]=00001ce8
PC=00000454, ---
PC=00000458, ---
PC=000003fc, ---
PC=00000400, REG[10]=00001d6c
PC=00000404, REG[ 1]=00000aac
PC=00000408, REG[ 8]=00001cf8
PC=0000040c, REG[ 9]=00000003
PC=00000410, REG[18]=00000004
PC=00000414, REG[19]=00000002
PC=00000418, REG[20]=00000001
PC=0000041c, REG[21]=00000000
PC=00000420, REG[ 2]=0000ffd0
PC=00000424, ---
PC=00000aac, REG[15]=00001d0c
PC=00000ab0, ---
PC=00000ab4, REG[14]=00001d4c
PC=00000ab8, ---
PC=00000abc, ---
PC=00000ac0, ---
PC=00000ac4, REG[ 1]=00000ac4
PC=00000ac8, REG[ 1]=00000acc
PC=00000334, REG[ 2]=0000ffb0
PC=00000338, ---
PC=0000033c, REG[18]=00002000
PC=00000340, REG[13]=00001ce8
PC=00000344, ---
PC=00000348, ---
PC=0000034c, ---
PC=00000350, ---
PC=00000354, ---
PC=00000358, ---
PC=0000035c, ---
PC=00000360, REG[10]=00001ce8
PC=00000364, REG[15]=00000007
PC=00000368, REG[14]=00000000
PC=0000036c, ---
PC=00000370, REG[ 9]=00002000
PC=00000374, REG[20]=0000000f
PC=00000378, REG[19]=00002000
PC=0000037c, REG[21]=00000008
PC=00000380, REG[ 8]=00000007
PC=00000384, ---
PC=00000394, REG[15]=00001ce8
PC=00000398, ---
PC=0000039c, REG[15]=00003f7c
PC=000003a0, REG[14]=00003f6c
PC=000003a4, ---
PC=000003a8, REG[10]=00001d74
PC=000003ac, ---
PC=000003b0, REG[15]=00001d84
PC=000003b4, ---
PC=000003b8, REG[10]=00001d7c
PC=000003bc, ---
PC=000003c0, REG[ 1]=000003c0
PC=000003c4, REG[ 1]=000003c8
PC=0000013c, REG[15]=00002000
PC=00000140, REG[15]=00001cf0
PC=00000144, ---
PC=00000148, REG[15]=00006000
PC=0000014c, REG[15]=00005cf0
PC=00000150, ---
PC=00000154, REG[16]=00002000
PC=00000158, REG[15]=00001ce8
PC=0000015c, REG[13]=00001d74
PC=00000160, REG[14]=00001ce8
PC=00000164, ---
PC=00000168, ---
PC=0000016c, ---
PC=00000184, REG[11]=00000008
PC=00000188, REG[12]=00000040
PC=0000018c, REG[12]=00001db4
PC=00000190, ---
PC=00000194, REG[17]=00000000
PC=00000198, ---
PC=0000019c, REG[12]=00000000
PC=000001a0, REG[12]=00001ce8
PC=000001a4, ---
PC=000001a8, ---
PC=000001ac, ---
PC=000001b0, ---
PC=000003c8, REG[15]=00001ce8
PC=000003cc, ---
PC=000003d0, REG[10]=00001d74
PC=000003d4, REG[13]=00001ce8
PC=000003d8, REG[14]=00000008
PC=000003dc, ---
PC=000003e0, REG[13]=00000008
PC=000003e4, ---
PC=00000450, REG[14]=00001ce8
PC=00000454, ---
PC=00000458, ---
PC=000003fc, ---
PC=00000400, REG[10]=00001d7c
PC=00000404, REG[ 1]=00000acc
PC=00000408, REG[ 8]=00001cf8
PC=0000040c, REG[ 9]=00000003
PC=00000410, REG[18]=00000004
PC=00000414, REG[19]=00000002
PC=00000418, REG[20]=00000001
PC=0000041c, REG[21]=00000000
PC=00000420, REG[ 2]=0000ffd0
PC=00000424, ---
PC=00000acc, REG[15]=00001d0c
PC=00000ad0, ---
PC=00000ad4, REG[14]=00000000
PC=00000ad8, ---
PC=00000adc, ---
PC=00000ae0, ---
PC=00000ae4, REG[ 1]=00000ae4
PC=00000ae8, REG[ 1]=00000aec
PC=00000334, REG[ 2]=0000ffb0
PC=00000338, ---
PC=0000033c, REG[18]=00002000
PC=00000340, REG[13]=00001ce8
PC=00000344, ---
PC=00000348, ---
PC=0000034c, ---
PC=00000350, ---
PC=00000354, ---
PC=00000358, ---
PC=0000035c, ---
PC=00000360, REG[10]=00001ce8
PC=00000364, REG[15]=00000007
PC=00000368, REG[14]=00000000
PC=0000036c, ---
PC=00000370, REG[ 9]=00002000
PC=00000374, REG[20]=0000000f
PC=00000378, REG[19]=00002000
PC=0000037c, REG[21]=00000008
PC=00000380, REG[ 8]=00000007
PC=00000384, ---
PC=00000394, REG[15]=00001ce8
PC=00000398, ---
PC=0000039c, REG[15]=00003f6c
PC=000003a0, REG[14]=00003f5c
PC=000003a4, ---
PC=000003a8, REG[10]=00001d84
PC=000003ac, ---
PC=000003b0, REG[15]=00001d94
PC=000003b4, ---
PC=000003b8, REG[10]=00001d8c
PC=000003bc, ---
PC=000003c0, REG[ 1]=000003c0
PC=000003c4, REG[ 1]=000003c8
PC=0000013c, REG[15]=00002000
PC=00000140, REG[15]=00001cf0
PC=00000144, ---
PC=00000148, REG[15]=00006000
PC=0000014c, REG[15]=00005cf0
PC=00000150, ---
PC=00000154, REG[16]=00002000
PC=00000158, REG[15]=00001ce8
PC=0000015c, REG[13]=00001d84
PC=00000160, REG[14]=00001ce8
PC=00000164, ---
PC=00000168, ---
PC=0000016c, ---
PC=00000184, REG[11]=00000008
PC=00000188, REG[12]=00000040
PC=0000018c, REG[12]=00001dc4
PC=00000190, ---
PC=00000194, REG[17]=00000000
PC=00000198, ---
PC=0000019c, REG[12]=00000000
PC=000001a0, REG[12]=00001ce8
PC=000001a4, ---
PC=000001a8, ---
PC=000001ac, ---
PC=000001b0, ---
PC=000003c8, REG[15]=00001ce8
PC=000003cc, ---
PC=000003d0, REG[10]=00001d84
PC=000003d4, REG[13]=00001ce8
PC=000003d8, REG[14]=00000008
PC=000003dc, ---
PC=000003e0, REG[13]=00000008
PC=000003e4, ---
PC=00000450, REG[14]=00001ce8
PC=00000454, ---
PC=00000458, ---
PC=000003fc, ---
PC=00000400, REG[10]=00001d8c
PC=00000404, REG[ 1]=00000aec
PC=00000408, REG[ 8]=00001cf8
PC=0000040c, REG[ 9]=00000003
PC=00000410, REG[18]=00000004
PC=00000414, REG[19]=00000002
PC=00000418, REG[20]=00000001
PC=0000041c, REG[21]=00000000
PC=00000420, REG[ 2]=0000ffd0
PC=00000424, ---
PC=00000aec, REG[15]=00001d0c
PC=00000af0, ---
PC=00000af4, REG[14]=00001d5c
PC=00000af8, ---
PC=00000afc, ---
PC=00000b00, ---
PC=00000b04, REG[ 1]=00000b04
PC=00000b08, REG[ 1]=00000b0c
PC=00000334, REG[ 2]=0000ffb0
PC=00000338, ---
PC=0000033c, REG[18]=00002000
PC=00000340, REG[13]=00001ce8
PC=00000344, ---
PC=00000348, ---
PC=0000034c, ---
PC=00000350, ---
PC=00000354, ---
PC=00000358, ---
PC=0000035c, ---
PC=00000360, REG[10]=00001ce8
PC=00000364, REG[15]=00000007
PC=00000368, REG[14]=00000000
PC=0000036c, ---
PC=00000370, REG[ 9]=00002000
PC=00000374, REG[20]=0000000f
PC=00000378, REG[19]=00002000
PC=0000037c, REG[21]=00000008
PC=00000380, REG[ 8]=00000007
PC=00000384, ---
PC=00000394, REG[15]=00001ce8
PC=00000398, ---
PC=0000039c, REG[15]=00003f5c
PC=000003a0, REG[14]=00003f4c
PC=000003a4, ---
PC=000003a8, REG[10]=00001d94
PC=000003ac, ---
PC=000003b0, REG[15]=00001da4
PC=000003b4, ---
PC=000003b8, REG[10]=00001d9c
PC=000003bc, ---
PC=000003c0, REG[ 1]=000003c0
PC=000003c4, REG[ 1]=000003c8
PC=0000013c, REG[15]=00002000
PC=00000140, REG[15]=00001cf0
PC=00000144, ---
PC=00000148, REG[15]=00006000
PC=0000014c, REG[15]=00005cf0
PC=00000150, ---
PC=00000154, REG[16]=00002000
PC=00000158, REG[15]=00001ce8
PC=0000015c, REG[13]=00001d94
PC=00000160, REG[14]=00001ce8
PC=00000164, ---
PC=00000168, ---
PC=0000016c, ---
PC=00000184, REG[11]=00000008
PC=00000188, REG[12]=00000040
PC=0000018c, REG[12]=00001dd4
PC=00000190, ---
PC=00000194, REG[17]=00000000
PC=00000198, ---
PC=0000019c, REG[12]=00000000
PC=000001a0, REG[12]=00001ce8
PC=000001a4, ---
PC=000001a8, ---
PC=000001ac, ---
PC=000001b0, ---
PC=000003c8, REG[15]=00001ce8
PC=000003cc, ---
PC=000003d0, REG[10]=00001d94
PC=000003d4, REG[13]=00001ce8
PC=000003d8, REG[14]=00000008
PC=000003dc, ---
PC=000003e0, REG[13]=00000008
PC=000003e4, ---
PC=00000450, REG[14]=00001ce8
PC=00000454, ---
PC=00000458, ---
PC=000003fc, ---
PC=00000400, REG[10]=00001d9c
PC=00000404, REG[ 1]=00000b0c
PC=00000408, REG[ 8]=00001cf8
PC=0000040c, REG[ 9]=00000003
PC=00000410, REG[18]=00000004
PC=00000414, REG[19]=00000002
PC=00000418, REG[20]=00000001
PC=0000041c, REG[21]=00000000
PC=00000420, REG[ 2]=0000ffd0
PC=00000424, ---
PC=00000b0c, REG[15]=00001d0c
PC=00000b10, ---
PC=00000b14, REG[14]=00001d7c
PC=00000b18, ---
PC=00000b1c, ---
PC=00000b20, ---
PC=00000b24, REG[ 1]=00000b24
PC=00000b28, REG[ 1]=00000b2c
PC=00000334, REG[ 2]=0000ffb0
PC=00000338, ---
PC=0000033c, REG[18]=00002000
PC=00000340, REG[13]=00001ce8
PC=00000344, ---
PC=00000348, ---
PC=0000034c, ---
PC=00000350, ---
PC=00000354, ---
PC=00000358, ---
PC=0000035c, ---
PC=00000360, REG[10]=00001ce8
PC=00000364, REG[15]=00000007
PC=00000368, REG[14]=00000000
PC=0000036c, ---
PC=00000370, REG[ 9]=00002000
PC=00000374, REG[20]=0000000f
PC=00000378, REG[19]=00002000
PC=0000037c, REG[21]=00000008
PC=00000380, REG[ 8]=00000007
PC=00000384, ---
PC=00000394, REG[15]=00001ce8
PC=00000398, ---
PC=0000039c, REG[15]=00003f4c
PC=000003a0, REG[14]=00003f3c
PC=000003a4, ---
PC=000003a8, REG[10]=00001da4
PC=000003ac, ---
PC=000003b0, REG[15]=00001db4
PC=000003b4, ---
PC=000003b8, REG[10]=00001dac
PC=000003bc, ---
PC=000003c0, REG[ 1]=000003c0
PC=000003c4, REG[ 1]=000003c8
PC=0000013c, REG[15]=00002000
PC=00000140, REG[15]=00001cf0
PC=00000144, ---
PC=00000148, REG[15]=00006000
PC=0000014c, REG[15]=00005cf0
PC=00000150, ---
PC=00000154, REG[16]=00002000
PC=00000158, REG[15]=00001ce8
PC=0000015c, REG[13]=00001da4
PC=00000160, REG[14]=00001ce8
PC=00000164, ---
PC=00000168, ---
PC=0000016c, ---
PC=00000184, REG[11]=00000008
PC=00000188, REG[12]=00000040
PC=0000018c, REG[12]=00001de4
PC=00000190, ---
PC=00000194, REG[17]=00000000
PC=00000198, ---
PC=0000019c, REG[12]=00000000
PC=000001a0, REG[12]=00001ce8
PC=000001a4, ---
PC=000001a8, ---
PC=000001ac, ---
PC=000001b0, ---
PC=000003c8, REG[15]=00001ce8
PC=000003cc, ---
PC=000003d0, REG[10]=00001da4
PC=000003d4, REG[13]=00001ce8
PC=000003d8, REG[14]=00000008
PC=000003dc, ---
PC=000003e0, REG[13]=00000008
PC=000003e4, ---
PC=00000450, REG[14]=00001ce8
PC=00000454, ---
PC=00000458, ---
PC=000003fc, ---
PC=00000400, REG[10]=00001dac
PC=00000404, REG[ 1]=00000b2c
PC=00000408, REG[ 8]=00001cf8
PC=0000040c, REG[ 9]=00000003
PC=00000410, REG[18]=00000004
PC=00000414, REG[19]=00000002
PC=00000418, REG[20]=00000001
PC=0000041c, REG[21]=00000000
PC=00000420, REG[ 2]=0000ffd0
PC=00000424, ---
PC=00000b2c, REG[15]=00001d0c
PC=00000b30, ---
PC=00000b34, REG[14]=00001d8c
PC=00000b38, ---
PC=00000b3c, ---
PC=00000b40, ---
PC=00000b44, REG[ 1]=fffffb44
PC=00000b48, REG[ 1]=00000b4c
PC=00000334, REG[ 2]=0000ffb0
PC=00000338, ---
PC=0000033c, REG[18]=00002000
PC=00000340, REG[13]=00001ce8
PC=00000344, ---
PC=00000348, ---
PC=0000034c, ---
PC=00000350, ---
PC=00000354, ---
PC=00000358, ---
PC=0000035c, ---
PC=00000360, REG[10]=00001ce8
PC=00000364, REG[15]=00000007
PC=00000368, REG[14]=00000000
PC=0000036c, ---
PC=00000370, REG[ 9]=00002000
PC=00000374, REG[20]=0000000f
PC=00000378, REG[19]=00002000
PC=0000037c, REG[21]=00000008
PC=00000380, REG[ 8]=00000007
PC=00000384, ---
PC=00000394, REG[15]=00001ce8
PC=00000398, ---
PC=0000039c, REG[15]=00003f3c
PC=000003a0, REG[14]=00003f2c
PC=000003a4, ---
PC=000003a8, REG[10]=00001db4
PC=000003ac, ---
PC=000003b0, REG[15]=00001dc4
PC=000003b4, ---
PC=000003b8, REG[10]=00001dbc
PC=000003bc, ---
PC=000003c0, REG[ 1]=000003c0
PC=000003c4, REG[ 1]=000003c8
PC=0000013c, REG[15]=00002000
PC=00000140, REG[15]=00001cf0
PC=00000144, ---
PC=00000148, REG[15]=00006000
PC=0000014c, REG[15]=00005cf0
PC=00000150, ---
PC=00000154, REG[16]=00002000
PC=00000158, REG[15]=00001ce8
PC=0000015c, REG[13]=00001db4
PC=00000160, REG[14]=00001ce8
PC=00000164, ---
PC=00000168, ---
PC=0000016c, ---
PC=00000184, REG[11]=00000008
PC=00000188, REG[12]=00000040
PC=0000018c, REG[12]=00001df4
PC=00000190, ---
PC=00000194, REG[17]=00000000
PC=00000198, ---
PC=0000019c, REG[12]=00000000
PC=000001a0, REG[12]=00001ce8
PC=000001a4, ---
PC=000001a8, ---
PC=000001ac, ---
PC=000001b0, ---
PC=000003c8, REG[15]=00001ce8
PC=000003cc, ---
PC=000003d0, REG[10]=00001db4
PC=000003d4, REG[13]=00001ce8
PC=000003d8, REG[14]=00000008
PC=000003dc, ---
PC=000003e0, REG[13]=00000008
PC=000003e4, ---
PC=00000450, REG[14]=00001ce8
PC=00000454, ---
PC=00000458, ---
PC=000003fc, ---
PC=00000400, REG[10]=00001dbc
PC=00000404, REG[ 1]=00000b4c
PC=00000408, REG[ 8]=00001cf8
PC=0000040c, REG[ 9]=00000003
PC=00000410, REG[18]=00000004
PC=00000414, REG[19]=00000002
PC=00000418, REG[20]=00000001
PC=0000041c, REG[21]=00000000
PC=00000420, REG[ 2]=0000ffd0
PC=00000424, ---
PC=00000b4c, REG[15]=00001d0c
PC=00000b50, ---
PC=00000b54, REG[14]=00000000
PC=00000b58, ---
PC=00000b5c, ---
PC=00000b60, ---
PC=00000b64, REG[ 1]=fffffb64
PC=00000b68, REG[ 1]=00000b6c
PC=00000334, REG[ 2]=0000ffb0
PC=00000338, ---
PC=0000033c, REG[18]=00002000
PC=00000340, REG[13]=00001ce8
PC=00000344, ---
PC=00000348, ---
PC=0000034c, ---
PC=00000350, ---
PC=00000354, ---
PC=00000358, ---
PC=0000035c, ---
PC=00000360, REG[10]=00001ce8
PC=00000364, REG[15]=00000007
PC=00000368, REG[14]=00000000
PC=0000036c, ---
PC=00000370, REG[ 9]=00002000
PC=00000374, REG[20]=0000000f
PC=00000378, REG[19]=00002000
PC=0000037c, REG[21]=00000008
PC=00000380, REG[ 8]=00000007
PC=00000384, ---
PC=00000394, REG[15]=00001ce8
PC=00000398, ---
PC=0000039c, REG[15]=00003f2c
PC=000003a0, REG[14]=00003f1c
PC=000003a4, ---
PC=000003a8, REG[10]=00001dc4
PC=000003ac, ---
PC=000003b0, REG[15]=00001dd4
PC=000003b4, ---
PC=000003b8, REG[10]=00001dcc
PC=000003bc, ---
PC=000003c0, REG[ 1]=000003c0
PC=000003c4, REG[ 1]=000003c8
PC=0000013c, REG[15]=00002000
PC=00000140, REG[15]=00001cf0
PC=00000144, ---
PC=00000148, REG[15]=00006000
PC=0000014c, REG[15]=00005cf0
PC=00000150, ---
PC=00000154, REG[16]=00002000
PC=00000158, REG[15]=00001ce8
PC=0000015c, REG[13]=00001dc4
PC=00000160, REG[14]=00001ce8
PC=00000164, ---
PC=00000168, ---
PC=0000016c, ---
PC=00000184, REG[11]=00000008
PC=00000188, REG[12]=00000040
PC=0000018c, REG[12]=00001e04
PC=00000190, ---
PC=00000194, REG[17]=00000000
PC=00000198, ---
PC=0000019c, REG[12]=00000000
PC=000001a0, REG[12]=00001ce8
PC=000001a4, ---
PC=000001a8, ---
PC=000001ac, ---
PC=000001b0, ---
PC=000003c8, REG[15]=00001ce8
PC=000003cc, ---
PC=000003d0, REG[10]=00001dc4
PC=000003d4, REG[13]=00001ce8
PC=000003d8, REG[14]=00000008
PC=000003dc, ---
PC=000003e0, REG[13]=00000008
PC=000003e4, ---
PC=00000450, REG[14]=00001ce8
PC=00000454, ---
PC=00000458, ---
PC=000003fc, ---
PC=00000400, REG[10]=00001dcc
PC=00000404, REG[ 1]=00000b6c
PC=00000408, REG[ 8]=00001cf8
PC=0000040c, REG[ 9]=00000003
PC=00000410, REG[18]=00000004
PC=00000414, REG[19]=00000002
PC=00000418, REG[20]=00000001
PC=0000041c, REG[21]=00000000
PC=00000420, REG[ 2]=0000ffd0
PC=00000424, ---
PC=00000b6c, REG[15]=00001d0c
PC=00000b70, ---
PC=00000b74, REG[14]=00001dac
PC=00000b78, ---
PC=00000b7c, ---
PC=00000b80, ---
PC=00000b84, REG[ 1]=fffffb84
PC=00000b88, REG[ 1]=00000b8c
PC=00000334, REG[ 2]=0000ffb0
PC=00000338, ---
PC=0000033c, REG[18]=00002000
PC=00000340, REG[13]=00001ce8
PC=00000344, ---
PC=00000348, ---
PC=0000034c, ---
PC=00000350, ---
PC=00000354, ---
PC=00000358, ---
PC=0000035c, ---
PC=00000360, REG[10]=00001ce8
PC=00000364, REG[15]=00000007
PC=00000368, REG[14]=00000000
PC=0000036c, ---
PC=00000370, REG[ 9]=00002000
PC=00000374, REG[20]=0000000f
PC=00000378, REG[19]=00002000
PC=0000037c, REG[21]=00000008
PC=00000380, REG[ 8]=00000007
PC=00000384, ---
PC=00000394, REG[15]=00001ce8
PC=00000398, ---
PC=0000039c, REG[15]=00003f1c
PC=000003a0, REG[14]=00003f0c
PC=000003a4, ---
PC=000003a8, REG[10]=00001dd4
PC=000003ac, ---
PC=000003b0, REG[15]=00001de4
PC=000003b4, ---
PC=000003b8, REG[10]=00001ddc
PC=000003bc, ---
PC=000003c0, REG[ 1]=000003c0
PC=000003c4, REG[ 1]=000003c8
PC=0000013c, REG[15]=00002000
PC=00000140, REG[15]=00001cf0
PC=00000144, ---
PC=00000148, REG[15]=00006000
PC=0000014c, REG[15]=00005cf0
PC=00000150, ---
PC=00000154, REG[16]=00002000
PC=00000158, REG[15]=00001ce8
PC=0000015c, REG[13]=00001dd4
PC=00000160, REG[14]=00001ce8
PC=00000164, ---
PC=00000168, ---
PC=0000016c, ---
PC=00000184, REG[11]=00000008
PC=00000188, REG[12]=00000040
PC=0000018c, REG[12]=00001e14
PC=00000190, ---
PC=00000194, REG[17]=00000000
PC=00000198, ---
PC=0000019c, REG[12]=00000000
PC=000001a0, REG[12]=00001ce8
PC=000001a4, ---
PC=000001a8, ---
PC=000001ac, ---
PC=000001b0, ---
PC=000003c8, REG[15]=00001ce8
PC=000003cc, ---
PC=000003d0, REG[10]=00001dd4
PC=000003d4, REG[13]=00001ce8
PC=000003d8, REG[14]=00000008
PC=000003dc, ---
PC=000003e0, REG[13]=00000008
PC=000003e4, ---
PC=00000450, REG[14]=00001ce8
PC=00000454, ---
PC=00000458, ---
PC=000003fc, ---
PC=00000400, REG[10]=00001ddc
PC=00000404, REG[ 1]=00000b8c
PC=00000408, REG[ 8]=00001cf8
PC=0000040c, REG[ 9]=00000003
PC=00000410, REG[18]=00000004
PC=00000414, REG[19]=00000002
PC=00000418, REG[20]=00000001
PC=0000041c, REG[21]=00000000
PC=00000420, REG[ 2]=0000ffd0
PC=00000424, ---
PC=00000b8c, REG[15]=00001d0c
PC=00000b90, ---
PC=00000b94, REG[14]=00000000
PC=00000b98, ---
PC=00000b9c, ---
PC=00000ba0, ---
PC=00000ba4, REG[ 1]=fffffba4
PC=00000ba8, REG[ 1]=00000bac
PC=00000334, REG[ 2]=0000ffb0
PC=00000338, ---
PC=0000033c, REG[18]=00002000
PC=00000340, REG[13]=00001ce8
PC=00000344, ---
PC=00000348, ---
PC=0000034c, ---
PC=00000350, ---
PC=00000354, ---
PC=00000358, ---
PC=0000035c, ---
PC=00000360, REG[10]=00001ce8
PC=00000364, REG[15]=00000007
PC=00000368, REG[14]=00000000
PC=0000036c, ---
PC=00000370, REG[ 9]=00002000
PC=00000374, REG[20]=0000000f
PC=00000378, REG[19]=00002000
PC=0000037c, REG[21]=00000008
PC=00000380, REG[ 8]=00000007
PC=00000384, ---
PC=00000394, REG[15]=00001ce8
PC=00000398, ---
PC=0000039c, REG[15]=00003f0c
PC=000003a0, REG[14]=00003efc
PC=000003a4, ---
PC=000003a8, REG[10]=00001de4
PC=000003ac, ---
PC=000003b0, REG[15]=00001df4
PC=000003b4, ---
PC=000003b8, REG[10]=00001dec
PC=000003bc, ---
PC=000003c0, REG[ 1]=000003c0
PC=000003c4, REG[ 1]=000003c8
PC=0000013c, REG[15]=00002000
PC=00000140, REG[15]=00001cf0
PC=00000144, ---
PC=00000148, REG[15]=00006000
PC=0000014c, REG[15]=00005cf0
PC=00000150, ---
PC=00000154, REG[16]=00002000
PC=00000158, REG[15]=00001ce8
PC=0000015c, REG[13]=00001de4
PC=00000160, REG[14]=00001ce8
PC=00000164, ---
PC=00000168, ---
PC=0000016c, ---
PC=00000184, REG[11]=00000008
PC=00000188, REG[12]=00000040
PC=0000018c, REG[12]=00001e24
PC=00000190, ---
PC=00000194, REG[17]=00000000
PC=00000198, ---
PC=0000019c, REG[12]=00000000
PC=000001a0, REG[12]=00001ce8
PC=000001a4, ---
PC=000001a8, ---
PC=000001ac, ---
PC=000001b0, ---
PC=000003c8, REG[15]=00001ce8
PC=000003cc, ---
PC=000003d0, REG[10]=00001de4
PC=000003d4, REG[13]=00001ce8
PC=000003d8, REG[14]=00000008
PC=000003dc, ---
PC=000003e0, REG[13]=00000008
PC=000003e4, ---
PC=00000450, REG[14]=00001ce8
PC=00000454, ---
PC=00000458, ---
PC=000003fc, ---
PC=00000400, REG[10]=00001dec
PC=00000404, REG[ 1]=00000bac
PC=00000408, REG[ 8]=00001cf8
PC=0000040c, REG[ 9]=00000003
PC=00000410, REG[18]=00000004
PC=00000414, REG[19]=00000002
PC=00000418, REG[20]=00000001
PC=0000041c, REG[21]=00000000
PC=00000420, REG[ 2]=0000ffd0
PC=00000424, ---
PC=00000bac, REG[15]=00001d0c
PC=00000bb0, ---
PC=00000bb4, REG[14]=00001d9c
PC=00000bb8, ---
PC=00000bbc, ---
PC=00000bc0, ---
PC=00000bc4, REG[ 1]=fffffbc4
PC=00000bc8, REG[ 1]=00000bcc
PC=00000334, REG[ 2]=0000ffb0
PC=00000338, ---
PC=0000033c, REG[18]=00002000
PC=00000340, REG[13]=00001ce8
PC=00000344, ---
PC=00000348, ---
PC=0000034c, ---
PC=00000350, ---
PC=00000354, ---
PC=00000358, ---
PC=0000035c, ---
PC=00000360, REG[10]=00001ce8
PC=00000364, REG[15]=00000007
PC=00000368, REG[14]=00000000
PC=0000036c, ---
PC=00000370, REG[ 9]=00002000
PC=00000374, REG[20]=0000000f
PC=00000378, REG[19]=00002000
PC=0000037c, REG[21]=00000008
PC=00000380, REG[ 8]=00000007
PC=00000384, ---
PC=00000394, REG[15]=00001ce8
PC=00000398, ---
PC=0000039c, REG[15]=00003efc
PC=000003a0, REG[14]=00003eec
PC=000003a4, ---
PC=000003a8, REG[10]=00001df4
PC=000003ac, ---
PC=000003b0, REG[15]=00001e04
PC=000003b4, ---
PC=000003b8, REG[10]=00001dfc
PC=000003bc, ---
PC=000003c0, REG[ 1]=000003c0
PC=000003c4, REG[ 1]=000003c8
PC=0000013c, REG[15]=00002000
PC=00000140, REG[15]=00001cf0
PC=00000144, ---
PC=00000148, REG[15]=00006000
PC=0000014c, REG[15]=00005cf0
PC=00000150, ---
PC=00000154, REG[16]=00002000
PC=00000158, REG[15]=00001ce8
PC=0000015c, REG[13]=00001df4
PC=00000160, REG[14]=00001ce8
PC=00000164, ---
PC=00000168, ---
PC=0000016c, ---
PC=00000184, REG[11]=00000008
PC=00000188, REG[12]=00000040
PC=0000018c, REG[12]=00001e34
PC=00000190, ---
PC=00000194, REG[17]=00000000
PC=00000198, ---
PC=0000019c, REG[12]=00000000
PC=000001a0, REG[12]=00001ce8
PC=000001a4, ---
PC=000001a8, ---
PC=000001ac, ---
PC=000001b0, ---
PC=000003c8, REG[15]=00001ce8
PC=000003cc, ---
PC=000003d0, REG[10]=00001df4
PC=000003d4, REG[13]=00001ce8
PC=000003d8, REG[14]=00000008
PC=000003dc, ---
PC=000003e0, REG[13]=00000008
PC=000003e4, ---
PC=00000450, REG[14]=00001ce8
PC=00000454, ---
PC=00000458, ---
PC=000003fc, ---
PC=00000400, REG[10]=00001dfc
PC=00000404, REG[ 1]=00000bcc
PC=00000408, REG[ 8]=00001cf8
PC=0000040c, REG[ 9]=00000003
PC=00000410, REG[18]=00000004
PC=00000414, REG[19]=00000002
PC=00000418, REG[20]=00000001
PC=0000041c, REG[21]=00000000
PC=00000420, REG[ 2]=0000ffd0
PC=00000424, ---
PC=00000bcc, REG[15]=00001d0c
PC=00000bd0, ---
PC=00000bd4, REG[14]=00001dbc
PC=00000bd8, ---
PC=00000bdc, ---
PC=00000be0, ---
PC=00000be4, REG[ 1]=fffffbe4
PC=00000be8, REG[ 1]=00000bec
PC=00000334, REG[ 2]=0000ffb0
PC=00000338, ---
PC=0000033c, REG[18]=00002000
PC=00000340, REG[13]=00001ce8
PC=00000344, ---
PC=00000348, ---
PC=0000034c, ---
PC=00000350, ---
PC=00000354, ---
PC=00000358, ---
PC=0000035c, ---
PC=00000360, REG[10]=00001ce8
PC=00000364, REG[15]=00000007
PC=00000368, REG[14]=00000000
PC=0000036c, ---
PC=00000370, REG[ 9]=00002000
PC=00000374, REG[20]=0000000f
PC=00000378, REG[19]=00002000
PC=0000037c, REG[21]=00000008
PC=00000380, REG[ 8]=00000007
PC=00000384, ---
PC=00000394, REG[15]=00001ce8
PC=00000398, ---
PC=0000039c, REG[15]=00003eec
PC=000003a0, REG[14]=00003edc
PC=000003a4, ---
PC=000003a8, REG[10]=00001e04
PC=000003ac, ---
PC=000003b0, REG[15]=00001e14
PC=000003b4, ---
PC=000003b8, REG[10]=00001e0c
PC=000003bc, ---
PC=000003c0, REG[ 1]=000003c0
PC=000003c4, REG[ 1]=000003c8
PC=0000013c, REG[15]=00002000
PC=00000140, REG[15]=00001cf0
PC=00000144, ---
PC=00000148, REG[15]=00006000
PC=0000014c, REG[15]=00005cf0
PC=00000150, ---
PC=00000154, REG[16]=00002000
PC=00000158, REG[15]=00001ce8
PC=0000015c, REG[13]=00001e04
PC=00000160, REG[14]=00001ce8
PC=00000164, ---
PC=00000168, ---
PC=0000016c, ---
PC=00000184, REG[11]=00000008
PC=00000188, REG[12]=00000040
PC=0000018c, REG[12]=00001e44
PC=00000190, ---
PC=00000194, REG[17]=00000000
PC=00000198, ---
PC=0000019c, REG[12]=00000000
PC=000001a0, REG[12]=00001ce8
PC=000001a4, ---
PC=000001a8, ---
PC=000001ac, ---
PC=000001b0, ---
PC=000003c8, REG[15]=00001ce8
PC=000003cc, ---
PC=000003d0, REG[10]=00001e04
PC=000003d4, REG[13]=00001ce8
PC=000003d8, REG[14]=00000008
PC=000003dc, ---
PC=000003e0, REG[13]=00000008
PC=000003e4, ---
PC=00000450, REG[14]=00001ce8
PC=00000454, ---
PC=00000458, ---
PC=000003fc, ---
PC=00000400, REG[10]=00001e0c
PC=00000404, REG[ 1]=00000bec
PC=00000408, REG[ 8]=00001cf8
PC=0000040c, REG[ 9]=00000003
PC=00000410, REG[18]=00000004
PC=00000414, REG[19]=00000002
PC=00000418, REG[20]=00000001
PC=0000041c, REG[21]=00000000
PC=00000420, REG[ 2]=0000ffd0
PC=00000424, ---
PC=00000bec, REG[15]=00001d0c
PC=00000bf0, ---
PC=00000bf4, REG[14]=00001ddc
PC=00000bf8, ---
PC=00000bfc, ---
PC=00000c00, ---
PC=00000c04, REG[ 1]=fffffc04
PC=00000c08, REG[ 1]=00000c0c
PC=00000334, REG[ 2]=0000ffb0
PC=00000338, ---
PC=0000033c, REG[18]=00002000
PC=00000340, REG[13]=00001ce8
PC=00000344, ---
PC=00000348, ---
PC=0000034c, ---
PC=00000350, ---
PC=00000354, ---
PC=00000358, ---
PC=0000035c, ---
PC=00000360, REG[10]=00001ce8
PC=00000364, REG[15]=00000007
PC=00000368, REG[14]=00000000
PC=0000036c, ---
PC=00000370, REG[ 9]=00002000
PC=00000374, REG[20]=0000000f
PC=00000378, REG[19]=00002000
PC=0000037c, REG[21]=00000008
PC=00000380, REG[ 8]=00000007
PC=00000384, ---
PC=00000394, REG[15]=00001ce8
PC=00000398, ---
PC=0000039c, REG[15]=00003edc
PC=000003a0, REG[14]=00003ecc
PC=000003a4, ---
PC=000003a8, REG[10]=00001e14
PC=000003ac, ---
PC=000003b0, REG[15]=00001e24
PC=000003b4, ---
PC=000003b8, REG[10]=00001e1c
PC=000003bc, ---
PC=000003c0, REG[ 1]=000003c0
PC=000003c4, REG[ 1]=000003c8
PC=0000013c, REG[15]=00002000
PC=00000140, REG[15]=00001cf0
PC=00000144, ---
PC=00000148, REG[15]=00006000
PC=0000014c, REG[15]=00005cf0
PC=00000150, ---
PC=00000154, REG[16]=00002000
PC=00000158, REG[15]=00001ce8
PC=0000015c, REG[13]=00001e14
PC=00000160, REG[14]=00001ce8
PC=00000164, ---
PC=00000168, ---
PC=0000016c, ---
PC=00000184, REG[11]=00000008
PC=00000188, REG[12]=00000040
PC=0000018c, REG[12]=00001e54
PC=00000190, ---
PC=00000194, REG[17]=00000000
PC=00000198, ---
PC=0000019c, REG[12]=00000000
PC=000001a0, REG[12]=00001ce8
PC=000001a4, ---
PC=000001a8, ---
PC=000001ac, ---
PC=000001b0, ---
PC=000003c8, REG[15]=00001ce8
PC=000003cc, ---
PC=000003d0, REG[10]=00001e14
PC=000003d4, REG[13]=00001ce8
PC=000003d8, REG[14]=00000008
PC=000003dc, ---
PC=000003e0, REG[13]=00000008
PC=000003e4, ---
PC=00000450, REG[14]=00001ce8
PC=00000454, ---
PC=00000458, ---
PC=000003fc, ---
PC=00000400, REG[10]=00001e1c
PC=00000404, REG[ 1]=00000c0c
PC=00000408, REG[ 8]=00001cf8
PC=0000040c, REG[ 9]=00000003
PC=00000410, REG[18]=00000004
PC=00000414, REG[19]=00000002
PC=00000418, REG[20]=00000001
PC=0000041c, REG[21]=00000000
PC=00000420, REG[ 2]=0000ffd0
PC=00000424, ---
PC=00000c0c, REG[15]=00001d0c
PC=00000c10, ---
PC=00000c14, REG[ 1]=00001b44
PC=00000c18, REG[14]=00001dfc
PC=00000c1c, ---
PC=00000c20, REG[18]=00000000
PC=00000c24, ---
PC=00000c28, ---
PC=00000c2c, REG[10]=00001cf8
PC=00000c30, REG[ 8]=00010000
PC=00000c34, REG[ 9]=00000000
PC=00000c38, REG[19]=00000000
PC=00000c3c, REG[20]=00000000
PC=00000c40, REG[11]=00000000
PC=00000c44, REG[ 2]=0000fff0
PC=00000c48, REG[ 6]=00000c48
PC=00000c4c, ---
PC=00000878, REG[ 2]=0000ffe0
PC=0000087c, ---
PC=00000880, REG[ 8]=00001cf8
PC=00000884, REG[10]=000000a8
PC=00000888, ---
PC=0000088c, ---
PC=00000890, REG[ 9]=00000000
PC=00000894, REG[ 1]=00000894
PC=00000898, REG[ 1]=0000089c
PC=00000464, REG[15]=00004000
PC=00000468, ---
PC=0000046c, REG[ 2]=0000ffc0
PC=00000470, ---
PC=00000474, ---
PC=00000478, ---
PC=0000047c, ---
PC=00000480, ---
PC=00000484, ---
PC=00000488, REG[15]=00000000
PC=0000048c, REG[ 8]=000000a8
PC=00000490, ---
PC=00000494, REG[19]=00002000
PC=00000498, REG[12]=00001ce8
PC=0000049c, REG[ 9]=000000b0
PC=000004a0, ---
PC=000004a4, REG[15]=00001ce8
PC=000004a8, REG[13]=00000000
PC=000004ac, ---
PC=000004b0, REG[18]=00002000
PC=000004b4, REG[20]=00002000
PC=000004b8, ---
PC=000004c8, REG[14]=00001ce8
PC=000004cc, ---
PC=000004d0, REG[15]=00003ecc
PC=000004d4, REG[14]=00003e1c
PC=000004d8, ---
PC=000004dc, REG[10]=00001e24
PC=000004e0, ---
PC=000004e4, REG[15]=00001ed4
PC=000004e8, ---
PC=000004ec, REG[10]=00001e2c
PC=000004f0, ---
PC=000004f4, REG[ 1]=000004f4
PC=000004f8, REG[ 1]=000004fc
PC=0000013c, REG[15]=00002000
PC=00000140, REG[15]=00001cf0
PC=00000144, ---
PC=00000148, REG[15]=00006000
PC=0000014c, REG[15]=00005cf0
PC=00000150, ---
PC=00000154, REG[16]=00002000
PC=00000158, REG[15]=00001ce8
PC=0000015c, REG[13]=00001e24
PC=00000160, REG[14]=00001ce8
PC=00000164, ---
PC=00000168, ---
PC=0000016c, ---
PC=00000184, REG[11]=000000a8
PC=00000188, REG[12]=00000540
PC=0000018c, REG[12]=00002364
PC=00000190, ---
PC=00000194, REG[17]=00000000
PC=00000198, ---
PC=0000019c, REG[12]=00000000
PC=000001a0, REG[12]=00001ce8
PC=000001a4, ---
PC=000001a8, ---
PC=000001ac, ---
PC=000001b0, ---
PC=000004fc, REG[14]=00001ce8
PC=00000500, ---
PC=00000504, REG[15]=00001e24
PC=00000508, REG[12]=00001ce8
PC=0000050c, REG[13]=000000a8
PC=00000510, ---
PC=00000514, ---
PC=000005b0, REG[13]=00001ce8
PC=000005b4, ---
PC=000005b8, ---
PC=0000052c, REG[ 1]=0000089c
PC=00000530, REG[ 8]=00001cf8
PC=00000534, ---
PC=00000538, REG[ 9]=00000000
PC=0000053c, REG[18]=00000000
PC=00000540, REG[19]=00000000
PC=00000544, REG[20]=00000000
PC=00000548, REG[10]=00001e2c
PC=0000054c, REG[ 2]=0000ffe0
PC=00000550, ---
PC=0000089c, REG[16]=00001d2c
PC=000008a0, REG[14]=ffffffff
PC=000008a4, REG[15]=00000000
PC=000008a8, ---
PC=000008ac, REG[15]=00001d2c
PC=000008b0, REG[13]=00000001
PC=000008b4, ---
PC=000008b8, ---
PC=000008bc, REG[13]=ffffffff
PC=000008c0, REG[15]=00000027
PC=000008c4, ---
PC=000008c8, REG[15]=ffffffff
PC=000008cc, ---
PC=0000099c, REG[13]=00000000
PC=000009a0, REG[14]=00000000
PC=000009a4, REG[14]=00001e2c
PC=000009a8, ---
PC=000009ac, ---
PC=000009b0, ---
PC=000009b4, REG[14]=ffffffff
PC=000009b8, REG[15]=00000000
PC=000009bc, ---
PC=000009c0, ---
PC=00000904, REG[29]=00001d0c
PC=00000908, REG[28]=00000001
PC=0000090c, REG[ 6]=00000027
PC=00000910, REG[17]=ffffffff
PC=00000914, REG[14]=00000000
PC=00000918, REG[14]=00001e2c
PC=0000091c, REG[14]=00000000
PC=00000920, REG[15]=00000001
PC=00000924, ---
PC=00000928, REG[14]=00000000
PC=0000092c, REG[14]=00001d0c
PC=00000930, REG[14]=00001d6c
PC=00000934, ---
PC=00000938, ---
PC=0000093c, ---
PC=00000940, ---
PC=00000944, REG[13]=00000002
PC=00000948, REG[15]=00000008
PC=0000094c, REG[15]=00001d34
PC=00000950, REG[12]=00000000
PC=00000954, ---
PC=00000958, ---
PC=0000095c, REG[12]=ffffffff
PC=00000960, REG[11]=00000000
PC=00000964, REG[15]=00000000
PC=00000968, REG[15]=00001e2c
PC=0000096c, ---
PC=00000970, REG[12]=ffffffff
PC=00000974, ---
PC=00000978, ---
PC=0000097c, ---
PC=00000980, ---
PC=00000984, REG[14]=00001d4c
PC=00000988, ---
PC=00000944, REG[13]=00000001
PC=00000948, REG[15]=00000004
PC=0000094c, REG[15]=00001d30
PC=00000950, REG[12]=00000000
PC=00000954, ---
PC=00000958, ---
PC=0000095c, REG[12]=00000000
PC=00000960, REG[11]=00000001
PC=00000964, REG[15]=00000004
PC=00000968, REG[15]=00001e30
PC=0000096c, ---
PC=00000970, REG[12]=00000000
PC=00000974, ---
PC=0000097c, ---
PC=00000980, ---
PC=00000984, REG[14]=00000000
PC=00000988, ---
PC=0000098c, REG[13]=00000001
PC=00000990, ---
PC=00000994, REG[15]=00000000
PC=00000998, ---
PC=00000914, REG[14]=00000000
PC=00000918, REG[14]=00001e2c
PC=0000091c, REG[14]=00000002
PC=00000920, REG[15]=00000001
PC=00000924, ---
PC=00000928, REG[14]=00000008
PC=0000092c, REG[14]=00001d14
PC=00000930, REG[14]=00001dec
PC=00000934, ---
PC=00000988, ---
PC=00000944, REG[13]=00000004
PC=00000948, REG[15]=00000010
PC=0000094c, REG[15]=00001d3c
PC=00000950, REG[12]=00000000
PC=00000954, ---
PC=00000958, ---
PC=0000095c, REG[12]=00000001
PC=00000960, REG[11]=00000002
PC=00000964, REG[15]=00000008
PC=00000968, REG[15]=00001e34
PC=0000096c, ---
PC=00000970, REG[12]=00000001
PC=00000974, ---
PC=0000097c, ---
PC=00000980, ---
PC=00000984, REG[14]=00001d9c
PC=00000988, ---
PC=00000944, REG[13]=00000001
PC=00000948, REG[15]=00000004
PC=0000094c, REG[15]=00001d30
PC=00000950, REG[12]=00000001
PC=00000954, ---
PC=00000984, REG[14]=00001d7c
PC=00000988, ---
PC=00000944, REG[13]=00000000
PC=00000948, REG[15]=00000000
PC=0000094c, REG[15]=00001d2c
PC=00000950, REG[12]=00000001
PC=00000954, ---
PC=00000984, REG[14]=00000000
PC=00000988, ---
PC=0000098c, REG[13]=00000002
PC=00000990, ---
PC=00000994, REG[15]=00000001
PC=00000998, ---
PC=00000914, REG[14]=00000004
PC=00000918, REG[14]=00001e30
PC=0000091c, REG[14]=00000001
PC=00000920, REG[15]=00000002
PC=00000924, ---
PC=00000928, REG[14]=00000004
PC=0000092c, REG[14]=00001d10
PC=00000930, REG[14]=00001dcc
PC=00000934, ---
PC=00000988, ---
PC=00000944, REG[13]=00000003
PC=00000948, REG[15]=0000000c
PC=0000094c, REG[15]=00001d38
PC=00000950, REG[12]=00000000
PC=00000954, ---
PC=00000958, ---
PC=0000095c, REG[12]=00000002
PC=00000960, REG[11]=00000003
PC=00000964, REG[15]=0000000c
PC=00000968, REG[15]=00001e38
PC=0000096c, ---
PC=00000970, REG[12]=00000002
PC=00000974, ---
PC=0000097c, ---
PC=00000980, ---
PC=00000984, REG[14]=00001dac
PC=00000988, ---
PC=00000944, REG[13]=00000004
PC=00000948, REG[15]=00000010
PC=0000094c, REG[15]=00001d3c
PC=00000950, REG[12]=00000001
PC=00000954, ---
PC=00000984, REG[14]=00001d8c
PC=00000988, ---
PC=00000944, REG[13]=00000002
PC=00000948, REG[15]=00000008
PC=0000094c, REG[15]=00001d34
PC=00000950, REG[12]=00000001
PC=00000954, ---
PC=00000984, REG[14]=00001d5c
PC=00000988, ---
PC=00000944, REG[13]=00000000
PC=00000948, REG[15]=00000000
PC=0000094c, REG[15]=00001d2c
PC=00000950, REG[12]=00000001
PC=00000954, ---
PC=00000984, REG[14]=00000000
PC=00000988, ---
PC=0000098c, REG[13]=00000003
PC=00000990, ---
PC=00000994, REG[15]=00000002
PC=00000998, ---
PC=00000914, REG[14]=00000008
PC=00000918, REG[14]=00001e34
PC=0000091c, REG[14]=00000004
PC=00000920, REG[15]=00000003
PC=00000924, ---
PC=00000928, REG[14]=00000010
PC=0000092c, REG[14]=00001d1c
PC=00000930, REG[14]=00001e1c
PC=00000934, ---
PC=00000988, ---
PC=00000944, REG[13]=00000003
PC=00000948, REG[15]=0000000c
PC=0000094c, REG[15]=00001d38
PC=00000950, REG[12]=00000001
PC=00000954, ---
PC=00000984, REG[14]=00001dfc
PC=00000988, ---
PC=00000944, REG[13]=00000002
PC=00000948, REG[15]=00000008
PC=0000094c, REG[15]=00001d34
PC=00000950, REG[12]=00000001
PC=00000954, ---
PC=00000984, REG[14]=00001dbc
PC=00000988, ---
PC=00000944, REG[13]=00000001
PC=00000948, REG[15]=00000004
PC=0000094c, REG[15]=00001d30
PC=00000950, REG[12]=00000001
PC=00000954, ---
PC=00000984, REG[14]=00000000
PC=00000988, ---
PC=0000098c, REG[13]=00000003
PC=00000990, ---
PC=00000994, REG[15]=00000003
PC=00000998, ---
PC=00000914, REG[14]=0000000c
PC=00000918, REG[14]=00001e38
PC=0000091c, REG[14]=00000003
PC=00000920, REG[15]=00000004
PC=00000924, ---
PC=00000928, REG[14]=0000000c
PC=0000092c, REG[14]=00001d18
PC=00000930, REG[14]=00001e0c
PC=00000934, ---
PC=00000938, ---
PC=0000093c, ---
PC=00000940, ---
PC=00000944, REG[13]=00000004
PC=00000948, REG[15]=00000010
PC=0000094c, REG[15]=00001d3c
PC=00000950, REG[12]=00000001
PC=00000954, ---
PC=00000984, REG[14]=00001ddc
PC=00000988, ---
PC=00000944, REG[13]=00000001
PC=00000948, REG[15]=00000004
PC=0000094c, REG[15]=00001d30
PC=00000950, REG[12]=00000001
PC=00000954, ---
PC=00000984, REG[14]=00000000
PC=00000988, ---
PC=0000098c, REG[13]=ffffffff
PC=00000990, ---
PC=000008ec, REG[ 1]=00001b44
PC=000008f0, REG[ 8]=00010000
PC=000008f4, REG[ 9]=00000000
PC=000008f8, REG[ 2]=0000fff0
PC=000008fc, ---
PC=00001b44, REG[ 1]=00000b44
PC=00001b48, REG[ 1]=00001b4c
PC=00000d3c, REG[15]=00002000
PC=00000d40, REG[15]=00001ca0
PC=00000d44, REG[10]=0000000c
PC=00000d48, REG[11]=00000038
PC=00000d4c, REG[12]=00000002
PC=00000d50, REG[13]=0000000b
PC=00000d54, REG[14]=00000001
PC=00000d58, REG[15]=0000005a
PC=00000d5c, REG[ 2]=0000ffb0
PC=00000d60, ---
PC=00000d64, ---
PC=00000d68, ---
PC=00000d6c, ---
PC=00000d70, ---
PC=00000d74, ---
PC=00000d78, ---
PC=00000d7c, ---
PC=00000d80, ---
PC=00000d84, ---
PC=00000d88, ---
PC=00000d8c, REG[ 9]=0000ffb8
PC=00000d90, REG[19]=0000ffd0
PC=00000d94, REG[10]=00000000
PC=00000d98, REG[18]=0000000c
PC=00000d9c, REG[ 8]=00000000
PC=00000da0, REG[ 1]=fffffda0
PC=00000da4, REG[ 1]=00000da8
PC=00000334, REG[ 2]=0000ff90
PC=00000338, ---
PC=0000033c, REG[18]=00002000
PC=00000340, REG[13]=00001ce8
PC=00000344, ---
PC=00000348, ---
PC=0000034c, ---
PC=00000350, ---
PC=00000354, ---
PC=00000358, ---
PC=0000035c, ---
PC=00000360, REG[10]=00001ce8
PC=00000364, REG[15]=00000007
PC=00000368, REG[14]=00000000
PC=0000036c, ---
PC=00000370, REG[ 9]=00002000
PC=00000374, REG[20]=0000000f
PC=00000378, REG[19]=00002000
PC=0000037c, REG[21]=00000008
PC=00000380, REG[ 8]=00000007
PC=00000384, ---
PC=00000394, REG[15]=00001ce8
PC=00000398, ---
PC=0000039c, REG[15]=00003e1c
PC=000003a0, REG[14]=00003e0c
PC=000003a4, ---
PC=000003a8, REG[10]=00001ed4
PC=000003ac, ---
PC=000003b0, REG[15]=00001ee4
PC=000003b4, ---
PC=000003b8, REG[10]=00001edc
PC=000003bc, ---
PC=000003c0, REG[ 1]=000003c0
PC=000003c4, REG[ 1]=000003c8
PC=0000013c, REG[15]=00002000
PC=00000140, REG[15]=00001cf0
PC=00000144, ---
PC=00000148, REG[15]=00006000
PC=0000014c, REG[15]=00005cf0
PC=00000150, ---
PC=00000154, REG[16]=00002000
PC=00000158, REG[15]=00001ce8
PC=0000015c, REG[13]=00001ed4
PC=00000160, REG[14]=00001ce8
PC=00000164, ---
PC=00000168, ---
PC=0000016c, ---
PC=00000184, REG[11]=00000008
PC=00000188, REG[12]=00000040
PC=0000018c, REG[12]=00001f14
PC=00000190, ---
PC=00000194, REG[17]=00000000
PC=00000198, ---
PC=0000019c, REG[12]=00000000
PC=000001a0, REG[12]=00001ce8
PC=000001a4, ---
PC=000001a8, ---
PC=000001ac, ---
PC=000001b0, ---
PC=000003c8, REG[15]=00001ce8
PC=000003cc, ---
PC=000003d0, REG[10]=00001ed4
PC=000003d4, REG[13]=00001ce8
PC=000003d8, REG[14]=00000008
PC=000003dc, ---
PC=000003e0, REG[13]=00000008
PC=000003e4, ---
PC=00000450, REG[14]=00001ce8
PC=00000454, ---
PC=00000458, ---
PC=000003fc, ---
PC=00000400, REG[10]=00001edc
PC=00000404, REG[ 1]=00000da8
PC=00000408, REG[ 8]=00000000
PC=0000040c, REG[ 9]=0000ffb8
PC=00000410, REG[18]=0000000c
PC=00000414, REG[19]=0000ffd0
PC=00000418, REG[20]=00000000
PC=0000041c, REG[21]=00000000
PC=00000420, REG[ 2]=0000ffb0
PC=00000424, ---
PC=00000da8, ---
PC=00000dac, ---
PC=00000db0, REG[ 9]=0000ffbc
PC=00000db4, ---
PC=00000d98, REG[18]=00000038
PC=00000d9c, REG[ 8]=00001edc
PC=00000da0, REG[ 1]=fffffda0
PC=00000da4, REG[ 1]=00000da8
PC=00000334, REG[ 2]=0000ff90
PC=00000338, ---
PC=0000033c, REG[18]=00002000
PC=00000340, REG[13]=00001ce8
PC=00000344, ---
PC=00000348, ---
PC=0000034c, ---
PC=00000350, ---
PC=00000354, ---
PC=00000358, ---
PC=0000035c, ---
PC=00000360, REG[10]=00001ce8
PC=00000364, REG[15]=00000007
PC=00000368, REG[14]=00000000
PC=0000036c, ---
PC=00000370, REG[ 9]=00002000
PC=00000374, REG[20]=0000000f
PC=00000378, REG[19]=00002000
PC=0000037c, REG[21]=00000008
PC=00000380, REG[ 8]=00000007
PC=00000384, ---
PC=00000394, REG[15]=00001ce8
PC=00000398, ---
PC=0000039c, REG[15]=00003e0c
PC=000003a0, REG[14]=00003dfc
PC=000003a4, ---
PC=000003a8, REG[10]=00001ee4
PC=000003ac, ---
PC=000003b0, REG[15]=00001ef4
PC=000003b4, ---
PC=000003b8, REG[10]=00001eec
PC=000003bc, ---
PC=000003c0, REG[ 1]=000003c0
PC=000003c4, REG[ 1]=000003c8
PC=0000013c, REG[15]=00002000
PC=00000140, REG[15]=00001cf0
PC=00000144, ---
PC=00000148, REG[15]=00006000
PC=0000014c, REG[15]=00005cf0
PC=00000150, ---
PC=00000154, REG[16]=00002000
PC=00000158, REG[15]=00001ce8
PC=0000015c, REG[13]=00001ee4
PC=00000160, REG[14]=00001ce8
PC=00000164, ---
PC=00000168, ---
PC=0000016c, ---
PC=00000184, REG[11]=00000008
PC=00000188, REG[12]=00000040
PC=0000018c, REG[12]=00001f24
PC=00000190, ---
PC=00000194, REG[17]=00000000
PC=00000198, ---
PC=0000019c, REG[12]=00000000
PC=000001a0, REG[12]=00001ce8
PC=000001a4, ---
PC=000001a8, ---
PC=000001ac, ---
PC=000001b0, ---
PC=000003c8, REG[15]=00001ce8
PC=000003cc, ---
PC=000003d0, REG[10]=00001ee4
PC=000003d4, REG[13]=00001ce8
PC=000003d8, REG[14]=00000008
PC=000003dc, ---
PC=000003e0, REG[13]=00000008
PC=000003e4, ---
PC=00000450, REG[14]=00001ce8
PC=00000454, ---
PC=00000458, ---
PC=000003fc, ---
PC=00000400, REG[10]=00001eec
PC=00000404, REG[ 1]=00000da8
PC=00000408, REG[ 8]=00001edc
PC=0000040c, REG[ 9]=0000ffbc
PC=00000410, REG[18]=00000038
PC=00000414, REG[19]=0000ffd0
PC=00000418, REG[20]=00000000
PC=0000041c, REG[21]=00000000
PC=00000420, REG[ 2]=0000ffb0
PC=00000424, ---
PC=00000da8, ---
PC=00000dac, ---
PC=00000db0, REG[ 9]=0000ffc0
PC=00000db4, ---
PC=00000d98, REG[18]=00000002
PC=00000d9c, REG[ 8]=00001eec
PC=00000da0, REG[ 1]=fffffda0
PC=00000da4, REG[ 1]=00000da8
PC=00000334, REG[ 2]=0000ff90
PC=00000338, ---
PC=0000033c, REG[18]=00002000
PC=00000340, REG[13]=00001ce8
PC=00000344, ---
PC=00000348, ---
PC=0000034c, ---
PC=00000350, ---
PC=00000354, ---
PC=00000358, ---
PC=0000035c, ---
PC=00000360, REG[10]=00001ce8
PC=00000364, REG[15]=00000007
PC=00000368, REG[14]=00000000
PC=0000036c, ---
PC=00000370, REG[ 9]=00002000
PC=00000374, REG[20]=0000000f
PC=00000378, REG[19]=00002000
PC=0000037c, REG[21]=00000008
PC=00000380, REG[ 8]=00000007
PC=00000384, ---
PC=00000394, REG[15]=00001ce8
PC=00000398, ---
PC=0000039c, REG[15]=00003dfc
PC=000003a0, REG[14]=00003dec
PC=000003a4, ---
PC=000003a8, REG[10]=00001ef4
PC=000003ac, ---
PC=000003b0, REG[15]=00001f04
PC=000003b4, ---
PC=000003b8, REG[10]=00001efc
PC=000003bc, ---
PC=000003c0, REG[ 1]=000003c0
PC=000003c4, REG[ 1]=000003c8
PC=0000013c, REG[15]=00002000
PC=00000140, REG[15]=00001cf0
PC=00000144, ---
PC=00000148, REG[15]=00006000
PC=0000014c, REG[15]=00005cf0
PC=00000150, ---
PC=00000154, REG[16]=00002000
PC=00000158, REG[15]=00001ce8
PC=0000015c, REG[13]=00001ef4
PC=00000160, REG[14]=00001ce8
PC=00000164, ---
PC=00000168, ---
PC=0000016c, ---
PC=00000184, REG[11]=00000008
PC=00000188, REG[12]=00000040
PC=0000018c, REG[12]=00001f34
PC=00000190, ---
PC=00000194, REG[17]=00000000
PC=00000198, ---
PC=0000019c, REG[12]=00000000
PC=000001a0, REG[12]=00001ce8
PC=000001a4, ---
PC=000001a8, ---
PC=000001ac, ---
PC=000001b0, ---
PC=000003c8, REG[15]=00001ce8
PC=000003cc, ---
PC=000003d0, REG[10]=00001ef4
PC=000003d4, REG[13]=00001ce8
PC=000003d8, REG[14]=00000008
PC=000003dc, ---
PC=000003e0, REG[13]=00000008
PC=000003e4, ---
PC=00000450, REG[14]=00001ce8
PC=00000454, ---
PC=00000458, ---
PC=000003fc, ---
PC=00000400, REG[10]=00001efc
PC=00000404, REG[ 1]=00000da8
PC=00000408, REG[ 8]=00001eec
PC=0000040c, REG[ 9]=0000ffc0
PC=00000410, REG[18]=00000002
PC=00000414, REG[19]=0000ffd0
PC=00000418, REG[20]=00000000
PC=0000041c, REG[21]=00000000
PC=00000420, REG[ 2]=0000ffb0
PC=00000424, ---
PC=00000da8, ---
PC=00000dac, ---
PC=00000db0, REG[ 9]=0000ffc4
PC=00000db4, ---
PC=00000d98, REG[18]=0000000b
PC=00000d9c, REG[ 8]=00001efc
PC=00000da0, REG[ 1]=fffffda0
PC=00000da4, REG[ 1]=00000da8
PC=00000334, REG[ 2]=0000ff90
PC=00000338, ---
PC=0000033c, REG[18]=00002000
PC=00000340, REG[13]=00001ce8
PC=00000344, ---
PC=00000348, ---
PC=0000034c, ---
PC=00000350, ---
PC=00000354, ---
PC=00000358, ---
PC=0000035c, ---
PC=00000360, REG[10]=00001ce8
PC=00000364, REG[15]=00000007
PC=00000368, REG[14]=00000000
PC=0000036c, ---
PC=00000370, REG[ 9]=00002000
PC=00000374, REG[20]=0000000f
PC=00000378, REG[19]=00002000
PC=0000037c, REG[21]=00000008
PC=00000380, REG[ 8]=00000007
PC=00000384, ---
PC=00000394, REG[15]=00001ce8
PC=00000398, ---
PC=0000039c, REG[15]=00003dec
PC=000003a0, REG[14]=00003ddc
PC=000003a4, ---
PC=000003a8, REG[10]=00001f04
PC=000003ac, ---
PC=000003b0, REG[15]=00001f14
PC=000003b4, ---
PC=000003b8, REG[10]=00001f0c
PC=000003bc, ---
PC=000003c0, REG[ 1]=000003c0
PC=000003c4, REG[ 1]=000003c8
PC=0000013c, REG[15]=00002000
PC=00000140, REG[15]=00001cf0
PC=00000144, ---
PC=00000148, REG[15]=00006000
PC=0000014c, REG[15]=00005cf0
PC=00000150, ---
PC=00000154, REG[16]=00002000
PC=00000158, REG[15]=00001ce8
PC=0000015c, REG[13]=00001f04
PC=00000160, REG[14]=00001ce8
PC=00000164, ---
PC=00000168, ---
PC=0000016c, ---
PC=00000184, REG[11]=00000008
PC=00000188, REG[12]=00000040
PC=0000018c, REG[12]=00001f44
PC=00000190, ---
PC=00000194, REG[17]=00000000
PC=00000198, ---
PC=0000019c, REG[12]=00000000
PC=000001a0, REG[12]=00001ce8
PC=000001a4, ---
PC=000001a8, ---
PC=000001ac, ---
PC=000001b0, ---
PC=000003c8, REG[15]=00001ce8
PC=000003cc, ---
PC=000003d0, REG[10]=00001f04
PC=000003d4, REG[13]=00001ce8
PC=000003d8, REG[14]=00000008
PC=000003dc, ---
PC=000003e0, REG[13]=00000008
PC=000003e4, ---
PC=00000450, REG[14]=00001ce8
PC=00000454, ---
PC=00000458, ---
PC=000003fc, ---
PC=00000400, REG[10]=00001f0c
PC=00000404, REG[ 1]=00000da8
PC=00000408, REG[ 8]=00001efc
PC=0000040c, REG[ 9]=0000ffc4
PC=00000410, REG[18]=0000000b
PC=00000414, REG[19]=0000ffd0
PC=00000418, REG[20]=00000000
PC=0000041c, REG[21]=00000000
PC=00000420, REG[ 2]=0000ffb0
PC=00000424, ---
PC=00000da8, ---
PC=00000dac, ---
PC=00000db0, REG[ 9]=0000ffc8
PC=00000db4, ---
PC=00000d98, REG[18]=00000001
PC=00000d9c, REG[ 8]=00001f0c
PC=00000da0, REG[ 1]=fffffda0
PC=00000da4, REG[ 1]=00000da8
PC=00000334, REG[ 2]=0000ff90
PC=00000338, ---
PC=0000033c, REG[18]=00002000
PC=00000340, REG[13]=00001ce8
PC=00000344, ---
PC=00000348, ---
PC=0000034c, ---
PC=00000350, ---
PC=00000354, ---
PC=00000358, ---
PC=0000035c, ---
PC=00000360, REG[10]=00001ce8
PC=00000364, REG[15]=00000007
PC=00000368, REG[14]=00000000
PC=0000036c, ---
PC=00000370, REG[ 9]=00002000
PC=00000374, REG[20]=0000000f
PC=00000378, REG[19]=00002000
PC=0000037c, REG[21]=00000008
PC=00000380, REG[ 8]=00000007
PC=00000384, ---
PC=00000394, REG[15]=00001ce8
PC=00000398, ---
PC=0000039c, REG[15]=00003ddc
PC=000003a0, REG[14]=00003dcc
PC=000003a4, ---
PC=000003a8, REG[10]=00001f14
PC=000003ac, ---
PC=000003b0, REG[15]=00001f24
PC=000003b4, ---
PC=000003b8, REG[10]=00001f1c
PC=000003bc, ---
PC=000003c0, REG[ 1]=000003c0
PC=000003c4, REG[ 1]=000003c8
PC=0000013c, REG[15]=00002000
PC=00000140, REG[15]=00001cf0
PC=00000144, ---
PC=00000148, REG[15]=00006000
PC=0000014c, REG[15]=00005cf0
PC=00000150, ---
PC=00000154, REG[16]=00002000
PC=00000158, REG[15]=00001ce8
PC=0000015c, REG[13]=00001f14
PC=00000160, REG[14]=00001ce8
PC=00000164, ---
PC=00000168, ---
PC=0000016c, ---
PC=00000184, REG[11]=00000008
PC=00000188, REG[12]=00000040
PC=0000018c, REG[12]=00001f54
PC=00000190, ---
PC=00000194, REG[17]=00000000
PC=00000198, ---
PC=0000019c, REG[12]=00000000
PC=000001a0, REG[12]=00001ce8
PC=000001a4, ---
PC=000001a8, ---
PC=000001ac, ---
PC=000001b0, ---
PC=000003c8, REG[15]=00001ce8
PC=000003cc, ---
PC=000003d0, REG[10]=00001f14
PC=000003d4, REG[13]=00001ce8
PC=000003d8, REG[14]=00000008
PC=000003dc, ---
PC=000003e0, REG[13]=00000008
PC=000003e4, ---
PC=00000450, REG[14]=00001ce8
PC=00000454, ---
PC=00000458, ---
PC=000003fc, ---
PC=00000400, REG[10]=00001f1c
PC=00000404, REG[ 1]=00000da8
PC=00000408, REG[ 8]=00001f0c
PC=0000040c, REG[ 9]=0000ffc8
PC=00000410, REG[18]=00000001
PC=00000414, REG[19]=0000ffd0
PC=00000418, REG[20]=00000000
PC=0000041c, REG[21]=00000000
PC=00000420, REG[ 2]=0000ffb0
PC=00000424, ---
PC=00000da8, ---
PC=00000dac, ---
PC=00000db0, REG[ 9]=0000ffcc
PC=00000db4, ---
PC=00000d98, REG[18]=0000005a
PC=00000d9c, REG[ 8]=00001f1c
PC=00000da0, REG[ 1]=fffffda0
PC=00000da4, REG[ 1]=00000da8
PC=00000334, REG[ 2]=0000ff90
PC=00000338, ---
PC=0000033c, REG[18]=00002000
PC=00000340, REG[13]=00001ce8
PC=00000344, ---
PC=00000348, ---
PC=0000034c, ---
PC=00000350, ---
PC=00000354, ---
PC=00000358, ---
PC=0000035c, ---
PC=00000360, REG[10]=00001ce8
PC=00000364, REG[15]=00000007
PC=00000368, REG[14]=00000000
PC=0000036c, ---
PC=00000370, REG[ 9]=00002000
PC=00000374, REG[20]=0000000f
PC=00000378, REG[19]=00002000
PC=0000037c, REG[21]=00000008
PC=00000380, REG[ 8]=00000007
PC=00000384, ---
PC=00000394, REG[15]=00001ce8
PC=00000398, ---
PC=0000039c, REG[15]=00003dcc
PC=000003a0, REG[14]=00003dbc
PC=000003a4, ---
PC=000003a8, REG[10]=00001f24
PC=000003ac, ---
PC=000003b0, REG[15]=00001f34
PC=000003b4, ---
PC=000003b8, REG[10]=00001f2c
PC=000003bc, ---
PC=000003c0, REG[ 1]=000003c0
PC=000003c4, REG[ 1]=000003c8
PC=0000013c, REG[15]=00002000
PC=00000140, REG[15]=00001cf0
PC=00000144, ---
PC=00000148, REG[15]=00006000
PC=0000014c, REG[15]=00005cf0
PC=00000150, ---
PC=00000154, REG[16]=00002000
PC=00000158, REG[15]=00001ce8
PC=0000015c, REG[13]=00001f24
PC=00000160, REG[14]=00001ce8
PC=00000164, ---
PC=00000168, ---
PC=0000016c, ---
PC=00000184, REG[11]=00000008
PC=00000188, REG[12]=00000040
PC=0000018c, REG[12]=00001f64
PC=00000190, ---
PC=00000194, REG[17]=00000000
PC=00000198, ---
PC=0000019c, REG[12]=00000000
PC=000001a0, REG[12]=00001ce8
PC=000001a4, ---
PC=000001a8, ---
PC=000001ac, ---
PC=000001b0, ---
PC=000003c8, REG[15]=00001ce8
PC=000003cc, ---
PC=000003d0, REG[10]=00001f24
PC=000003d4, REG[13]=00001ce8
PC=000003d8, REG[14]=00000008
PC=000003dc, ---
PC=000003e0, REG[13]=00000008
PC=000003e4, ---
PC=00000450, REG[14]=00001ce8
PC=00000454, ---
PC=00000458, ---
PC=000003fc, ---
PC=00000400, REG[10]=00001f2c
PC=00000404, REG[ 1]=00000da8
PC=00000408, REG[ 8]=00001f1c
PC=0000040c, REG[ 9]=0000ffcc
PC=00000410, REG[18]=0000005a
PC=00000414, REG[19]=0000ffd0
PC=00000418, REG[20]=00000000
PC=0000041c, REG[21]=00000000
PC=00000420, REG[ 2]=0000ffb0
PC=00000424, ---
PC=00000da8, ---
PC=00000dac, ---
PC=00000db0, REG[ 9]=0000ffd0
PC=00000db4, ---
PC=00000db8, REG[13]=00000000
PC=00000dbc, ---
PC=00000dc0, REG[11]=0000005a
PC=00000dc4, REG[15]=00001f1c
PC=00000dc8, REG[16]=00001f2c
PC=00000dcc, REG[17]=00000000
PC=00000dd0, ---
PC=00000dec, REG[12]=00000001
PC=00000df0, REG[14]=00001f0c
PC=00000df4, ---
PC=00000dd4, ---
PC=00000dd8, ---
PC=00000ddc, ---
PC=00000de0, REG[17]=00000001
PC=00000de4, REG[16]=00001f1c
PC=00000de8, REG[15]=00001f0c
PC=00000dec, REG[12]=0000000b
PC=00000df0, REG[14]=00001efc
PC=00000df4, ---
PC=00000dd4, ---
PC=00000dd8, ---
PC=00000ddc, ---
PC=00000de0, REG[17]=00000001
PC=00000de4, REG[16]=00001f0c
PC=00000de8, REG[15]=00001efc
PC=00000dec, REG[12]=00000002
PC=00000df0, REG[14]=00001eec
PC=00000df4, ---
PC=00000dd4, ---
PC=00000dd8, ---
PC=00000ddc, ---
PC=00000de0, REG[17]=00000001
PC=00000de4, REG[16]=00001efc
PC=00000de8, REG[15]=00001eec
PC=00000dec, REG[12]=00000038
PC=00000df0, REG[14]=00001edc
PC=00000df4, ---
PC=00000dd4, ---
PC=00000dd8, ---
PC=00000ddc, ---
PC=00000de0, REG[17]=00000001
PC=00000de4, REG[16]=00001eec
PC=00000de8, REG[15]=00001edc
PC=00000dec, REG[12]=0000000c
PC=00000df0, REG[14]=00000000
PC=00000df4, ---
PC=00000dd4, ---
PC=00000dd8, ---
PC=00000ddc, ---
PC=00000e04, REG[13]=00001edc
PC=00000e08, ---
PC=00000dc0, REG[11]=00000001
PC=00000dc4, REG[15]=00001f1c
PC=00000dc8, REG[16]=00001f2c
PC=00000dcc, REG[17]=00000000
PC=00000dd0, ---
PC=00000dec, REG[12]=0000000b
PC=00000df0, REG[14]=00001f0c
PC=00000df4, ---
PC=00000df8, REG[11]=0000000b
PC=00000dfc, ---
PC=00000de4, REG[16]=00001f1c
PC=00000de8, REG[15]=00001f0c
PC=00000dec, REG[12]=00000002
PC=00000df0, REG[14]=00001efc
PC=00000df4, ---
PC=00000dd4, ---
PC=00000dd8, ---
PC=00000ddc, ---
PC=00000de0, REG[17]=00000001
PC=00000de4, REG[16]=00001f0c
PC=00000de8, REG[15]=00001efc
PC=00000dec, REG[12]=00000038
PC=00000df0, REG[14]=00001eec
PC=00000df4, ---
PC=00000df8, REG[11]=00000038
PC=00000dfc, ---
PC=00000de4, REG[16]=00001efc
PC=00000de8, REG[15]=00001eec
PC=00000dec, REG[12]=0000000c
PC=00000df0, REG[14]=00001edc
PC=00000df4, ---
PC=00000dd4, ---
PC=00000dd8, ---
PC=00000ddc, ---
PC=00000e04, REG[13]=00001eec
PC=00000e08, ---
PC=00000dc0, REG[11]=00000001
PC=00000dc4, REG[15]=00001f1c
PC=00000dc8, REG[16]=00001f2c
PC=00000dcc, REG[17]=00000000
PC=00000dd0, ---
PC=00000dec, REG[12]=00000002
PC=00000df0, REG[14]=00001f0c
PC=00000df4, ---
PC=00000df8, REG[11]=00000002
PC=00000dfc, ---
PC=00000de4, REG[16]=00001f1c
PC=00000de8, REG[15]=00001f0c
PC=00000dec, REG[12]=0000000b
PC=00000df0, REG[14]=00001efc
PC=00000df4, ---
PC=00000df8, REG[11]=0000000b
PC=00000dfc, ---
PC=00000de4, REG[16]=00001f0c
PC=00000de8, REG[15]=00001efc
PC=00000dec, REG[12]=0000000c
PC=00000df0, REG[14]=00001eec
PC=00000df4, ---
PC=00000df8, REG[11]=0000000c
PC=00000dfc, ---
PC=00000e00, ---
PC=00000e0c, REG[ 1]=00001b4c
PC=00000e10, REG[ 8]=00010000
PC=00000e14, REG[ 9]=00000000
PC=00000e18, REG[18]=00000000
PC=00000e1c, REG[19]=00000000
PC=00000e20, REG[ 2]=0000fff0
PC=00000e24, ---
PC=00001b4c, REG[ 1]=00000b4c
PC=00001b50, REG[ 1]=00001b54
PC=000012f8, REG[ 2]=0000ffe0
PC=000012fc, ---
PC=00001300, REG[ 8]=00006000
PC=00001304, REG[ 8]=00005cf0
PC=00001308, ---
PC=0000130c, ---
PC=00001310, ---
PC=00001314, REG[ 9]=00002000
PC=00001318, ---
PC=0000131c, ---
PC=00001320, ---
PC=00001324, ---
PC=00001328, ---
PC=0000132c, ---
PC=00001330, ---
PC=00001334, ---
PC=00001338, ---
PC=0000133c, ---
PC=00001340, ---
PC=00001344, ---
PC=00001348, ---
PC=0000134c, ---
PC=00001350, ---
PC=00001354, ---
PC=00001358, ---
PC=0000135c, ---
PC=00001360, ---
PC=00001364, ---
PC=00001368, ---
PC=0000136c, ---
PC=00001370, ---
PC=00001374, ---
PC=00001378, ---
PC=0000137c, REG[ 1]=0000037c
PC=00001380, REG[ 1]=00001384
PC=00000204, REG[ 2]=0000ffc0
PC=00000208, ---
PC=0000020c, REG[18]=00002000
PC=00000210, REG[13]=00001ce8
PC=00000214, ---
PC=00000218, ---
PC=0000021c, ---
PC=00000220, ---
PC=00000224, ---
PC=00000228, ---
PC=0000022c, ---
PC=00000230, REG[10]=00001ce8
PC=00000234, REG[15]=00000003
PC=00000238, REG[14]=00000000
PC=0000023c, ---
PC=00000240, REG[ 9]=00002000
PC=00000244, REG[20]=0000000b
PC=00000248, REG[19]=00002000
PC=0000024c, REG[21]=00000004
PC=00000250, REG[ 8]=00000003
PC=00000254, ---
PC=00000264, REG[15]=00001ce8
PC=00000268, ---
PC=0000026c, REG[15]=00003dbc
PC=00000270, REG[14]=00003db0
PC=00000274, ---
PC=00000278, REG[10]=00001f34
PC=0000027c, ---
PC=00000280, REG[15]=00001f40
PC=00000284, ---
PC=00000288, REG[10]=00001f3c
PC=0000028c, ---
PC=00000290, REG[ 1]=00000290
PC=00000294, REG[ 1]=00000298
PC=0000013c, REG[15]=00002000
PC=00000140, REG[15]=00001cf0
PC=00000144, ---
PC=00000148, REG[15]=00006000
PC=0000014c, REG[15]=00005cf0
PC=00000150, ---
PC=00000154, REG[16]=00002000
PC=00000158, REG[15]=00001ce8
PC=0000015c, REG[13]=00001f34
PC=00000160, REG[14]=00001ce8
PC=00000164, ---
PC=00000168, ---
PC=0000016c, ---
PC=00000184, REG[11]=00000004
PC=00000188, REG[12]=00000020
PC=0000018c, REG[12]=00001f54
PC=00000190, ---
PC=00000194, REG[17]=00000000
PC=00000198, ---
PC=0000019c, REG[12]=00000000
PC=000001a0, REG[12]=00001ce8
PC=000001a4, ---
PC=000001a8, ---
PC=000001ac, ---
PC=000001b0, ---
PC=00000298, REG[15]=00001ce8
PC=0000029c, ---
PC=000002a0, REG[10]=00001f34
PC=000002a4, REG[13]=00001ce8
PC=000002a8, REG[14]=00000004
PC=000002ac, ---
PC=000002b0, REG[13]=00000004
PC=000002b4, ---
PC=00000320, REG[14]=00001ce8
PC=00000324, ---
PC=00000328, ---
PC=000002cc, ---
PC=000002d0, REG[10]=00001f3c
PC=000002d4, REG[ 1]=00001384
PC=000002d8, REG[ 8]=00005cf0
PC=000002dc, REG[ 9]=00002000
PC=000002e0, REG[18]=00000000
PC=000002e4, REG[19]=00000000
PC=000002e8, REG[20]=00000000
PC=000002ec, REG[21]=00000000
PC=000002f0, REG[ 2]=0000ffe0
PC=000002f4, ---
PC=00001384, REG[15]=00000000
PC=00001388, REG[18]=00006000
PC=0000138c, REG[18]=00005d68
PC=00001390, REG[14]=00000000
PC=00001394, REG[14]=00005d68
PC=00001398, ---
PC=0000139c, REG[15]=00000001
PC=000013a0, ---
PC=000013a4, ---
PC=000013a8, REG[ 1]=000003a8
PC=000013ac, REG[ 1]=000013b0
PC=00000204, REG[ 2]=0000ffc0
PC=00000208, ---
PC=0000020c, REG[18]=00002000
PC=00000210, REG[13]=00001ce8
PC=00000214, ---
PC=00000218, ---
PC=0000021c, ---
PC=00000220, ---
PC=00000224, ---
PC=00000228, ---
PC=0000022c, ---
PC=00000230, REG[10]=00001ce8
PC=00000234, REG[15]=00000003
PC=00000238, REG[14]=00000000
PC=0000023c, ---
PC=00000240, REG[ 9]=00002000
PC=00000244, REG[20]=0000000b
PC=00000248, REG[19]=00002000
PC=0000024c, REG[21]=00000004
PC=00000250, REG[ 8]=00000003
PC=00000254, ---
PC=00000264, REG[15]=00001ce8
PC=00000268, ---
PC=0000026c, REG[15]=00003db0
PC=00000270, REG[14]=00003da4
PC=00000274, ---
PC=00000278, REG[10]=00001f40
PC=0000027c, ---
PC=00000280, REG[15]=00001f4c
PC=00000284, ---
PC=00000288, REG[10]=00001f48
PC=0000028c, ---
PC=00000290, REG[ 1]=00000290
PC=00000294, REG[ 1]=00000298
PC=0000013c, REG[15]=00002000
PC=00000140, REG[15]=00001cf0
PC=00000144, ---
PC=00000148, REG[15]=00006000
PC=0000014c, REG[15]=00005cf0
PC=00000150, ---
PC=00000154, REG[16]=00002000
PC=00000158, REG[15]=00001ce8
PC=0000015c, REG[13]=00001f40
PC=00000160, REG[14]=00001ce8
PC=00000164, ---
PC=00000168, ---
PC=0000016c, ---
PC=00000184, REG[11]=00000004
PC=00000188, REG[12]=00000020
PC=0000018c, REG[12]=00001f60
PC=00000190, ---
PC=00000194, REG[17]=00000000
PC=00000198, ---
PC=0000019c, REG[12]=00000000
PC=000001a0, REG[12]=00001ce8
PC=000001a4, ---
PC=000001a8, ---
PC=000001ac, ---
PC=000001b0, ---
PC=00000298, REG[15]=00001ce8
PC=0000029c, ---
PC=000002a0, REG[10]=00001f40
PC=000002a4, REG[13]=00001ce8
PC=000002a8, REG[14]=00000004
PC=000002ac, ---
PC=000002b0, REG[13]=00000004
PC=000002b4, ---
PC=00000320, REG[14]=00001ce8
PC=00000324, ---
PC=00000328, ---
PC=000002cc, ---
PC=000002d0, REG[10]=00001f48
PC=000002d4, REG[ 1]=000013b0
PC=000002d8, REG[ 8]=00005cf0
PC=000002dc, REG[ 9]=00002000
PC=000002e0, REG[18]=00005d68
PC=000002e4, REG[19]=00000000
PC=000002e8, REG[20]=00000000
PC=000002ec, REG[21]=00000000
PC=000002f0, REG[ 2]=0000ffe0
PC=000002f4, ---
PC=000013b0, REG[15]=00000001
PC=000013b4, ---
PC=000013b8, REG[14]=00000004
PC=000013bc, REG[14]=00005d6c
PC=000013c0, REG[15]=00000002
PC=000013c4, ---
PC=000013c8, ---
PC=000013cc, REG[ 1]=000003cc
PC=000013d0, REG[ 1]=000013d4
PC=00000204, REG[ 2]=0000ffc0
PC=00000208, ---
PC=0000020c, REG[18]=00002000
PC=00000210, REG[13]=00001ce8
PC=00000214, ---
PC=00000218, ---
PC=0000021c, ---
PC=00000220, ---
PC=00000224, ---
PC=00000228, ---
PC=0000022c, ---
PC=00000230, REG[10]=00001ce8
PC=00000234, REG[15]=00000003
PC=00000238, REG[14]=00000000
PC=0000023c, ---
PC=00000240, REG[ 9]=00002000
PC=00000244, REG[20]=0000000b
PC=00000248, REG[19]=00002000
PC=0000024c, REG[21]=00000004
PC=00000250, REG[ 8]=00000003
PC=00000254, ---
PC=00000264, REG[15]=00001ce8
PC=00000268, ---
PC=0000026c, REG[15]=00003da4
PC=00000270, REG[14]=00003d98
PC=00000274, ---
PC=00000278, REG[10]=00001f4c
PC=0000027c, ---
PC=00000280, REG[15]=00001f58
PC=00000284, ---
PC=00000288, REG[10]=00001f54
PC=0000028c, ---
PC=00000290, REG[ 1]=00000290
PC=00000294, REG[ 1]=00000298
PC=0000013c, REG[15]=00002000
PC=00000140, REG[15]=00001cf0
PC=00000144, ---
PC=00000148, REG[15]=00006000
PC=0000014c, REG[15]=00005cf0
PC=00000150, ---
PC=00000154, REG[16]=00002000
PC=00000158, REG[15]=00001ce8
PC=0000015c, REG[13]=00001f4c
PC=00000160, REG[14]=00001ce8
PC=00000164, ---
PC=00000168, ---
PC=0000016c, ---
PC=00000184, REG[11]=00000004
PC=00000188, REG[12]=00000020
PC=0000018c, REG[12]=00001f6c
PC=00000190, ---
PC=00000194, REG[17]=00000000
PC=00000198, ---
PC=0000019c, REG[12]=00000000
PC=000001a0, REG[12]=00001ce8
PC=000001a4, ---
PC=000001a8, ---
PC=000001ac, ---
PC=000001b0, ---
PC=00000298, REG[15]=00001ce8
PC=0000029c, ---
PC=000002a0, REG[10]=00001f4c
PC=000002a4, REG[13]=00001ce8
PC=000002a8, REG[14]=00000004
PC=000002ac, ---
PC=000002b0, REG[13]=00000004
PC=000002b4, ---
PC=00000320, REG[14]=00001ce8
PC=00000324, ---
PC=00000328, ---
PC=000002cc, ---
PC=000002d0, REG[10]=00001f54
PC=000002d4, REG[ 1]=000013d4
PC=000002d8, REG[ 8]=00005cf0
PC=000002dc, REG[ 9]=00002000
PC=000002e0, REG[18]=00005d68
PC=000002e4, REG[19]=00000000
PC=000002e8, REG[20]=00000000
PC=000002ec, REG[21]=00000000
PC=000002f0, REG[ 2]=0000ffe0
PC=000002f4, ---
PC=000013d4, REG[15]=00000002
PC=000013d8, ---
PC=000013dc, REG[14]=00000008
PC=000013e0, REG[14]=00005d70
PC=000013e4, REG[15]=00000003
PC=000013e8, ---
PC=000013ec, ---
PC=000013f0, REG[ 1]=000003f0
PC=000013f4, REG[ 1]=000013f8
PC=00000204, REG[ 2]=0000ffc0
PC=00000208, ---
PC=0000020c, REG[18]=00002000
PC=00000210, REG[13]=00001ce8
PC=00000214, ---
PC=00000218, ---
PC=0000021c, ---
PC=00000220, ---
PC=00000224, ---
PC=00000228, ---
PC=0000022c, ---
PC=00000230, REG[10]=00001ce8
PC=00000234, REG[15]=00000003
PC=00000238, REG[14]=00000000
PC=0000023c, ---
PC=00000240, REG[ 9]=00002000
PC=00000244, REG[20]=0000000b
PC=00000248, REG[19]=00002000
PC=0000024c, REG[21]=00000004
PC=00000250, REG[ 8]=00000003
PC=00000254, ---
PC=00000264, REG[15]=00001ce8
PC=00000268, ---
PC=0000026c, REG[15]=00003d98
PC=00000270, REG[14]=00003d8c
PC=00000274, ---
PC=00000278, REG[10]=00001f58
PC=0000027c, ---
PC=00000280, REG[15]=00001f64
PC=00000284, ---
PC=00000288, REG[10]=00001f60
PC=0000028c, ---
PC=00000290, REG[ 1]=00000290
PC=00000294, REG[ 1]=00000298
PC=0000013c, REG[15]=00002000
PC=00000140, REG[15]=00001cf0
PC=00000144, ---
PC=00000148, REG[15]=00006000
PC=0000014c, REG[15]=00005cf0
PC=00000150, ---
PC=00000154, REG[16]=00002000
PC=00000158, REG[15]=00001ce8
PC=0000015c, REG[13]=00001f58
PC=00000160, REG[14]=00001ce8
PC=00000164, ---
PC=00000168, ---
PC=0000016c, ---
PC=00000184, REG[11]=00000004
PC=00000188, REG[12]=00000020
PC=0000018c, REG[12]=00001f78
PC=00000190, ---
PC=00000194, REG[17]=00000000
PC=00000198, ---
PC=0000019c, REG[12]=00000000
PC=000001a0, REG[12]=00001ce8
PC=000001a4, ---
PC=000001a8, ---
PC=000001ac, ---
PC=000001b0, ---
PC=00000298, REG[15]=00001ce8
PC=0000029c, ---
PC=000002a0, REG[10]=00001f58
PC=000002a4, REG[13]=00001ce8
PC=000002a8, REG[14]=00000004
PC=000002ac, ---
PC=000002b0, REG[13]=00000004
PC=000002b4, ---
PC=00000320, REG[14]=00001ce8
PC=00000324, ---
PC=00000328, ---
PC=000002cc, ---
PC=000002d0, REG[10]=00001f60
PC=000002d4, REG[ 1]=000013f8
PC=000002d8, REG[ 8]=00005cf0
PC=000002dc, REG[ 9]=00002000
PC=000002e0, REG[18]=00005d68
PC=000002e4, REG[19]=00000000
PC=000002e8, REG[20]=00000000
PC=000002ec, REG[21]=00000000
PC=000002f0, REG[ 2]=0000ffe0
PC=000002f4, ---
PC=000013f8, REG[15]=00000003
PC=000013fc, ---
PC=00001400, REG[14]=0000000c
PC=00001404, REG[14]=00005d74
PC=00001408, REG[15]=00000004
PC=0000140c, ---
PC=00001410, ---
PC=00001414, REG[ 1]=00000414
PC=00001418, REG[ 1]=0000141c
PC=00000204, REG[ 2]=0000ffc0
PC=00000208, ---
PC=0000020c, REG[18]=00002000
PC=00000210, REG[13]=00001ce8
PC=00000214, ---
PC=00000218, ---
PC=0000021c, ---
PC=00000220, ---
PC=00000224, ---
PC=00000228, ---
PC=0000022c, ---
PC=00000230, REG[10]=00001ce8
PC=00000234, REG[15]=00000003
PC=00000238, REG[14]=00000000
PC=0000023c, ---
PC=00000240, REG[ 9]=00002000
PC=00000244, REG[20]=0000000b
PC=00000248, REG[19]=00002000
PC=0000024c, REG[21]=00000004
PC=00000250, REG[ 8]=00000003
PC=00000254, ---
PC=00000264, REG[15]=00001ce8
PC=00000268, ---
PC=0000026c, REG[15]=00003d8c
PC=00000270, REG[14]=00003d80
PC=00000274, ---
PC=00000278, REG[10]=00001f64
PC=0000027c, ---
PC=00000280, REG[15]=00001f70
PC=00000284, ---
PC=00000288, REG[10]=00001f6c
PC=0000028c, ---
PC=00000290, REG[ 1]=00000290
PC=00000294, REG[ 1]=00000298
PC=0000013c, REG[15]=00002000
PC=00000140, REG[15]=00001cf0
PC=00000144, ---
PC=00000148, REG[15]=00006000
PC=0000014c, REG[15]=00005cf0
PC=00000150, ---
PC=00000154, REG[16]=00002000
PC=00000158, REG[15]=00001ce8
PC=0000015c, REG[13]=00001f64
PC=00000160, REG[14]=00001ce8
PC=00000164, ---
PC=00000168, ---
PC=0000016c, ---
PC=00000184, REG[11]=00000004
PC=00000188, REG[12]=00000020
PC=0000018c, REG[12]=00001f84
PC=00000190, ---
PC=00000194, REG[17]=00000000
PC=00000198, ---
PC=0000019c, REG[12]=00000000
PC=000001a0, REG[12]=00001ce8
PC=000001a4, ---
PC=000001a8, ---
PC=000001ac, ---
PC=000001b0, ---
PC=00000298, REG[15]=00001ce8
PC=0000029c, ---
PC=000002a0, REG[10]=00001f64
PC=000002a4, REG[13]=00001ce8
PC=000002a8, REG[14]=00000004
PC=000002ac, ---
PC=000002b0, REG[13]=00000004
PC=000002b4, ---
PC=00000320, REG[14]=00001ce8
PC=00000324, ---
PC=00000328, ---
PC=000002cc, ---
PC=000002d0, REG[10]=00001f6c
PC=000002d4, REG[ 1]=0000141c
PC=000002d8, REG[ 8]=00005cf0
PC=000002dc, REG[ 9]=00002000
PC=000002e0, REG[18]=00005d68
PC=000002e4, REG[19]=00000000
PC=000002e8, REG[20]=00000000
PC=000002ec, REG[21]=00000000
PC=000002f0, REG[ 2]=0000ffe0
PC=000002f4, ---
PC=0000141c, REG[14]=00000004
PC=00001420, REG[15]=00000001
PC=00001424, ---
PC=00001428, REG[13]=00000010
PC=0000142c, REG[18]=00005d78
PC=00001430, ---
PC=00001434, ---
PC=00001438, ---
PC=0000143c, ---
PC=00001440, ---
PC=00001444, ---
PC=00001448, ---
PC=0000144c, ---
PC=00001450, ---
PC=00001454, ---
PC=00001458, ---
PC=0000145c, ---
PC=00001460, REG[14]=00000005
PC=00001464, REG[ 8]=00010000
PC=00001468, REG[ 1]=00001b54
PC=0000146c, ---
PC=00001470, ---
PC=00001474, REG[ 9]=00000000
PC=00001478, REG[18]=00000000
PC=0000147c, REG[ 2]=0000fff0
PC=00001480, REG[ 6]=00001480
PC=00001484, ---
PC=0000106c, REG[ 7]=00002000
PC=00001070, REG[11]=ffffffff
PC=00001074, REG[ 6]=00006000
PC=00001078, REG[ 6]=00005d68
PC=0000107c, REG[ 5]=00001f3c
PC=00001080, REG[11]=00000000
PC=00001084, REG[17]=00006000
PC=00001088, REG[14]=00000001
PC=0000108c, REG[17]=00005d54
PC=00001090, REG[15]=00000000
PC=00001094, ---
PC=00001098, REG[15]=00005d54
PC=0000109c, ---
PC=000010a0, REG[14]=00002000
PC=000010a4, ---
PC=000010a8, REG[15]=ffffffff
PC=000010ac, REG[10]=00000005
PC=000010b0, ---
PC=000010b4, REG[ 2]=0000ffd0
PC=000010b8, ---
PC=000010bc, ---
PC=000010c0, ---
PC=000010c4, ---
PC=000010c8, REG[ 8]=00001f48
PC=000010cc, REG[ 9]=00001f54
PC=000010d0, REG[18]=00001f60
PC=000010d4, REG[19]=00001f6c
PC=000010d8, REG[16]=00006000
PC=000010dc, ---
PC=000010e0, REG[14]=00000000
PC=000010e4, REG[16]=00005cf0
PC=000010e8, REG[13]=00000001
PC=000010ec, REG[29]=00000002
PC=000010f0, REG[30]=00000003
PC=000010f4, REG[31]=00000004
PC=000010f8, REG[28]=ffffffff
PC=000010fc, ---
PC=00001100, REG[15]=00000000
PC=00001104, REG[12]=00000000
PC=00001108, REG[12]=00000000
PC=0000110c, REG[12]=00005cf0
PC=00001110, REG[12]=00000000
PC=00001114, ---
PC=00001118, ---
PC=0000111c, REG[12]=00000000
PC=00001120, REG[12]=00000000
PC=00001124, REG[12]=00005cf0
PC=00001128, REG[12]=00000001
PC=0000112c, ---
PC=00001220, REG[20]=00000000
PC=00001224, ---
PC=00001228, REG[11]=00000001
PC=0000122c, REG[14]=00001f48
PC=00001230, REG[15]=00000004
PC=00001234, ---
PC=00001238, REG[15]=00005d58
PC=0000123c, ---
PC=00001240, ---
PC=000011b4, ---
PC=00001180, REG[15]=00000004
PC=00001184, REG[15]=00005d58
PC=00001188, REG[14]=00000001
PC=0000118c, ---
PC=000010fc, ---
PC=00001100, REG[15]=00000004
PC=00001104, REG[12]=00000005
PC=00001108, REG[12]=00000014
PC=0000110c, REG[12]=00005d04
PC=00001110, REG[12]=00000001
PC=00001114, ---
PC=00001190, REG[12]=00000001
PC=00001194, ---
PC=00001118, ---
PC=0000111c, REG[12]=00000005
PC=00001120, REG[12]=00000014
PC=00001124, REG[12]=00005d04
PC=00001128, REG[12]=00000000
PC=0000112c, ---
PC=00001130, ---
PC=00001134, REG[12]=00000005
PC=00001138, REG[12]=00000014
PC=0000113c, REG[12]=00005d04
PC=00001140, REG[12]=00000000
PC=00001144, ---
PC=00001148, ---
PC=0000114c, REG[12]=00000005
PC=00001150, REG[12]=00000014
PC=00001154, REG[12]=00005d04
PC=00001158, REG[12]=00000000
PC=0000115c, ---
PC=00001160, ---
PC=00001164, REG[15]=00000005
PC=00001168, REG[15]=00000014
PC=0000116c, REG[15]=00005d04
PC=00001170, REG[15]=00000001
PC=00001174, ---
PC=00001294, REG[15]=00000000
PC=00001298, REG[14]=00001f6c
PC=0000129c, REG[12]=00000004
PC=000012a0, ---
PC=000011a0, REG[11]=00000002
PC=000011a4, REG[15]=00000008
PC=000011a8, ---
PC=000011ac, REG[15]=00005d5c
PC=000011b0, ---
PC=000011b4, ---
PC=00001180, REG[15]=00000008
PC=00001184, REG[15]=00005d5c
PC=00001188, REG[14]=00000004
PC=0000118c, ---
PC=000010fc, ---
PC=00001100, REG[15]=00000010
PC=00001104, REG[12]=00000014
PC=00001108, REG[12]=00000050
PC=0000110c, REG[12]=00005d40
PC=00001110, REG[12]=00000000
PC=00001114, ---
PC=00001118, ---
PC=0000111c, REG[12]=00000014
PC=00001120, REG[12]=00000050
PC=00001124, REG[12]=00005d40
PC=00001128, REG[12]=00000001
PC=0000112c, ---
PC=00001220, REG[20]=00000001
PC=00001224, ---
PC=00001130, ---
PC=00001134, REG[12]=00000014
PC=00001138, REG[12]=00000050
PC=0000113c, REG[12]=00005d40
PC=00001140, REG[12]=00000001
PC=00001144, ---
PC=00001244, REG[12]=00000000
PC=00001248, ---
PC=0000124c, REG[11]=00000003
PC=00001250, REG[14]=00001f54
PC=00001254, REG[15]=0000000c
PC=00001258, REG[12]=00000002
PC=0000125c, ---
PC=00001260, REG[15]=00005d60
PC=00001264, ---
PC=00001268, ---
PC=000011b4, ---
PC=00001180, REG[15]=0000000c
PC=00001184, REG[15]=00005d60
PC=00001188, REG[14]=00000002
PC=0000118c, ---
PC=000010fc, ---
PC=00001100, REG[15]=00000008
PC=00001104, REG[12]=0000000a
PC=00001108, REG[12]=00000028
PC=0000110c, REG[12]=00005d18
PC=00001110, REG[12]=00000001
PC=00001114, ---
PC=00001190, REG[12]=00000001
PC=00001194, ---
PC=00001118, ---
PC=0000111c, REG[12]=0000000a
PC=00001120, REG[12]=00000028
PC=00001124, REG[12]=00005d18
PC=00001128, REG[12]=00000000
PC=0000112c, ---
PC=00001130, ---
PC=00001134, REG[12]=0000000a
PC=00001138, REG[12]=00000028
PC=0000113c, REG[12]=00005d18
PC=00001140, REG[12]=00000000
PC=00001144, ---
PC=00001148, ---
PC=0000114c, REG[12]=0000000a
PC=00001150, REG[12]=00000028
PC=00001154, REG[12]=00005d18
PC=00001158, REG[12]=00000000
PC=0000115c, ---
PC=00001160, ---
PC=00001164, REG[15]=0000000a
PC=00001168, REG[15]=00000028
PC=0000116c, REG[15]=00005d18
PC=00001170, REG[15]=00000001
PC=00001174, ---
PC=00001294, REG[15]=00000001
PC=00001298, REG[14]=00001f6c
PC=0000129c, REG[12]=00000004
PC=000012a0, ---
PC=000012a4, REG[11]=00000002
PC=000012a8, ---
PC=0000117c, ---
PC=00001180, REG[15]=00000008
PC=00001184, REG[15]=00005d5c
PC=00001188, REG[14]=00000004
PC=0000118c, ---
PC=000010fc, ---
PC=00001100, REG[15]=00000010
PC=00001104, REG[12]=00000014
PC=00001108, REG[12]=00000050
PC=0000110c, REG[12]=00005d40
PC=00001110, REG[12]=00000000
PC=00001114, ---
PC=00001118, ---
PC=0000111c, REG[12]=00000014
PC=00001120, REG[12]=00000050
PC=00001124, REG[12]=00005d40
PC=00001128, REG[12]=00000001
PC=0000112c, ---
PC=00001220, REG[20]=00000001
PC=00001224, ---
PC=00001130, ---
PC=00001134, REG[12]=00000014
PC=00001138, REG[12]=00000050
PC=0000113c, REG[12]=00005d40
PC=00001140, REG[12]=00000001
PC=00001144, ---
PC=00001244, REG[12]=00000001
PC=00001248, ---
PC=00001148, ---
PC=0000114c, REG[12]=00000014
PC=00001150, REG[12]=00000050
PC=00001154, REG[12]=00005d40
PC=00001158, REG[12]=00000001
PC=0000115c, ---
PC=0000126c, REG[12]=00000000
PC=00001270, ---
PC=00001274, REG[11]=00000003
PC=00001278, REG[14]=00001f60
PC=0000127c, REG[15]=0000000c
PC=00001280, REG[12]=00000003
PC=00001284, ---
PC=00001288, REG[15]=00005d60
PC=0000128c, ---
PC=00001290, ---
PC=000011b4, ---
PC=00001180, REG[15]=0000000c
PC=00001184, REG[15]=00005d60
PC=00001188, REG[14]=00000003
PC=0000118c, ---
PC=000010fc, ---
PC=00001100, REG[15]=0000000c
PC=00001104, REG[12]=0000000f
PC=00001108, REG[12]=0000003c
PC=0000110c, REG[12]=00005d2c
PC=00001110, REG[12]=00000001
PC=00001114, ---
PC=00001190, REG[12]=00000001
PC=00001194, ---
PC=00001118, ---
PC=0000111c, REG[12]=0000000f
PC=00001120, REG[12]=0000003c
PC=00001124, REG[12]=00005d2c
PC=00001128, REG[12]=00000000
PC=0000112c, ---
PC=00001130, ---
PC=00001134, REG[12]=0000000f
PC=00001138, REG[12]=0000003c
PC=0000113c, REG[12]=00005d2c
PC=00001140, REG[12]=00000000
PC=00001144, ---
PC=00001148, ---
PC=0000114c, REG[12]=0000000f
PC=00001150, REG[12]=0000003c
PC=00001154, REG[12]=00005d2c
PC=00001158, REG[12]=00000000
PC=0000115c, ---
PC=00001160, ---
PC=00001164, REG[15]=0000000f
PC=00001168, REG[15]=0000003c
PC=0000116c, REG[15]=00005d2c
PC=00001170, REG[15]=00000001
PC=00001174, ---
PC=00001294, REG[15]=00000001
PC=00001298, REG[14]=00001f6c
PC=0000129c, REG[12]=00000004
PC=000012a0, ---
PC=000012a4, REG[11]=00000002
PC=000012a8, ---
PC=0000117c, ---
PC=00001180, REG[15]=00000008
PC=00001184, REG[15]=00005d5c
PC=00001188, REG[14]=00000004
PC=0000118c, ---
PC=000010fc, ---
PC=00001100, REG[15]=00000010
PC=00001104, REG[12]=00000014
PC=00001108, REG[12]=00000050
PC=0000110c, REG[12]=00005d40
PC=00001110, REG[12]=00000000
PC=00001114, ---
PC=00001118, ---
PC=0000111c, REG[12]=00000014
PC=00001120, REG[12]=00000050
PC=00001124, REG[12]=00005d40
PC=00001128, REG[12]=00000001
PC=0000112c, ---
PC=00001220, REG[20]=00000001
PC=00001224, ---
PC=00001130, ---
PC=00001134, REG[12]=00000014
PC=00001138, REG[12]=00000050
PC=0000113c, REG[12]=00005d40
PC=00001140, REG[12]=00000001
PC=00001144, ---
PC=00001244, REG[12]=00000001
PC=00001248, ---
PC=00001148, ---
PC=0000114c, REG[12]=00000014
PC=00001150, REG[12]=00000050
PC=00001154, REG[12]=00005d40
PC=00001158, REG[12]=00000001
PC=0000115c, ---
PC=0000126c, REG[12]=00000001
PC=00001270, ---
PC=00001160, ---
PC=00001164, REG[15]=00000014
PC=00001168, REG[15]=00000050
PC=0000116c, REG[15]=00005d40
PC=00001170, REG[15]=00000000
PC=00001174, ---
PC=00001178, REG[11]=00000001
PC=0000117c, ---
PC=00001180, REG[15]=00000004
PC=00001184, REG[15]=00005d58
PC=00001188, REG[14]=00000001
PC=0000118c, ---
PC=000010fc, ---
PC=00001100, REG[15]=00000004
PC=00001104, REG[12]=00000005
PC=00001108, REG[12]=00000014
PC=0000110c, REG[12]=00005d04
PC=00001110, REG[12]=00000001
PC=00001114, ---
PC=00001190, REG[12]=00000001
PC=00001194, ---
PC=00001118, ---
PC=0000111c, REG[12]=00000005
PC=00001120, REG[12]=00000014
PC=00001124, REG[12]=00005d04
PC=00001128, REG[12]=00000000
PC=0000112c, ---
PC=00001130, ---
PC=00001134, REG[12]=00000005
PC=00001138, REG[12]=00000014
PC=0000113c, REG[12]=00005d04
PC=00001140, REG[12]=00000000
PC=00001144, ---
PC=00001148, ---
PC=0000114c, REG[12]=00000005
PC=00001150, REG[12]=00000014
PC=00001154, REG[12]=00005d04
PC=00001158, REG[12]=00000000
PC=0000115c, ---
PC=00001160, ---
PC=00001164, REG[15]=00000005
PC=00001168, REG[15]=00000014
PC=0000116c, REG[15]=00005d04
PC=00001170, REG[15]=00000001
PC=00001174, ---
PC=00001294, REG[15]=00000001
PC=00001298, REG[14]=00001f6c
PC=0000129c, REG[12]=00000004
PC=000012a0, ---
PC=000012a4, REG[11]=00000000
PC=000012a8, ---
PC=0000117c, ---
PC=00001180, REG[15]=00000000
PC=00001184, REG[15]=00005d54
PC=00001188, REG[14]=00000000
PC=0000118c, ---
PC=000010fc, ---
PC=00001100, REG[15]=00000000
PC=00001104, REG[12]=00000000
PC=00001108, REG[12]=00000000
PC=0000110c, REG[12]=00005cf0
PC=00001110, REG[12]=00000000
PC=00001114, ---
PC=00001118, ---
PC=0000111c, REG[12]=00000000
PC=00001120, REG[12]=00000000
PC=00001124, REG[12]=00005cf0
PC=00001128, REG[12]=00000001
PC=0000112c, ---
PC=00001220, REG[20]=00000001
PC=00001224, ---
PC=00001130, ---
PC=00001134, REG[12]=00000000
PC=00001138, REG[12]=00000000
PC=0000113c, REG[12]=00005cf0
PC=00001140, REG[12]=00000001
PC=00001144, ---
PC=00001244, REG[12]=00000001
PC=00001248, ---
PC=00001148, ---
PC=0000114c, REG[12]=00000000
PC=00001150, REG[12]=00000000
PC=00001154, REG[12]=00005cf0
PC=00001158, REG[12]=00000001
PC=0000115c, ---
PC=0000126c, REG[12]=00000001
PC=00001270, ---
PC=00001160, ---
PC=00001164, REG[15]=00000000
PC=00001168, REG[15]=00000000
PC=0000116c, REG[15]=00005cf0
PC=00001170, REG[15]=00000000
PC=00001174, ---
PC=00001178, REG[11]=ffffffff
PC=0000117c, ---
PC=000011b8, ---
PC=000011bc, ---
PC=000011c0, ---
PC=000011c4, REG[15]=00000001
PC=000011c8, ---
PC=000011cc, REG[14]=00001f48
PC=000011d0, REG[15]=00000002
PC=000011d4, ---
PC=000011d8, ---
PC=000011dc, REG[14]=00001f54
PC=000011e0, REG[15]=00000003
PC=000011e4, ---
PC=000011e8, ---
PC=000011ec, REG[14]=00001f60
PC=000011f0, REG[15]=00000004
PC=000011f4, ---
PC=000011f8, ---
PC=000011fc, REG[15]=00001f6c
PC=00001200, ---
PC=00001204, REG[ 8]=00010000
PC=00001208, REG[ 9]=00000000
PC=0000120c, REG[18]=00000000
PC=00001210, REG[19]=00000000
PC=00001214, REG[20]=00000000
PC=00001218, REG[ 2]=0000fff0
PC=0000121c, ---
PC=00001b54, REG[10]=00000005
PC=00001b58, REG[13]=00000042
PC=00001b5c, REG[12]=00000043
PC=00001b60, REG[11]=00000041
PC=00001b64, REG[ 1]=fffffb64
PC=00001b68, REG[ 1]=00001b6c
PC=000000b4, REG[ 2]=0000ffd0
PC=000000b8, ---
PC=000000bc, ---
PC=000000c0, ---
PC=000000c4, ---
PC=000000c8, ---
PC=000000cc, ---
PC=000000d0, REG[ 8]=00000004
PC=000000d4, REG[15]=00000001
PC=000000d8, ---
PC=000000dc, REG[ 9]=00000041
PC=000000e0, REG[19]=00000043
PC=000000e4, REG[18]=00000042
PC=000000e8, REG[20]=00000001
PC=000000ec, REG[12]=00000042
PC=000000f0, REG[10]=00000004
PC=000000f4, REG[11]=00000041
PC=000000f8, REG[13]=00000043
PC=000000fc, REG[ 1]=000000fc
PC=00000100, REG[ 1]=00000104
PC=000000b4, REG[ 2]=0000ffb0
PC=000000b8, ---
PC=000000bc, ---
PC=000000c0, ---
PC=000000c4, ---
PC=000000c8, ---
PC=000000cc, ---
PC=000000d0, REG[ 8]=00000003
PC=000000d4, REG[15]=00000001
PC=000000d8, ---
PC=000000dc, REG[ 9]=00000041
PC=000000e0, REG[19]=00000042
PC=000000e4, REG[18]=00000043
PC=000000e8, REG[20]=00000001
PC=000000ec, REG[12]=00000043
PC=000000f0, REG[10]=00000003
PC=000000f4, REG[11]=00000041
PC=000000f8, REG[13]=00000042
PC=000000fc, REG[ 1]=000000fc
PC=00000100, REG[ 1]=00000104
PC=000000b4, REG[ 2]=0000ff90
PC=000000b8, ---
PC=000000bc, ---
PC=000000c0, ---
PC=000000c4, ---
PC=000000c8, ---
PC=000000cc, ---
PC=000000d0, REG[ 8]=00000002
PC=000000d4, REG[15]=00000001
PC=000000d8, ---
PC=000000dc, REG[ 9]=00000041
PC=000000e0, REG[19]=00000043
PC=000000e4, REG[18]=00000042
PC=000000e8, REG[20]=00000001
PC=000000ec, REG[12]=00000042
PC=000000f0, REG[10]=00000002
PC=000000f4, REG[11]=00000041
PC=000000f8, REG[13]=00000043
PC=000000fc, REG[ 1]=000000fc
PC=00000100, REG[ 1]=00000104
PC=000000b4, REG[ 2]=0000ff70
PC=000000b8, ---
PC=000000bc, ---
PC=000000c0, ---
PC=000000c4, ---
PC=000000c8, ---
PC=000000cc, ---
PC=000000d0, REG[ 8]=00000001
PC=000000d4, REG[15]=00000001
PC=000000d8, ---
PC=0000011c, REG[ 1]=00000104
PC=00000120, REG[ 8]=00000002
PC=00000124, REG[ 9]=00000041
PC=00000128, REG[18]=00000042
PC=0000012c, REG[19]=00000043
PC=00000130, REG[20]=00000001
PC=00000134, REG[ 2]=0000ff90
PC=00000138, ---
PC=00000104, REG[ 8]=00000001
PC=00000108, REG[15]=00000042
PC=0000010c, REG[18]=00000041
PC=00000110, ---
PC=0000011c, REG[ 1]=00000104
PC=00000120, REG[ 8]=00000003
PC=00000124, REG[ 9]=00000041
PC=00000128, REG[18]=00000043
PC=0000012c, REG[19]=00000042
PC=00000130, REG[20]=00000001
PC=00000134, REG[ 2]=0000ffb0
PC=00000138, ---
PC=00000104, REG[ 8]=00000002
PC=00000108, REG[15]=00000043
PC=0000010c, REG[18]=00000041
PC=00000110, ---
PC=00000114, REG[ 9]=00000043
PC=00000118, ---
PC=000000ec, REG[12]=00000041
PC=000000f0, REG[10]=00000002
PC=000000f4, REG[11]=00000043
PC=000000f8, REG[13]=00000042
PC=000000fc, REG[ 1]=000000fc
PC=00000100, REG[ 1]=00000104
PC=000000b4, REG[ 2]=0000ff90
PC=000000b8, ---
PC=000000bc, ---
PC=000000c0, ---
PC=000000c4, ---
PC=000000c8, ---
PC=000000cc, ---
PC=000000d0, REG[ 8]=00000001
PC=000000d4, REG[15]=00000001
PC=000000d8, ---
PC=0000011c, REG[ 1]=00000104
PC=00000120, REG[ 8]=00000002
PC=00000124, REG[ 9]=00000043
PC=00000128, REG[18]=00000041
PC=0000012c, REG[19]=00000042
PC=00000130, REG[20]=00000001
PC=00000134, REG[ 2]=0000ffb0
PC=00000138, ---
PC=00000104, REG[ 8]=00000001
PC=00000108, REG[15]=00000041
PC=0000010c, REG[18]=00000043
PC=00000110, ---
PC=0000011c, REG[ 1]=00000104
PC=00000120, REG[ 8]=00000004
PC=00000124, REG[ 9]=00000041
PC=00000128, REG[18]=00000042
PC=0000012c, REG[19]=00000043
PC=00000130, REG[20]=00000001
PC=00000134, REG[ 2]=0000ffd0
PC=00000138, ---
PC=00000104, REG[ 8]=00000003
PC=00000108, REG[15]=00000042
PC=0000010c, REG[18]=00000041
PC=00000110, ---
PC=00000114, REG[ 9]=00000042
PC=00000118, ---
PC=000000ec, REG[12]=00000041
PC=000000f0, REG[10]=00000003
PC=000000f4, REG[11]=00000042
PC=000000f8, REG[13]=00000043
PC=000000fc, REG[ 1]=000000fc
PC=00000100, REG[ 1]=00000104
PC=000000b4, REG[ 2]=0000ffb0
PC=000000b8, ---
PC=000000bc, ---
PC=000000c0, ---
PC=000000c4, ---
PC=000000c8, ---
PC=000000cc, ---
PC=000000d0, REG[ 8]=00000002
PC=000000d4, REG[15]=00000001
PC=000000d8, ---
PC=000000dc, REG[ 9]=00000042
PC=000000e0, REG[19]=00000041
PC=000000e4, REG[18]=00000043
PC=000000e8, REG[20]=00000001
PC=000000ec, REG[12]=00000043
PC=000000f0, REG[10]=00000002
PC=000000f4, REG[11]=00000042
PC=000000f8, REG[13]=00000041
PC=000000fc, REG[ 1]=000000fc
PC=00000100, REG[ 1]=00000104
PC=000000b4, REG[ 2]=0000ff90
PC=000000b8, ---
PC=000000bc, ---
PC=000000c0, ---
PC=000000c4, ---
PC=000000c8, ---
PC=000000cc, ---
PC=000000d0, REG[ 8]=00000001
PC=000000d4, REG[15]=00000001
PC=000000d8, ---
PC=0000011c, REG[ 1]=00000104
PC=00000120, REG[ 8]=00000002
PC=00000124, REG[ 9]=00000042
PC=00000128, REG[18]=00000043
PC=0000012c, REG[19]=00000041
PC=00000130, REG[20]=00000001
PC=00000134, REG[ 2]=0000ffb0
PC=00000138, ---
PC=00000104, REG[ 8]=00000001
PC=00000108, REG[15]=00000043
PC=0000010c, REG[18]=00000042
PC=00000110, ---
PC=0000011c, REG[ 1]=00000104
PC=00000120, REG[ 8]=00000003
PC=00000124, REG[ 9]=00000042
PC=00000128, REG[18]=00000041
PC=0000012c, REG[19]=00000043
PC=00000130, REG[20]=00000001
PC=00000134, REG[ 2]=0000ffd0
PC=00000138, ---
PC=00000104, REG[ 8]=00000002
PC=00000108, REG[15]=00000041
PC=0000010c, REG[18]=00000042
PC=00000110, ---
PC=00000114, REG[ 9]=00000041
PC=00000118, ---
PC=000000ec, REG[12]=00000042
PC=000000f0, REG[10]=00000002
PC=000000f4, REG[11]=00000041
PC=000000f8, REG[13]=00000043
PC=000000fc, REG[ 1]=000000fc
PC=00000100, REG[ 1]=00000104
PC=000000b4, REG[ 2]=0000ffb0
PC=000000b8, ---
PC=000000bc, ---
PC=000000c0, ---
PC=000000c4, ---
PC=000000c8, ---
PC=000000cc, ---
PC=000000d0, REG[ 8]=00000001
PC=000000d4, REG[15]=00000001
PC=000000d8, ---
PC=0000011c, REG[ 1]=00000104
PC=00000120, REG[ 8]=00000002
PC=00000124, REG[ 9]=00000041
PC=00000128, REG[18]=00000042
PC=0000012c, REG[19]=00000043
PC=00000130, REG[20]=00000001
PC=00000134, REG[ 2]=0000ffd0
PC=00000138, ---
PC=00000104, REG[ 8]=00000001
PC=00000108, REG[15]=00000042
PC=0000010c, REG[18]=00000041
PC=00000110, ---
PC=0000011c, REG[ 1]=00001b6c
PC=00000120, REG[ 8]=00010000
PC=00000124, REG[ 9]=00000000
PC=00000128, REG[18]=00000000
PC=0000012c, REG[19]=00000000
PC=00000130, REG[20]=00000000
PC=00000134, REG[ 2]=0000fff0
PC=00000138, ---
PC=00001b6c, REG[ 1]=000000a0
PC=00001b70, REG[10]=00000000
PC=00001b74, REG[ 2]=00010000
PC=00001b78, ---
PC=000000a0, REG[ 2]=000100a0
PC=000000a4, REG[ 2]=00010000
PC=000000a8, ---
PC=000000ac, ---
PC=000000b0, ---
