Chronologic VCS simulator copyright 1991-2020
Contains Synopsys proprietary information.
Compiler version R-2020.12-SP2-1_Full64; Runtime version R-2020.12-SP2-1_Full64;  Dec 14 06:36 2021
VCD+ Writer R-2020.12-SP2-1_Full64 Copyright (c) 1991-2020 by Synopsys Inc.
@@
@@
@@                     0  Asserting System reset......
@@
@@                     0 : System STILL at reset, can't show anything
@@
@@
@@                   100 : System STILL at reset, can't show anything
@@
@@
@@                   200 : System STILL at reset, can't show anything
@@
@@
@@                   300 : System STILL at reset, can't show anything
@@
@@                   360  Deasserting System reset......
@@
@@
@@@ Unified Memory contents hex on left, decimal on right: 
@@@
@@@ mem[    0] = 0000009700000013 : 648540061715
@@@ mem[    8] = 0001011708c08093 : 282673419419795
@@@ mem[   16] = 00010413ff410113 : 285958910050579
@@@ mem[   24] = ac81819300001197 : 12430358914879459735
@@@ mem[   32] = 0000029300000213 : 2830383448595
@@@ mem[   40] = 0000039300000313 : 3929895076627
@@@ mem[   48] = 0000051300000493 : 5579162518675
@@@ mem[   56] = 0000061300000593 : 6678674146707
@@@ mem[   64] = 0000071300000693 : 7778185774739
@@@ mem[   72] = 0000081300000793 : 8877697402771
@@@ mem[   80] = 0000091300000893 : 9977209030803
@@@ mem[   88] = 00000a1300000993 : 11076720658835
@@@ mem[   96] = 00000b1300000a93 : 12176232286867
@@@ mem[  104] = 00000c1300000b93 : 13275743914899
@@@ mem[  112] = 00000d1300000c93 : 14375255542931
@@@ mem[  120] = 00000e1300000d93 : 15474767170963
@@@ mem[  128] = 00000f1300000e93 : 16574278798995
@@@ mem[  136] = 1e00006f00000f93 : 2161728297879211923
@@@ mem[  144] = f701011300010117 : 17798508383460983063
@@@ mem[  152] = 00000013fea12c23 : 85876354083
@@@ mem[  160] = 00a6546310500073 : 46817630586142835
@@@ mem[  168] = 00a5d46300060513 : 46676892824503571
@@@ mem[  176] = 0000806700058513 : 141179870348563
@@@ mem[  184] = 0005071300054783 : 1415153069672323
@@@ mem[  192] = 00078c6300000513 : 2124681666626835
@@@ mem[  200] = 00a707b300150513 : 47014786492597523
@@@ mem[  208] = fe079ae30007c783 : 18304769510219433859
@@@ mem[  216] = 0000806700008067 : 141179870019687
@@@ mem[  224] = 00812623ff010113 : 36352208039641363
@@@ mem[  232] = 0121222300912423 : 81383801998091299
@@@ mem[  240] = 0005478301010413 : 1486002866684947
@@@ mem[  248] = 1407886300050e13 : 1443272164379004435
@@@ mem[  256] = 0003071300000313 : 852203115905811
@@@ mem[  264] = 006e07b300130313 : 30970712819958547
@@@ mem[  272] = fe0798e30007c783 : 18304767311196178307
@@@ mem[  280] = 002707130005c683 : 10985302277867139
@@@ mem[  288] = 12068e6300271793 : 1298882098398435219
@@@ mem[  296] = 000e869300000e93 : 4088615592267411
@@@ mem[  304] = 01d58833001e8e93 : 132161516704009875
@@@ mem[  312] = fe0798e300084783 : 18304767311196211075
@@@ mem[  320] = 02d7073300268693 : 204640223695898259
@@@ mem[  328] = 0026d29300269693 : 10927577919559315
@@@ mem[  336] = 00f7879300271793 : 69673384680036243
@@@ mem[  344] = 40f10133ff07f793 : 4679522810648328083
@@@ mem[  352] = 0013069300010f93 : 5355252987531155
@@@ mem[  360] = 025707b300000713 : 168611976430225171
@@@ mem[  368] = 00ff87b300279793 : 71925321932707731
@@@ mem[  376] = 0017071300e7a023 : 6481702665297955
@@@ mem[  384] = 000f8f13fed716e3 : 4379440693319395
@@@ mem[  392] = 000f8713001e8693 : 4370640326788755
@@@ mem[  400] = 00f7202300000793 : 69559653943478163
@@@ mem[  408] = 0047071300178793 : 19992501533771667
@@@ mem[  416] = 06030e63fed79ae3 : 433205811797793507
@@@ mem[  424] = 00229393060e8c63 : 9732408879254627
@@@ mem[  432] = 01d58833006e0933 : 132161516709218611
@@@ mem[  440] = 000e488300438493 : 4020377156289683
@@@ mem[  448] = 01e4863300058713 : 136381442329773843
@@@ mem[  456] = 0040006f000f0693 : 18014875251836563
@@@ mem[  464] = 0006a50300074783 : 1870282164225923
@@@ mem[  472] = 00a6202301179663 : 46760180848236131
@@@ mem[  480] = 0046a7830240006f : 19887429490049135
@@@ mem[  488] = 0005079300f55463 : 1415702841218147
@@@ mem[  496] = 00f55463ffc62503 : 69054157763781891
@@@ mem[  504] = 0017879300050793 : 6622989894616979
@@@ mem[  512] = 0017071300f62023 : 6481702666248227
@@@ mem[  520] = 0046061300468693 : 19709927048513171
@@@ mem[  528] = 001e0e13fce810e3 : 8459728311554275
@@@ mem[  536] = fb2e10e3007f0f33 : 18099422519600549683
@@@ mem[  544] = 01d787b3025307b3 : 132723916938610611
@@@ mem[  552] = 00ff87b300279793 : 71925321932707731
@@@ mem[  560] = ff0401130007a503 : 18375813560694973699
@@@ mem[  568] = 0081248300c12403 : 36350417067648003
@@@ mem[  576] = 0101011300412903 : 72340250134915331
@@@ mem[  584] = 0005c68300008067 : 1625640826601575
@@@ mem[  592] = 0010071300400793 : 4511377817339795
@@@ mem[  600] = ec0696e300000313 : 17007446944513000211
@@@ mem[  608] = 00000e9300100293 : 16024524030611
@@@ mem[  616] = ff010113eedff06f : 18374969139771994223
@@@ mem[  624] = 000005b700112623 : 6283538277923
@@@ mem[  632] = 000005372e058593 : 5734553453971
@@@ mem[  640] = 000000972fc50513 : 649341502739
@@@ mem[  648] = 00153513e5c080e7 : 5969334086172903
@@@ mem[  656] = 0101011300c12083 : 72340250143301763
@@@ mem[  664] = 0000001300008067 : 81604411495
@@@
@@@ mem[  736] = 656f727463656c65 : 7309186564454968421
@@@ mem[  744] = 6f6c61687065636e : 8028899336884937582
@@@ mem[  752] = 7365696870617267 : 8315168184292438631
@@@ mem[  760] = 6b63617200000000 : 7738135727006810112
@@@ mem[  768] = 676e697265657465 : 7453010373393085541
@@@
@@@ mem[64192] = 0000000100000000 : 4294967296
@@@ mem[64200] = 0000000300000002 : 12884901890
@@@ mem[64208] = 0000000500000004 : 21474836484
@@@ mem[64216] = 0000000700000006 : 30064771078
@@@ mem[64224] = 0000000900000008 : 38654705672
@@@ mem[64232] = 0000000b0000000a : 47244640266
@@@ mem[64240] = 0000000d0000000c : 55834574860
@@@ mem[64248] = 0000000f0000000e : 64424509454
@@@ mem[64256] = 0000001100000010 : 73014444048
@@@ mem[64264] = 0000001300000012 : 81604378642
@@@ mem[64272] = 0000001500000014 : 90194313236
@@@ mem[64280] = 0000001700000016 : 98784247830
@@@ mem[64288] = 0000000100000018 : 4294967320
@@@ mem[64296] = 0000000200000001 : 8589934593
@@@ mem[64304] = 0000000400000003 : 17179869187
@@@ mem[64312] = 0000000500000005 : 21474836485
@@@ mem[64320] = 0000000700000006 : 30064771078
@@@ mem[64328] = 0000000900000008 : 38654705672
@@@ mem[64336] = 0000000b0000000a : 47244640266
@@@ mem[64344] = 0000000d0000000c : 55834574860
@@@ mem[64352] = 0000000f0000000e : 64424509454
@@@ mem[64360] = 0000001100000010 : 73014444048
@@@ mem[64368] = 0000001300000012 : 81604378642
@@@ mem[64376] = 0000001500000014 : 90194313236
@@@ mem[64384] = 0000001700000016 : 98784247830
@@@ mem[64392] = 0000000200000002 : 8589934594
@@@ mem[64400] = 0000000300000002 : 12884901890
@@@ mem[64408] = 0000000500000004 : 21474836484
@@@ mem[64416] = 0000000600000006 : 25769803782
@@@ mem[64424] = 0000000800000007 : 34359738375
@@@ mem[64432] = 0000000a00000009 : 42949672969
@@@ mem[64440] = 0000000c0000000b : 51539607563
@@@ mem[64448] = 0000000d0000000c : 55834574860
@@@ mem[64456] = 0000000f0000000e : 64424509454
@@@ mem[64464] = 0000001100000010 : 73014444048
@@@ mem[64472] = 0000001300000012 : 81604378642
@@@ mem[64480] = 0000001500000014 : 90194313236
@@@ mem[64488] = 0000000300000016 : 12884901910
@@@ mem[64496] = 0000000300000003 : 12884901891
@@@ mem[64504] = 0000000300000003 : 12884901891
@@@ mem[64512] = 0000000500000004 : 21474836484
@@@ mem[64520] = 0000000700000006 : 30064771078
@@@ mem[64528] = 0000000800000008 : 34359738376
@@@ mem[64536] = 0000000a00000009 : 42949672969
@@@ mem[64544] = 0000000c0000000b : 51539607563
@@@ mem[64552] = 0000000e0000000d : 60129542157
@@@ mem[64560] = 000000100000000f : 68719476751
@@@ mem[64568] = 0000001200000011 : 77309411345
@@@ mem[64576] = 0000001400000013 : 85899345939
@@@ mem[64584] = 0000001600000015 : 94489280533
@@@ mem[64592] = 0000000400000004 : 17179869188
@@@ mem[64600] = 0000000400000004 : 17179869188
@@@ mem[64608] = 0000000400000004 : 17179869188
@@@ mem[64616] = 0000000600000005 : 25769803781
@@@ mem[64624] = 0000000800000007 : 34359738375
@@@ mem[64632] = 0000000900000009 : 38654705673
@@@ mem[64640] = 0000000b0000000a : 47244640266
@@@ mem[64648] = 0000000d0000000c : 55834574860
@@@ mem[64656] = 0000000f0000000e : 64424509454
@@@ mem[64664] = 0000001100000010 : 73014444048
@@@ mem[64672] = 0000001300000012 : 81604378642
@@@ mem[64680] = 0000001500000014 : 90194313236
@@@ mem[64688] = 0000000500000016 : 21474836502
@@@ mem[64696] = 0000000500000004 : 21474836484
@@@ mem[64704] = 0000000500000004 : 21474836484
@@@ mem[64712] = 0000000500000005 : 21474836485
@@@ mem[64720] = 0000000600000006 : 25769803782
@@@ mem[64728] = 0000000800000007 : 34359738375
@@@ mem[64736] = 0000000a00000009 : 42949672969
@@@ mem[64744] = 0000000c0000000b : 51539607563
@@@ mem[64752] = 0000000e0000000d : 60129542157
@@@ mem[64760] = 000000100000000f : 68719476751
@@@ mem[64768] = 0000001200000011 : 77309411345
@@@ mem[64776] = 0000001400000013 : 85899345939
@@@ mem[64784] = 0000001500000014 : 90194313236
@@@ mem[64792] = 0000000500000006 : 21474836486
@@@ mem[64800] = 0000000500000005 : 21474836485
@@@ mem[64808] = 0000000500000005 : 21474836485
@@@ mem[64816] = 0000000600000006 : 25769803782
@@@ mem[64824] = 0000000700000007 : 30064771079
@@@ mem[64832] = 0000000900000008 : 38654705672
@@@ mem[64840] = 0000000b0000000a : 47244640266
@@@ mem[64848] = 0000000d0000000c : 55834574860
@@@ mem[64856] = 0000000f0000000e : 64424509454
@@@ mem[64864] = 0000001100000010 : 73014444048
@@@ mem[64872] = 0000001300000012 : 81604378642
@@@ mem[64880] = 0000001500000014 : 90194313236
@@@ mem[64888] = 0000000700000015 : 30064771093
@@@ mem[64896] = 0000000600000006 : 25769803782
@@@ mem[64904] = 0000000600000005 : 25769803781
@@@ mem[64912] = 0000000600000006 : 25769803782
@@@ mem[64920] = 0000000600000007 : 25769803783
@@@ mem[64928] = 0000000800000007 : 34359738375
@@@ mem[64936] = 0000000900000008 : 38654705672
@@@ mem[64944] = 0000000b0000000a : 47244640266
@@@ mem[64952] = 0000000d0000000c : 55834574860
@@@ mem[64960] = 0000000f0000000e : 64424509454
@@@ mem[64968] = 0000001100000010 : 73014444048
@@@ mem[64976] = 0000001300000012 : 81604378642
@@@ mem[64984] = 0000001500000014 : 90194313236
@@@ mem[64992] = 0000000700000008 : 30064771080
@@@ mem[65000] = 0000000600000007 : 25769803783
@@@ mem[65008] = 0000000700000006 : 30064771078
@@@ mem[65016] = 0000000700000007 : 30064771079
@@@ mem[65024] = 0000000700000007 : 30064771079
@@@ mem[65032] = 0000000800000008 : 34359738376
@@@ mem[65040] = 0000000a00000009 : 42949672969
@@@ mem[65048] = 0000000c0000000b : 51539607563
@@@ mem[65056] = 0000000e0000000d : 60129542157
@@@ mem[65064] = 000000100000000f : 68719476751
@@@ mem[65072] = 0000001200000011 : 77309411345
@@@ mem[65080] = 0000001300000013 : 81604378643
@@@ mem[65088] = 0000000900000014 : 38654705684
@@@ mem[65096] = 0000000800000008 : 34359738376
@@@ mem[65104] = 0000000700000007 : 30064771079
@@@ mem[65112] = 0000000700000007 : 30064771079
@@@ mem[65120] = 0000000800000008 : 34359738376
@@@ mem[65128] = 0000000800000008 : 34359738376
@@@ mem[65136] = 0000000900000009 : 38654705673
@@@ mem[65144] = 0000000b0000000a : 47244640266
@@@ mem[65152] = 0000000d0000000c : 55834574860
@@@ mem[65160] = 0000000e0000000e : 60129542158
@@@ mem[65168] = 000000100000000f : 68719476751
@@@ mem[65176] = 0000001200000011 : 77309411345
@@@ mem[65184] = 0000001400000013 : 85899345939
@@@ mem[65192] = 000000090000000a : 38654705674
@@@ mem[65200] = 0000000800000009 : 34359738377
@@@ mem[65208] = 0000000800000008 : 34359738376
@@@ mem[65216] = 0000000800000008 : 34359738376
@@@ mem[65224] = 0000000900000009 : 38654705673
@@@ mem[65232] = 0000000900000009 : 38654705673
@@@ mem[65240] = 0000000a0000000a : 42949672970
@@@ mem[65248] = 0000000c0000000b : 51539607563
@@@ mem[65256] = 0000000e0000000d : 60129542157
@@@ mem[65264] = 0000000f0000000f : 64424509455
@@@ mem[65272] = 0000001100000010 : 73014444048
@@@ mem[65280] = 0000001200000011 : 77309411345
@@@ mem[65288] = 0000000b00000013 : 47244640275
@@@ mem[65296] = 0000000a0000000a : 42949672970
@@@ mem[65304] = 0000000900000009 : 38654705673
@@@ mem[65312] = 0000000900000009 : 38654705673
@@@ mem[65320] = 0000000900000009 : 38654705673
@@@ mem[65328] = 0000000a00000009 : 42949672969
@@@ mem[65336] = 0000000a0000000a : 42949672970
@@@ mem[65344] = 0000000b0000000b : 47244640267
@@@ mem[65352] = 0000000d0000000c : 55834574860
@@@ mem[65360] = 0000000f0000000e : 64424509454
@@@ mem[65368] = 0000001000000010 : 68719476752
@@@ mem[65376] = 0000001200000011 : 77309411345
@@@ mem[65384] = 0000001300000012 : 81604378642
@@@ mem[65392] = 0000000b0000000c : 47244640268
@@@ mem[65400] = 0000000a0000000b : 42949672971
@@@ mem[65408] = 0000000a0000000a : 42949672970
@@@ mem[65416] = 0000000a0000000a : 42949672970
@@@ mem[65424] = 0000000a0000000a : 42949672970
@@@ mem[65432] = 0000000b0000000a : 47244640266
@@@ mem[65440] = 0000000b0000000b : 47244640267
@@@ mem[65448] = 0000000c0000000c : 51539607564
@@@ mem[65456] = 0000000d0000000d : 55834574861
@@@ mem[65464] = 0000000f0000000e : 64424509454
@@@ mem[65472] = 0000001100000010 : 73014444048
@@@ mem[65480] = 0000001300000012 : 81604378642
@@@ mem[65488] = 0000000000000013 : 19
@@@
@@@ mem[65512] = 0001000000000000 : 281474976710656
@@@
@@@ mem[65528] = 0000009000000000 : 618475290624
@@@
@@               2739020 : System halted
@@
@@@ System halted on WFI instruction
@@@
@@
@@  27387 cycles / 4435 instrs = 6.175197 CPI 0.981180 0.862350 18108 809 1194
@@
@@  273860.00 ns total time to execute
@@

$finish called from file "testbench/testbench.sv", line 294.
$finish at simulation time              2740020
           V C S   S i m u l a t i o n   R e p o r t 
Time: 274002000 ps
CPU Time:     18.910 seconds;       Data structure size:   0.4Mb
Tue Dec 14 06:36:34 2021
