[mAssembling Standard...[m(B[m
Running Standard...[m

@@  3145 cycles / 628 instrs = 5.007962 CPI

[33m######################################################(B[m
[33m# RUNNING TEST CASE:test_progs/rv32_parallel/rv32_parallel-1-0.s[m
[33m######################################################(B[m
(B[mAssembling Working...[m
(B[mRunning Working...[m

@@  664 cycles / 628 instrs = 1.057325 CPI
[mChecking Memory Ouput...[m[32m PASSED[m


[33m######################################################(B[m
[33m# RUNNING TEST CASE:test_progs/rv32_parallel/rv32_parallel-1-4.s[m
[33m######################################################(B[m
(B[mAssembling Working...[m
(B[mRunning Working...[m

@@  652 cycles / 580 instrs = 1.124138 CPI
[mChecking Memory Ouput...[m[31m FAILED[m
[31m@@@ Unified Memory contents hex on left, decimal on right: 	@@@ Unified Memory contents hex on left, decimal on right: 
@@@								@@@
@@@ mem[    0] = 000181b700000893 : 424097955711123	      |	@@@ mem[    0] = 000181b703000893 : 424098006042771
@@@ mem[    8] = 000012376a018193 : 20029210984851		@@@ mem[    8] = 000012376a018193 : 20029210984851
@@@ mem[   16] = 003184b300318333 : 13938178196079411		@@@ mem[   16] = 003184b300318333 : 13938178196079411
@@@ mem[   24] = 0231a2b300318433 : 158086351620768819		@@@ mem[   24] = 0231a2b300318433 : 158086351620768819
@@@ mem[   32] = 02941533026283b3 : 185796793456559027		@@@ mem[   32] = 02941533026283b3 : 185796793456559027
@@@ mem[   40] = 00b2202302a3b5b3 : 50137880594724275		@@@ mem[   40] = 00b2202302a3b5b3 : 50137880594724275
@@@ mem[   48] = 0018889300820213 : 6905564391146003	      |	@@@ mem[   48] = fff8889300820213 : 18444642438845956627
@@@ mem[   56] = 0308a1133e818193 : 218601685952594323	      |	@@@ mem[   56] = fc089ae33e818193 : 18160935798168453523
@@@ mem[   64] = 10500073fc0118e3 : 1175440000892868835	      |	@@@ mem[   64] = 0000000010500073 : 273678451
@@@								@@@
@@@								@@@
@@@ System halted on WFI instruction				@@@ System halted on WFI instruction
@@@								@@@[m


[33m######################################################(B[m
[33m# RUNNING TEST CASE:test_progs/rv32_parallel/rv32_parallel-2-1.s[m
[33m######################################################(B[m
(B[mAssembling Working...[m
(B[mRunning Working...[m

@@  652 cycles / 580 instrs = 1.124138 CPI
[mChecking Memory Ouput...[m[31m FAILED[m
[31m@@@ Unified Memory contents hex on left, decimal on right: 	@@@ Unified Memory contents hex on left, decimal on right: 
@@@								@@@
@@@ mem[    0] = 000181b700000893 : 424097955711123		@@@ mem[    0] = 000181b700000893 : 424097955711123
@@@ mem[    8] = 000012376a018193 : 20029210984851		@@@ mem[    8] = 000012376a018193 : 20029210984851
@@@ mem[   16] = 003184b300318333 : 13938178196079411		@@@ mem[   16] = 003184b300318333 : 13938178196079411
@@@ mem[   24] = 0231a2b300318433 : 158086351620768819		@@@ mem[   24] = 0231a2b300318433 : 158086351620768819
@@@ mem[   32] = 02941533026283b3 : 185796793456559027		@@@ mem[   32] = 02941533026283b3 : 185796793456559027
@@@ mem[   40] = 00b2202302a3b5b3 : 50137880594724275		@@@ mem[   40] = 00b2202302a3b5b3 : 50137880594724275
@@@ mem[   48] = 0018889300820213 : 6905564391146003		@@@ mem[   48] = 0018889300820213 : 6905564391146003
@@@ mem[   56] = 0308a1133e818193 : 218601685952594323	      |	@@@ mem[   56] = 003183333e818193 : 13936529974067603
@@@ mem[   64] = 10500073fc0118e3 : 1175440000892868835	      |	@@@ mem[   64] = 00318433003184b3 : 13937628440265907
							      >	@@@ mem[   72] = 026283b30231a2b3 : 171844540652692147
							      >	@@@ mem[   80] = 02a3b5b302941533 : 190195389726725427
							      >	@@@ mem[   88] = 0082021300b22023 : 36594027611693091
							      >	@@@ mem[   96] = 3e81819300188893 : 4504023570708990099
							      >	@@@ mem[  104] = fa0112e30308a113 : 18014700750676467987
							      >	@@@ mem[  112] = 0000000010500073 : 273678451
@@@								@@@
@@@								@@@
@@@ System halted on WFI instruction				@@@ System halted on WFI instruction
@@@								@@@[m


[33m######################################################(B[m
[33m# RUNNING TEST CASE:test_progs/rv32_parallel/rv32_parallel-2-3.s[m
[33m######################################################(B[m
(B[mAssembling Working...[m
(B[mRunning Working...[m

@@  643 cycles / 556 instrs = 1.156475 CPI
[mChecking Memory Ouput...[m[31m FAILED[m
[31m@@@ Unified Memory contents hex on left, decimal on right: 	@@@ Unified Memory contents hex on left, decimal on right: 
@@@								@@@
@@@ mem[    0] = 000181b700000893 : 424097955711123		@@@ mem[    0] = 000181b700000893 : 424097955711123
@@@ mem[    8] = 000012376a018193 : 20029210984851		@@@ mem[    8] = 000012376a018193 : 20029210984851
@@@ mem[   16] = 003184b300318333 : 13938178196079411		@@@ mem[   16] = 003184b300318333 : 13938178196079411
@@@ mem[   24] = 0231a2b300318433 : 158086351620768819		@@@ mem[   24] = 0231a2b300318433 : 158086351620768819
@@@ mem[   32] = 02941533026283b3 : 185796793456559027		@@@ mem[   32] = 02941533026283b3 : 185796793456559027
@@@ mem[   40] = 00b2202302a3b5b3 : 50137880594724275		@@@ mem[   40] = 00b2202302a3b5b3 : 50137880594724275
@@@ mem[   48] = 0018889300820213 : 6905564391146003	      |	@@@ mem[   48] = 3e81819300820213 : 4504023570715902483
@@@ mem[   56] = 0308a1133e818193 : 218601685952594323	      |	@@@ mem[   56] = 003184b300318333 : 13938178196079411
@@@ mem[   64] = 10500073fc0118e3 : 1175440000892868835	      |	@@@ mem[   64] = 0231a2b300318433 : 158086351620768819
							      >	@@@ mem[   72] = 02941533026283b3 : 185796793456559027
							      >	@@@ mem[   80] = 00b2202302a3b5b3 : 50137880594724275
							      >	@@@ mem[   88] = 0028889300820213 : 11409164018516499
							      >	@@@ mem[   96] = 0308a1133e818193 : 218601685952594323
							      >	@@@ mem[  104] = 10500073fa0114e3 : 1175440000859313379
@@@								@@@
@@@								@@@
@@@ System halted on WFI instruction				@@@ System halted on WFI instruction
@@@								@@@[m


[33m######################################################(B[m
[33m# RUNNING TEST CASE:test_progs/rv32_parallel/rv32_parallel-2-4.s[m
[33m######################################################(B[m
(B[mAssembling Working...[m
(B[mRunning Working...[m

@@  660 cycles / 532 instrs = 1.240602 CPI
[mChecking Memory Ouput...[m[31m FAILED[m
[31m@@@ Unified Memory contents hex on left, decimal on right: 	@@@ Unified Memory contents hex on left, decimal on right: 
@@@								@@@
@@@ mem[    0] = 000181b700000893 : 424097955711123	      |	@@@ mem[    0] = 000181b703000893 : 424098006042771
@@@ mem[    8] = 000012376a018193 : 20029210984851		@@@ mem[    8] = 000012376a018193 : 20029210984851
@@@ mem[   16] = 003184b300318333 : 13938178196079411		@@@ mem[   16] = 003184b300318333 : 13938178196079411
@@@ mem[   24] = 0231a2b300318433 : 158086351620768819		@@@ mem[   24] = 0231a2b300318433 : 158086351620768819
@@@ mem[   32] = 02941533026283b3 : 185796793456559027		@@@ mem[   32] = 02941533026283b3 : 185796793456559027
@@@ mem[   40] = 00b2202302a3b5b3 : 50137880594724275		@@@ mem[   40] = 00b2202302a3b5b3 : 50137880594724275
@@@ mem[   48] = 0018889300820213 : 6905564391146003	      |	@@@ mem[   48] = 3e81819300820213 : 4504023570715902483
@@@ mem[   56] = 0308a1133e818193 : 218601685952594323	      |	@@@ mem[   56] = 003184b300318333 : 13938178196079411
@@@ mem[   64] = 10500073fc0118e3 : 1175440000892868835	      |	@@@ mem[   64] = 0231a2b300318433 : 158086351620768819
							      >	@@@ mem[   72] = 02941533026283b3 : 185796793456559027
							      >	@@@ mem[   80] = 00b2202302a3b5b3 : 50137880594724275
							      >	@@@ mem[   88] = ffe8889300820213 : 18440138839218586131
							      >	@@@ mem[   96] = fa0896e33e818193 : 18016816212046086547
							      >	@@@ mem[  104] = 0000000010500073 : 273678451
@@@								@@@
@@@								@@@
@@@ System halted on WFI instruction				@@@ System halted on WFI instruction
@@@								@@@[m


[33m######################################################(B[m
[33m# RUNNING TEST CASE:test_progs/rv32_parallel/rv32_parallel-2-7.s[m
[33m######################################################(B[m
(B[mAssembling Working...[m
(B[mRunning Working...[m

@@  635 cycles / 510 instrs = 1.245098 CPI
[mChecking Memory Ouput...[m[31m FAILED[m
[31m@@@ Unified Memory contents hex on left, decimal on right: 	@@@ Unified Memory contents hex on left, decimal on right: 
@@@								@@@
@@@ mem[    0] = 000181b700000893 : 424097955711123	      |	@@@ mem[    0] = 000181b703000893 : 424098006042771
@@@ mem[    8] = 000012376a018193 : 20029210984851	      |	@@@ mem[    8] = 000196b76a018193 : 447189478375827
@@@ mem[   16] = 003184b300318333 : 13938178196079411	      |	@@@ mem[   16] = 00001237a8868693 : 20030259889811
@@@ mem[   24] = 0231a2b300318433 : 158086351620768819	      |	@@@ mem[   24] = 003184b300318333 : 13938178196079411
@@@ mem[   32] = 02941533026283b3 : 185796793456559027	      |	@@@ mem[   32] = 0231a2b300318433 : 158086351620768819
@@@ mem[   40] = 00b2202302a3b5b3 : 50137880594724275	      |	@@@ mem[   40] = 02941533026283b3 : 185796793456559027
@@@ mem[   48] = 0018889300820213 : 6905564391146003	      |	@@@ mem[   48] = 00b2202302a3b5b3 : 50137880594724275
@@@ mem[   56] = 0308a1133e818193 : 218601685952594323	      |	@@@ mem[   56] = 00d683337d018193 : 60379902179901843
@@@ mem[   64] = 10500073fc0118e3 : 1175440000892868835	      |	@@@ mem[   64] = 00d6843300d684b3 : 60380999608337587
							      >	@@@ mem[   72] = 026283b302d6a2b3 : 171844540663505587
							      >	@@@ mem[   80] = 02a3b5b302941533 : 190195389726725427
							      >	@@@ mem[   88] = 0102021300b22423 : 72622824630658083
							      >	@@@ mem[   96] = 7d068693ffe88893 : 9009036074812999827
							      >	@@@ mem[  104] = 10500073fa0898e3 : 1175440000859805923
@@@								@@@
@@@								@@@
@@@ System halted on WFI instruction				@@@ System halted on WFI instruction
@@@								@@@[m


[33m######################################################(B[m
[33m# RUNNING TEST CASE:test_progs/rv32_parallel/rv32_parallel-3-1.s[m
[33m######################################################(B[m
(B[mAssembling Working...[m
(B[mRunning Working...[m

@@  653 cycles / 564 instrs = 1.157801 CPI
[mChecking Memory Ouput...[m[31m FAILED[m
[31m@@@ Unified Memory contents hex on left, decimal on right: 	@@@ Unified Memory contents hex on left, decimal on right: 
@@@								@@@
@@@ mem[    0] = 000181b700000893 : 424097955711123		@@@ mem[    0] = 000181b700000893 : 424097955711123
@@@ mem[    8] = 000012376a018193 : 20029210984851		@@@ mem[    8] = 000012376a018193 : 20029210984851
@@@ mem[   16] = 003184b300318333 : 13938178196079411		@@@ mem[   16] = 003184b300318333 : 13938178196079411
@@@ mem[   24] = 0231a2b300318433 : 158086351620768819		@@@ mem[   24] = 0231a2b300318433 : 158086351620768819
@@@ mem[   32] = 02941533026283b3 : 185796793456559027		@@@ mem[   32] = 02941533026283b3 : 185796793456559027
@@@ mem[   40] = 00b2202302a3b5b3 : 50137880594724275		@@@ mem[   40] = 00b2202302a3b5b3 : 50137880594724275
@@@ mem[   48] = 0018889300820213 : 6905564391146003		@@@ mem[   48] = 0018889300820213 : 6905564391146003
@@@ mem[   56] = 0308a1133e818193 : 218601685952594323	      |	@@@ mem[   56] = 003183333e818193 : 13936529974067603
@@@ mem[   64] = 10500073fc0118e3 : 1175440000892868835	      |	@@@ mem[   64] = 00318433003184b3 : 13937628440265907
							      >	@@@ mem[   72] = 026283b30231a2b3 : 171844540652692147
							      >	@@@ mem[   80] = 02a3b5b302941533 : 190195389726725427
							      >	@@@ mem[   88] = 0082021300b22023 : 36594027611693091
							      >	@@@ mem[   96] = 3e81819300188893 : 4504023570708990099
							      >	@@@ mem[  104] = 003184b300318333 : 13938178196079411
							      >	@@@ mem[  112] = 0231a2b300318433 : 158086351620768819
							      >	@@@ mem[  120] = 02941533026283b3 : 185796793456559027
							      >	@@@ mem[  128] = 00b2202302a3b5b3 : 50137880594724275
							      >	@@@ mem[  136] = 0018889300820213 : 6905564391146003
							      >	@@@ mem[  144] = 0308a1133e818193 : 218601685952594323
							      >	@@@ mem[  152] = 10500073f6011ce3 : 1175440000792206563
@@@								@@@
@@@								@@@
@@@ System halted on WFI instruction				@@@ System halted on WFI instruction
@@@								@@@[m


[33m######################################################(B[m
[33m# RUNNING TEST CASE:test_progs/rv32_parallel/rv32_parallel-3-3.s[m
[33m######################################################(B[m
(B[mAssembling Working...[m
(B[mRunning Working...[m

@@  625 cycles / 532 instrs = 1.174812 CPI
[mChecking Memory Ouput...[m[31m FAILED[m
[31m@@@ Unified Memory contents hex on left, decimal on right: 	@@@ Unified Memory contents hex on left, decimal on right: 
@@@								@@@
@@@ mem[    0] = 000181b700000893 : 424097955711123		@@@ mem[    0] = 000181b700000893 : 424097955711123
@@@ mem[    8] = 000012376a018193 : 20029210984851		@@@ mem[    8] = 000012376a018193 : 20029210984851
@@@ mem[   16] = 003184b300318333 : 13938178196079411		@@@ mem[   16] = 003184b300318333 : 13938178196079411
@@@ mem[   24] = 0231a2b300318433 : 158086351620768819		@@@ mem[   24] = 0231a2b300318433 : 158086351620768819
@@@ mem[   32] = 02941533026283b3 : 185796793456559027		@@@ mem[   32] = 02941533026283b3 : 185796793456559027
@@@ mem[   40] = 00b2202302a3b5b3 : 50137880594724275		@@@ mem[   40] = 00b2202302a3b5b3 : 50137880594724275
@@@ mem[   48] = 0018889300820213 : 6905564391146003	      |	@@@ mem[   48] = 3e81819300820213 : 4504023570715902483
@@@ mem[   56] = 0308a1133e818193 : 218601685952594323	      |	@@@ mem[   56] = 003184b300318333 : 13938178196079411
@@@ mem[   64] = 10500073fc0118e3 : 1175440000892868835	      |	@@@ mem[   64] = 0231a2b300318433 : 158086351620768819
							      >	@@@ mem[   72] = 02941533026283b3 : 185796793456559027
							      >	@@@ mem[   80] = 00b2202302a3b5b3 : 50137880594724275
							      >	@@@ mem[   88] = 3e81819300820213 : 4504023570715902483
							      >	@@@ mem[   96] = 003184b300318333 : 13938178196079411
							      >	@@@ mem[  104] = 0231a2b300318433 : 158086351620768819
							      >	@@@ mem[  112] = 02941533026283b3 : 185796793456559027
							      >	@@@ mem[  120] = 00b2202302a3b5b3 : 50137880594724275
							      >	@@@ mem[  128] = 0038889300820213 : 15912763645886995
							      >	@@@ mem[  136] = 0308a1133e818193 : 218601685952594323
							      >	@@@ mem[  144] = 10500073f80110e3 : 1175440000825757923
@@@								@@@
@@@								@@@
@@@ System halted on WFI instruction				@@@ System halted on WFI instruction
@@@								@@@[m


[33m######################################################(B[m
[33m# RUNNING TEST CASE:test_progs/rv32_parallel/rv32_parallel-3-4.s[m
[33m######################################################(B[m
(B[mAssembling Working...[m
(B[mRunning Working...[m

@@  625 cycles / 516 instrs = 1.211240 CPI
[mChecking Memory Ouput...[m[31m FAILED[m
[31m@@@ Unified Memory contents hex on left, decimal on right: 	@@@ Unified Memory contents hex on left, decimal on right: 
@@@								@@@
@@@ mem[    0] = 000181b700000893 : 424097955711123	      |	@@@ mem[    0] = 000181b703000893 : 424098006042771
@@@ mem[    8] = 000012376a018193 : 20029210984851		@@@ mem[    8] = 000012376a018193 : 20029210984851
@@@ mem[   16] = 003184b300318333 : 13938178196079411		@@@ mem[   16] = 003184b300318333 : 13938178196079411
@@@ mem[   24] = 0231a2b300318433 : 158086351620768819		@@@ mem[   24] = 0231a2b300318433 : 158086351620768819
@@@ mem[   32] = 02941533026283b3 : 185796793456559027		@@@ mem[   32] = 02941533026283b3 : 185796793456559027
@@@ mem[   40] = 00b2202302a3b5b3 : 50137880594724275		@@@ mem[   40] = 00b2202302a3b5b3 : 50137880594724275
@@@ mem[   48] = 0018889300820213 : 6905564391146003	      |	@@@ mem[   48] = 3e81819300820213 : 4504023570715902483
@@@ mem[   56] = 0308a1133e818193 : 218601685952594323	      |	@@@ mem[   56] = 003184b300318333 : 13938178196079411
@@@ mem[   64] = 10500073fc0118e3 : 1175440000892868835	      |	@@@ mem[   64] = 0231a2b300318433 : 158086351620768819
							      >	@@@ mem[   72] = 02941533026283b3 : 185796793456559027
							      >	@@@ mem[   80] = 00b2202302a3b5b3 : 50137880594724275
							      >	@@@ mem[   88] = 3e81819300820213 : 4504023570715902483
							      >	@@@ mem[   96] = 003184b300318333 : 13938178196079411
							      >	@@@ mem[  104] = 0231a2b300318433 : 158086351620768819
							      >	@@@ mem[  112] = 02941533026283b3 : 185796793456559027
							      >	@@@ mem[  120] = 00b2202302a3b5b3 : 50137880594724275
							      >	@@@ mem[  128] = ffd8889300820213 : 18435635239591215635
							      >	@@@ mem[  136] = f80892e33e818193 : 17872696625923719571
							      >	@@@ mem[  144] = 0000000010500073 : 273678451
@@@								@@@
@@@								@@@
@@@ System halted on WFI instruction				@@@ System halted on WFI instruction
@@@								@@@[m


[33m######################################################(B[m
[33m# RUNNING TEST CASE:test_progs/rv32_parallel/rv32_parallel-3-7.s[m
[33m######################################################(B[m
(B[mAssembling Working...[m
(B[mRunning Working...[m

@@  634 cycles / 490 instrs = 1.293878 CPI
[mChecking Memory Ouput...[m[31m FAILED[m
[31m@@@ Unified Memory contents hex on left, decimal on right: 	@@@ Unified Memory contents hex on left, decimal on right: 
@@@								@@@
@@@ mem[    0] = 000181b700000893 : 424097955711123	      |	@@@ mem[    0] = 000181b703000893 : 424098006042771
@@@ mem[    8] = 000012376a018193 : 20029210984851	      |	@@@ mem[    8] = 000196376a018193 : 446639722561939
@@@ mem[   16] = 003184b300318333 : 13938178196079411	      |	@@@ mem[   16] = 000196b7a8860613 : 447190527247891
@@@ mem[   24] = 0231a2b300318433 : 158086351620768819	      |	@@@ mem[   24] = 00001737e7068693 : 25528866604691
@@@ mem[   32] = 02941533026283b3 : 185796793456559027	      |	@@@ mem[   32] = 00001237bb870713 : 20030578689811
@@@ mem[   40] = 00b2202302a3b5b3 : 50137880594724275	      |	@@@ mem[   40] = 003184b300318333 : 13938178196079411
@@@ mem[   48] = 0018889300820213 : 6905564391146003	      |	@@@ mem[   48] = 0231a2b300318433 : 158086351620768819
@@@ mem[   56] = 0308a1133e818193 : 218601685952594323	      |	@@@ mem[   56] = 02941533026283b3 : 185796793456559027
@@@ mem[   64] = 10500073fc0118e3 : 1175440000892868835	      |	@@@ mem[   64] = 00b2202302a3b5b3 : 50137880594724275
							      >	@@@ mem[   72] = 00c6033300e181b3 : 55735562981704115
							      >	@@@ mem[   80] = 00c6043300c604b3 : 55736662491530419
							      >	@@@ mem[   88] = 026283b302c622b3 : 171844540662424243
							      >	@@@ mem[   96] = 02a3b5b302941533 : 190195389726725427
							      >	@@@ mem[  104] = 00e6063300b22423 : 64746060768224291
							      >	@@@ mem[  112] = 00d684b300d68333 : 60381549364151091
							      >	@@@ mem[  120] = 02d6a2b300d68433 : 204529722788840499
							      >	@@@ mem[  128] = 02941533026283b3 : 185796793456559027
							      >	@@@ mem[  136] = 00b2282302a3b5b3 : 50146676687746483
							      >	@@@ mem[  144] = ffd8889301820213 : 18435635239607992851
							      >	@@@ mem[  152] = f80896e300e686b3 : 17872701022936663731
							      >	@@@ mem[  160] = 0000000010500073 : 273678451
@@@								@@@
@@@								@@@
@@@ System halted on WFI instruction				@@@ System halted on WFI instruction
@@@								@@@[m


[33m######################################################(B[m
[33m# RUNNING TEST CASE:test_progs/rv32_parallel/rv32_parallel-4-1.s[m
[33m######################################################(B[m
(B[mAssembling Working...[m
(B[mRunning Working...[m

@@  652 cycles / 556 instrs = 1.172662 CPI
[mChecking Memory Ouput...[m[31m FAILED[m
[31m@@@ Unified Memory contents hex on left, decimal on right: 	@@@ Unified Memory contents hex on left, decimal on right: 
@@@								@@@
@@@ mem[    0] = 000181b700000893 : 424097955711123		@@@ mem[    0] = 000181b700000893 : 424097955711123
@@@ mem[    8] = 000012376a018193 : 20029210984851		@@@ mem[    8] = 000012376a018193 : 20029210984851
@@@ mem[   16] = 003184b300318333 : 13938178196079411		@@@ mem[   16] = 003184b300318333 : 13938178196079411
@@@ mem[   24] = 0231a2b300318433 : 158086351620768819		@@@ mem[   24] = 0231a2b300318433 : 158086351620768819
@@@ mem[   32] = 02941533026283b3 : 185796793456559027		@@@ mem[   32] = 02941533026283b3 : 185796793456559027
@@@ mem[   40] = 00b2202302a3b5b3 : 50137880594724275		@@@ mem[   40] = 00b2202302a3b5b3 : 50137880594724275
@@@ mem[   48] = 0018889300820213 : 6905564391146003		@@@ mem[   48] = 0018889300820213 : 6905564391146003
@@@ mem[   56] = 0308a1133e818193 : 218601685952594323	      |	@@@ mem[   56] = 003183333e818193 : 13936529974067603
@@@ mem[   64] = 10500073fc0118e3 : 1175440000892868835	      |	@@@ mem[   64] = 00318433003184b3 : 13937628440265907
							      >	@@@ mem[   72] = 026283b30231a2b3 : 171844540652692147
							      >	@@@ mem[   80] = 02a3b5b302941533 : 190195389726725427
							      >	@@@ mem[   88] = 0082021300b22023 : 36594027611693091
							      >	@@@ mem[   96] = 3e81819300188893 : 4504023570708990099
							      >	@@@ mem[  104] = 003184b300318333 : 13938178196079411
							      >	@@@ mem[  112] = 0231a2b300318433 : 158086351620768819
							      >	@@@ mem[  120] = 02941533026283b3 : 185796793456559027
							      >	@@@ mem[  128] = 00b2202302a3b5b3 : 50137880594724275
							      >	@@@ mem[  136] = 0018889300820213 : 6905564391146003
							      >	@@@ mem[  144] = 003183333e818193 : 13936529974067603
							      >	@@@ mem[  152] = 00318433003184b3 : 13937628440265907
							      >	@@@ mem[  160] = 026283b30231a2b3 : 171844540652692147
							      >	@@@ mem[  168] = 02a3b5b302941533 : 190195389726725427
							      >	@@@ mem[  176] = 0082021300b22023 : 36594027611693091
							      >	@@@ mem[  184] = 3e81819300188893 : 4504023570708990099
							      >	@@@ mem[  192] = f40116e30308a113 : 17582359584495411475
							      >	@@@ mem[  200] = 0000000010500073 : 273678451
@@@								@@@
@@@								@@@
@@@ System halted on WFI instruction				@@@ System halted on WFI instruction
@@@								@@@[m


[33m######################################################(B[m
[33m# RUNNING TEST CASE:test_progs/rv32_parallel/rv32_parallel-4-3.s[m
[33m######################################################(B[m
(B[mAssembling Working...[m
(B[mRunning Working...[m

@@  625 cycles / 520 instrs = 1.201923 CPI
[mChecking Memory Ouput...[m[31m FAILED[m
[31m@@@ Unified Memory contents hex on left, decimal on right: 	@@@ Unified Memory contents hex on left, decimal on right: 
@@@								@@@
@@@ mem[    0] = 000181b700000893 : 424097955711123		@@@ mem[    0] = 000181b700000893 : 424097955711123
@@@ mem[    8] = 000012376a018193 : 20029210984851		@@@ mem[    8] = 000012376a018193 : 20029210984851
@@@ mem[   16] = 003184b300318333 : 13938178196079411		@@@ mem[   16] = 003184b300318333 : 13938178196079411
@@@ mem[   24] = 0231a2b300318433 : 158086351620768819		@@@ mem[   24] = 0231a2b300318433 : 158086351620768819
@@@ mem[   32] = 02941533026283b3 : 185796793456559027		@@@ mem[   32] = 02941533026283b3 : 185796793456559027
@@@ mem[   40] = 00b2202302a3b5b3 : 50137880594724275		@@@ mem[   40] = 00b2202302a3b5b3 : 50137880594724275
@@@ mem[   48] = 0018889300820213 : 6905564391146003	      |	@@@ mem[   48] = 3e81819300820213 : 4504023570715902483
@@@ mem[   56] = 0308a1133e818193 : 218601685952594323	      |	@@@ mem[   56] = 003184b300318333 : 13938178196079411
@@@ mem[   64] = 10500073fc0118e3 : 1175440000892868835	      |	@@@ mem[   64] = 0231a2b300318433 : 158086351620768819
							      >	@@@ mem[   72] = 02941533026283b3 : 185796793456559027
							      >	@@@ mem[   80] = 00b2202302a3b5b3 : 50137880594724275
							      >	@@@ mem[   88] = 3e81819300820213 : 4504023570715902483
							      >	@@@ mem[   96] = 003184b300318333 : 13938178196079411
							      >	@@@ mem[  104] = 0231a2b300318433 : 158086351620768819
							      >	@@@ mem[  112] = 02941533026283b3 : 185796793456559027
							      >	@@@ mem[  120] = 00b2202302a3b5b3 : 50137880594724275
							      >	@@@ mem[  128] = 3e81819300820213 : 4504023570715902483
							      >	@@@ mem[  136] = 003184b300318333 : 13938178196079411
							      >	@@@ mem[  144] = 0231a2b300318433 : 158086351620768819
							      >	@@@ mem[  152] = 02941533026283b3 : 185796793456559027
							      >	@@@ mem[  160] = 00b2202302a3b5b3 : 50137880594724275
							      >	@@@ mem[  168] = 0048889300820213 : 20416363273257491
							      >	@@@ mem[  176] = 0308a1133e818193 : 218601685952594323
							      >	@@@ mem[  184] = 10500073f4011ce3 : 1175440000758652131
@@@								@@@
@@@								@@@
@@@ System halted on WFI instruction				@@@ System halted on WFI instruction
@@@								@@@[m


[33m######################################################(B[m
[33m# RUNNING TEST CASE:test_progs/rv32_parallel/rv32_parallel-4-4.s[m
[33m######################################################(B[m
(B[mAssembling Working...[m
(B[mRunning Working...[m

@@  628 cycles / 508 instrs = 1.236220 CPI
[mChecking Memory Ouput...[m[31m FAILED[m
[31m@@@ Unified Memory contents hex on left, decimal on right: 	@@@ Unified Memory contents hex on left, decimal on right: 
@@@								@@@
@@@ mem[    0] = 000181b700000893 : 424097955711123	      |	@@@ mem[    0] = 000181b703000893 : 424098006042771
@@@ mem[    8] = 000012376a018193 : 20029210984851		@@@ mem[    8] = 000012376a018193 : 20029210984851
@@@ mem[   16] = 003184b300318333 : 13938178196079411		@@@ mem[   16] = 003184b300318333 : 13938178196079411
@@@ mem[   24] = 0231a2b300318433 : 158086351620768819		@@@ mem[   24] = 0231a2b300318433 : 158086351620768819
@@@ mem[   32] = 02941533026283b3 : 185796793456559027		@@@ mem[   32] = 02941533026283b3 : 185796793456559027
@@@ mem[   40] = 00b2202302a3b5b3 : 50137880594724275		@@@ mem[   40] = 00b2202302a3b5b3 : 50137880594724275
@@@ mem[   48] = 0018889300820213 : 6905564391146003	      |	@@@ mem[   48] = 3e81819300820213 : 4504023570715902483
@@@ mem[   56] = 0308a1133e818193 : 218601685952594323	      |	@@@ mem[   56] = 003184b300318333 : 13938178196079411
@@@ mem[   64] = 10500073fc0118e3 : 1175440000892868835	      |	@@@ mem[   64] = 0231a2b300318433 : 158086351620768819
							      >	@@@ mem[   72] = 02941533026283b3 : 185796793456559027
							      >	@@@ mem[   80] = 00b2202302a3b5b3 : 50137880594724275
							      >	@@@ mem[   88] = 3e81819300820213 : 4504023570715902483
							      >	@@@ mem[   96] = 003184b300318333 : 13938178196079411
							      >	@@@ mem[  104] = 0231a2b300318433 : 158086351620768819
							      >	@@@ mem[  112] = 02941533026283b3 : 185796793456559027
							      >	@@@ mem[  120] = 00b2202302a3b5b3 : 50137880594724275
							      >	@@@ mem[  128] = 3e81819300820213 : 4504023570715902483
							      >	@@@ mem[  136] = 003184b300318333 : 13938178196079411
							      >	@@@ mem[  144] = 0231a2b300318433 : 158086351620768819
							      >	@@@ mem[  152] = 02941533026283b3 : 185796793456559027
							      >	@@@ mem[  160] = 00b2202302a3b5b3 : 50137880594724275
							      >	@@@ mem[  168] = ffc8889300820213 : 18431131639963845139
							      >	@@@ mem[  176] = f4089ee33e818193 : 17584479443911541139
							      >	@@@ mem[  184] = 0000000010500073 : 273678451
@@@								@@@
@@@								@@@
@@@ System halted on WFI instruction				@@@ System halted on WFI instruction
@@@								@@@[m


[33m######################################################(B[m
[33m# RUNNING TEST CASE:test_progs/rv32_parallel/rv32_parallel-4-7.s[m
[33m######################################################(B[m
(B[mAssembling Working...[m
(B[mRunning Working...[m

@@  630 cycles / 480 instrs = 1.312500 CPI
[mChecking Memory Ouput...[m[31m FAILED[m
[31m@@@ Unified Memory contents hex on left, decimal on right: 	@@@ Unified Memory contents hex on left, decimal on right: 
@@@								@@@
@@@ mem[    0] = 000181b700000893 : 424097955711123	      |	@@@ mem[    0] = 000181b703000893 : 424098006042771
@@@ mem[    8] = 000012376a018193 : 20029210984851	      |	@@@ mem[    8] = 000196376a018193 : 446639722561939
@@@ mem[   16] = 003184b300318333 : 13938178196079411	      |	@@@ mem[   16] = 000196b7a8860613 : 447190527247891
@@@ mem[   24] = 0231a2b300318433 : 158086351620768819	      |	@@@ mem[   24] = 00019737e7068693 : 447741331670675
@@@ mem[   32] = 02941533026283b3 : 185796793456559027	      |	@@@ mem[   32] = 000017b725870713 : 26075376060179
@@@ mem[   40] = 00b2202302a3b5b3 : 50137880594724275	      |	@@@ mem[   40] = 00001237fa078793 : 20031627298707
@@@ mem[   48] = 0018889300820213 : 6905564391146003	      |	@@@ mem[   48] = 003184b300318333 : 13938178196079411
@@@ mem[   56] = 0308a1133e818193 : 218601685952594323	      |	@@@ mem[   56] = 0231a2b300318433 : 158086351620768819
@@@ mem[   64] = 10500073fc0118e3 : 1175440000892868835	      |	@@@ mem[   64] = 02941533026283b3 : 185796793456559027
							      >	@@@ mem[   72] = 00b2202302a3b5b3 : 50137880594724275
							      >	@@@ mem[   80] = 00c603333e818193 : 55735564015600019
							      >	@@@ mem[   88] = 00c6043300c604b3 : 55736662491530419
							      >	@@@ mem[   96] = 026283b302c622b3 : 171844540662424243
							      >	@@@ mem[  104] = 02a3b5b302941533 : 190195389726725427
							      >	@@@ mem[  112] = 00f6063300b22423 : 69249660395594787
							      >	@@@ mem[  120] = 00d684b300d68333 : 60381549364151091
							      >	@@@ mem[  128] = 02d6a2b300d68433 : 204529722788840499
							      >	@@@ mem[  136] = 02941533026283b3 : 185796793456559027
							      >	@@@ mem[  144] = 00b2282302a3b5b3 : 50146676687746483
							      >	@@@ mem[  152] = 00e7033300f686b3 : 65024237214533299
							      >	@@@ mem[  160] = 00e7043300e704b3 : 65025336725144755
							      >	@@@ mem[  168] = 026283b302e722b3 : 171844540664586931
							      >	@@@ mem[  176] = 02a3b5b302941533 : 190195389726725427
							      >	@@@ mem[  184] = 0202021300b22c23 : 144680418668588067
							      >	@@@ mem[  192] = 00f70733ffc88893 : 69532239163590803
							      >	@@@ mem[  200] = 10500073f60894e3 : 1175440000792696035
@@@								@@@
@@@								@@@
@@@ System halted on WFI instruction				@@@ System halted on WFI instruction
@@@								@@@[m

