@@@ Unified Memory contents hex on left, decimal on right: 
@@@
@@@ mem[    0] = 000181b700000893 : 424097955711123
@@@ mem[    8] = 000012376a018193 : 20029210984851
@@@ mem[   16] = 003184b300318333 : 13938178196079411
@@@ mem[   24] = 0231a2b300318433 : 158086351620768819
@@@ mem[   32] = 02941533026283b3 : 185796793456559027
@@@ mem[   40] = 00b2202302a3b5b3 : 50137880594724275
@@@ mem[   48] = 0018889300820213 : 6905564391146003
@@@ mem[   56] = 003183333e818193 : 13936529974067603
@@@ mem[   64] = 00318433003184b3 : 13937628440265907
@@@ mem[   72] = 026283b30231a2b3 : 171844540652692147
@@@ mem[   80] = 02a3b5b302941533 : 190195389726725427
@@@ mem[   88] = 0082021300b22023 : 36594027611693091
@@@ mem[   96] = 3e81819300188893 : 4504023570708990099
@@@ mem[  104] = 003184b300318333 : 13938178196079411
@@@ mem[  112] = 0231a2b300318433 : 158086351620768819
@@@ mem[  120] = 02941533026283b3 : 185796793456559027
@@@ mem[  128] = 00b2202302a3b5b3 : 50137880594724275
@@@ mem[  136] = 0018889300820213 : 6905564391146003
@@@ mem[  144] = 0308a1133e818193 : 218601685952594323
@@@ mem[  152] = 10500073f6011ce3 : 1175440000792206563
@@@
@@@
@@@ System halted on WFI instruction
@@@
