@@@ Unified Memory contents hex on left, decimal on right: 
@@@
@@@ mem[    0] = 0010029300000193 : 4506430010818963
@@@ mem[    8] = 0000123700200313 : 20027434599187
@@@ mem[   16] = 000f96630011ff93 : 4387476597768083
@@@ mem[   24] = 0082021300322023 : 36594027603304483
@@@ mem[   32] = 0012ff9300318193 : 5347556409311635
@@@ mem[   40] = 00522023000f9663 : 23116282787239523
@@@ mem[   48] = 0032829300820213 : 14217316715856403
@@@ mem[   56] = 000f966300137f93 : 4387476597866387
@@@ mem[   64] = 0082021300622023 : 36594027606450211
@@@ mem[   72] = 0033031300e1a113 : 14358603966292243
@@@ mem[   80] = 0011ff93fc0110e3 : 5066085657284835
@@@ mem[   88] = 00322023000f9463 : 14109083532498019
@@@ mem[   96] = 0000000010500073 : 273678451
@@@
@@@ mem[ 4104] = 0000000000000002 : 2
@@@ mem[ 4112] = 0000000000000004 : 4
@@@ mem[ 4120] = 0000000000000006 : 6
@@@ mem[ 4128] = 0000000000000008 : 8
@@@ mem[ 4136] = 000000000000000a : 10
@@@ mem[ 4144] = 000000000000000c : 12
@@@ mem[ 4152] = 000000000000000e : 14
@@@
@@@
@@@ System halted on WFI instruction
@@@
