@@@ Unified Memory contents hex on left, decimal on right: 
@@@
@@@ mem[    0] = 0000009700000013 : 648540061715
@@@ mem[    8] = 0001011708c08093 : 282673419419795
@@@ mem[   16] = 00010413ff410113 : 285958910050579
@@@ mem[   24] = ac81819300001197 : 12430358914879459735
@@@ mem[   32] = 0000029300000213 : 2830383448595
@@@ mem[   40] = 0000039300000313 : 3929895076627
@@@ mem[   48] = 0000051300000493 : 5579162518675
@@@ mem[   56] = 0000061300000593 : 6678674146707
@@@ mem[   64] = 0000071300000693 : 7778185774739
@@@ mem[   72] = 0000081300000793 : 8877697402771
@@@ mem[   80] = 0000091300000893 : 9977209030803
@@@ mem[   88] = 00000a1300000993 : 11076720658835
@@@ mem[   96] = 00000b1300000a93 : 12176232286867
@@@ mem[  104] = 00000c1300000b93 : 13275743914899
@@@ mem[  112] = 00000d1300000c93 : 14375255542931
@@@ mem[  120] = 00000e1300000d93 : 15474767170963
@@@ mem[  128] = 00000f1300000e93 : 16574278798995
@@@ mem[  136] = 1040006f00000f93 : 1170936379857702803
@@@ mem[  144] = f701011300010117 : 17798508383460983063
@@@ mem[  152] = 00000013fea12c23 : 85876354083
@@@ mem[  160] = 00000e3710500073 : 15629659668595
@@@ mem[  168] = 0af05a63304e2783 : 788229316848527235
@@@ mem[  176] = 0000081300000893 : 8877697403027
@@@ mem[  184] = 000527830005a303 : 1450818478121731
@@@ mem[  192] = 0018081300460613 : 6764277143045651
@@@ mem[  200] = 00450513026787b3 : 19427352595892147
@@@ mem[  208] = fef62e2300458593 : 18371922457767806355
@@@ mem[  216] = 00f888b3304e2303 : 69956097415193347
@@@ mem[  224] = 000527830005a303 : 1450818478121731
@@@ mem[  232] = 0018081300460613 : 6764277143045651
@@@ mem[  240] = 00450513026787b3 : 19427352595892147
@@@ mem[  248] = fef62e2300458593 : 18371922457767806355
@@@ mem[  256] = 00f888b3304e2303 : 69956097415193347
@@@ mem[  264] = 000527830005a303 : 1450818478121731
@@@ mem[  272] = 0018081300460613 : 6764277143045651
@@@ mem[  280] = 00450513026787b3 : 19427352595892147
@@@ mem[  288] = fef62e2300458593 : 18371922457767806355
@@@ mem[  296] = 00f888b3304e2303 : 69956097415193347
@@@ mem[  304] = 000527830005a303 : 1450818478121731
@@@ mem[  312] = 0018081300460613 : 6764277143045651
@@@ mem[  320] = 00450513026787b3 : 19427352595892147
@@@ mem[  328] = fef62e2300458593 : 18371922457767806355
@@@ mem[  336] = 00f888b3304e2303 : 69956097415193347
@@@ mem[  344] = 011686b3f66840e3 : 78398151016857827
@@@ mem[  352] = 0000806700d72023 : 141179884085283
@@@ mem[  360] = 3006a783000006b7 : 3460637544763360951
@@@ mem[  368] = 1a77071300004737 : 1907000745400485687
@@@ mem[  376] = 8000073702e787b3 : 9223379969708099507
@@@ mem[  384] = 02e7e7b3fff74713 : 209390667975575315
@@@ mem[  392] = 0000806730f6a023 : 141180691456035
@@@ mem[  400] = 02112623fd010113 : 148942198690349331
@@@ mem[  408] = 0291222302812423 : 184966593460118563
@@@ mem[  416] = 01312e2303212023 : 85900595807985699
@@@ mem[  424] = 01512a2301412c23 : 94903396984761379
@@@ mem[  432] = 0171262301612823 : 103906198195087395
@@@ mem[  440] = 0191222301812423 : 112908999405413411
@@@ mem[  448] = 000007b703010413 : 8482610807827
@@@ mem[  456] = 002717933047a703 : 11003445029349123
@@@ mem[  464] = ff07f79300f78793 : 18376929015257073555
@@@ mem[  472] = 00010b9340f10133 : 294202054345011
@@@ mem[  480] = 00010c1340f10133 : 294751810158899
@@@ mem[  488] = 00010c9340f10133 : 295301565972787
@@@ mem[  496] = 000b8a1304e05e63 : 3248039034642019
@@@ mem[  504] = 000c8913000c0993 : 3528414418700691
@@@ mem[  512] = 00010ab700000493 : 293256072004755
@@@ mem[  520] = 00000b37fffa8a93 : 12335145716371
@@@ mem[  528] = f58080e700000097 : 17690281065937109143
@@@ mem[  536] = 00aa202301557533 : 47886080759133491
@@@ mem[  544] = f48080e700000097 : 17618223471899181207
@@@ mem[  552] = 00a9a02301557533 : 47745343270778163
@@@ mem[  560] = 0014849300092023 : 5775266429870115
@@@ mem[  568] = 00498993004a0a13 : 20698937757927955
@@@ mem[  576] = 304b278300490913 : 3479918580672825619
@@@ mem[  584] = 00000097fcf4c4e3 : 652783961315
@@@ mem[  592] = 00050693f1c080e7 : 1414607369437415
@@@ mem[  600] = 32048713000004b7 : 3604154117477369015
@@@ mem[  608] = 000c0593000c8613 : 3383828639680019
@@@ mem[  616] = 00000097000b8513 : 648540816659
@@@ mem[  624] = 3204a503e38080e7 : 3604187037923573991
@@@ mem[  632] = fd04011300153513 : 18231698372620006675
@@@ mem[  640] = 0281240302c12083 : 180465055421243523
@@@ mem[  648] = 0201290302412483 : 144441755952030851
@@@ mem[  656] = 01812a0301c12983 : 108414058436307331
@@@ mem[  664] = 01012b0301412a83 : 72386360920582787
@@@ mem[  672] = 00812c0300c12b83 : 36358663404858243
@@@ mem[  680] = 0301011300412c83 : 216455438210772099
@@@ mem[  688] = 0000001300008067 : 81604411495
@@@ mem[  696] = 0000001300000013 : 81604378643
@@@
@@@ mem[  768] = 0000000c79fe81fc : 53586330108
@@@
@@@ mem[65528] = 0000009000000001 : 618475290625
@@@
@@@ System halted on WFI instruction
@@@
