@@@ Unified Memory contents hex on left, decimal on right: 
@@@
@@@ mem[    0] = 0000009700000013 : 648540061715
@@@ mem[    8] = 0001011708c08093 : 282673419419795
@@@ mem[   16] = 00010413ff410113 : 285958910050579
@@@ mem[   24] = ac81819300001197 : 12430358914879459735
@@@ mem[   32] = 0000029300000213 : 2830383448595
@@@ mem[   40] = 0000039300000313 : 3929895076627
@@@ mem[   48] = 0000051300000493 : 5579162518675
@@@ mem[   56] = 0000061300000593 : 6678674146707
@@@ mem[   64] = 0000071300000693 : 7778185774739
@@@ mem[   72] = 0000081300000793 : 8877697402771
@@@ mem[   80] = 0000091300000893 : 9977209030803
@@@ mem[   88] = 00000a1300000993 : 11076720658835
@@@ mem[   96] = 00000b1300000a93 : 12176232286867
@@@ mem[  104] = 00000c1300000b93 : 13275743914899
@@@ mem[  112] = 00000d1300000c93 : 14375255542931
@@@ mem[  120] = 00000e1300000d93 : 15474767170963
@@@ mem[  128] = 00000f1300000e93 : 16574278798995
@@@ mem[  136] = 0f80006f00000f93 : 1116893184329256851
@@@ mem[  144] = f701011300010117 : 17798508383460983063
@@@ mem[  152] = 00000013fea12c23 : 85876354083
@@@ mem[  160] = 00000e3710500073 : 15629659668595
@@@ mem[  168] = 0af05463304e2783 : 788222719778760579
@@@ mem[  176] = 0000081300000893 : 8877697403027
@@@ mem[  184] = 000527830005a303 : 1450818478121731
@@@ mem[  192] = 026787b300460613 : 173256313550538259
@@@ mem[  200] = 0045859300450513 : 19568639804245267
@@@ mem[  208] = 304e2303fef62e23 : 3480758062073392675
@@@ mem[  216] = 0005a30300f888b3 : 1586608180070579
@@@ mem[  224] = 0046061300052783 : 19709927044228995
@@@ mem[  232] = 00450513026787b3 : 19427352595892147
@@@ mem[  240] = fef62e2300458593 : 18371922457767806355
@@@ mem[  248] = 00f888b3304e2303 : 69956097415193347
@@@ mem[  256] = 000527830005a303 : 1450818478121731
@@@ mem[  264] = 026787b300460613 : 173256313550538259
@@@ mem[  272] = 0045859300450513 : 19568639804245267
@@@ mem[  280] = 304e2303fef62e23 : 3480758062073392675
@@@ mem[  288] = 0005a30300f888b3 : 1586608180070579
@@@ mem[  296] = 0046061300052783 : 19709927044228995
@@@ mem[  304] = 026787b300480813 : 173256313550669843
@@@ mem[  312] = 0045859300450513 : 19568639804245267
@@@ mem[  320] = 304e2303fef62e23 : 3480758062073392675
@@@ mem[  328] = f66846e300f888b3 : 17755519471695988915
@@@ mem[  336] = 00d72023011686b3 : 60552454706988723
@@@ mem[  344] = 000006b700008067 : 7383048814695
@@@ mem[  352] = 000047373006a783 : 78302354515843
@@@ mem[  360] = 02e787b31a770713 : 209285111008921363
@@@ mem[  368] = fff7471380000737 : 18444288947996591927
@@@ mem[  376] = 30f6a02302e7e7b3 : 3528183430324414387
@@@ mem[  384] = fd01011300008067 : 18230853947688517735
@@@ mem[  392] = 0281242302112623 : 180465192848664099
@@@ mem[  400] = 0321202302912223 : 225496791084245539
@@@ mem[  408] = 01412c2301312e23 : 90401996379598371
@@@ mem[  416] = 0161282301512a23 : 99404797589924387
@@@ mem[  424] = 0181242301712623 : 108407598800250403
@@@ mem[  432] = 0301041301912223 : 216458736767672867
@@@ mem[  440] = 3047a703000007b7 : 3478932868493739959
@@@ mem[  448] = 00f7879300271793 : 69673384680036243
@@@ mem[  456] = 40f10133ff07f793 : 4679522810648328083
@@@ mem[  464] = 40f1013300010b93 : 4679522806369684371
@@@ mem[  472] = 40f1013300010c13 : 4679522806369684499
@@@ mem[  480] = 04e05e6300010c93 : 351384550229740691
@@@ mem[  488] = 000c0993000b8a13 : 3388226686126611
@@@ mem[  496] = 00000493000c8913 : 5029407525139
@@@ mem[  504] = fffa8a9300010ab7 : 18445207587814181559
@@@ mem[  512] = 0000009700000b37 : 648540064567
@@@ mem[  520] = 01557533f58080e7 : 96111833080955111
@@@ mem[  528] = 0000009700aa2023 : 648551211043
@@@ mem[  536] = 01557533f48080e7 : 96111833064177895
@@@ mem[  544] = 0009202300a9a023 : 2568609497456675
@@@ mem[  552] = 004a0a1300148493 : 20840224998589587
@@@ mem[  560] = 0049091300498993 : 20557650513725843
@@@ mem[  568] = fcf4c4e3304b2783 : 18227410071922091907
@@@ mem[  576] = f1c080e700000097 : 17420065088294879383
@@@ mem[  584] = 000004b700050693 : 5184025855635
@@@ mem[  592] = 000c861332048713 : 3525116722186003
@@@ mem[  600] = 000b8513000c0593 : 3242541395477907
@@@ mem[  608] = e44080e700000097 : 16447287568782852247
@@@ mem[  616] = 001535133204a503 : 5969331070739715
@@@ mem[  624] = 02c12083fd040113 : 198475609838715155
@@@ mem[  632] = 0241248302812403 : 162451206663382019
@@@ mem[  640] = 01c1298302012903 : 126427907194169603
@@@ mem[  648] = 01412a8301812a03 : 90400209678445059
@@@ mem[  656] = 00c12b8301012b03 : 54372512162720515
@@@ mem[  664] = 00412c8300812c03 : 18344814646995971
@@@ mem[  672] = 0000806703010113 : 141179920384275
@@@ mem[  680] = 0000001300000013 : 81604378643
@@@
@@@ mem[  768] = 0000000c79fe81fc : 53586330108
@@@
@@@ mem[65528] = 0000009000000001 : 618475290625
@@@
@@@ System halted on WFI instruction
@@@
