@@@ Unified Memory contents hex on left, decimal on right: 
@@@
@@@ mem[    0] = 0000123700000193 : 20027432501651
@@@ mem[    8] = 000f96630011ff93 : 4387476597768083
@@@ mem[   16] = 0082021300322023 : 36594027603304483
@@@ mem[   24] = 0011ff9300118193 : 5066081430503827
@@@ mem[   32] = 00322023000f9663 : 14109083532498531
@@@ mem[   40] = 0011819300820213 : 4927542972776979
@@@ mem[   48] = 000f96630011ff93 : 4387476597768083
@@@ mem[   56] = 0082021300322023 : 36594027603304483
@@@ mem[   64] = 0011819300e1a113 : 4927542979043603
@@@ mem[   72] = 0011ff93fc0110e3 : 5066085657284835
@@@ mem[   80] = 00322023000f9463 : 14109083532498019
@@@ mem[   88] = 0000000010500073 : 273678451
@@@
@@@ mem[ 4104] = 0000000000000002 : 2
@@@ mem[ 4112] = 0000000000000004 : 4
@@@ mem[ 4120] = 0000000000000006 : 6
@@@ mem[ 4128] = 0000000000000008 : 8
@@@ mem[ 4136] = 000000000000000a : 10
@@@ mem[ 4144] = 000000000000000c : 12
@@@ mem[ 4152] = 000000000000000e : 14
@@@
@@@
@@@ System halted on WFI instruction
@@@
