@@@ Unified Memory contents hex on left, decimal on right: 
@@@
@@@ mem[    0] = 000181b703000893 : 424098006042771
@@@ mem[    8] = 000196b76a018193 : 447189478375827
@@@ mem[   16] = 00001237a8868693 : 20030259889811
@@@ mem[   24] = 003184b300318333 : 13938178196079411
@@@ mem[   32] = 0231a2b300318433 : 158086351620768819
@@@ mem[   40] = 02941533026283b3 : 185796793456559027
@@@ mem[   48] = 00b2202302a3b5b3 : 50137880594724275
@@@ mem[   56] = 00d683337d018193 : 60379902179901843
@@@ mem[   64] = 00d6843300d684b3 : 60380999608337587
@@@ mem[   72] = 026283b302d6a2b3 : 171844540663505587
@@@ mem[   80] = 02a3b5b302941533 : 190195389726725427
@@@ mem[   88] = 0102021300b22423 : 72622824630658083
@@@ mem[   96] = 7d068693ffe88893 : 9009036074812999827
@@@ mem[  104] = 10500073fa0898e3 : 1175440000859805923
@@@
@@@
@@@ System halted on WFI instruction
@@@
