@@@ Unified Memory contents hex on left, decimal on right: 
@@@
@@@ mem[    0] = 000181b703000893 : 424098006042771
@@@ mem[    8] = 000196376a018193 : 446639722561939
@@@ mem[   16] = 000196b7a8860613 : 447190527247891
@@@ mem[   24] = 00001737e7068693 : 25528866604691
@@@ mem[   32] = 00001237bb870713 : 20030578689811
@@@ mem[   40] = 003184b300318333 : 13938178196079411
@@@ mem[   48] = 0231a2b300318433 : 158086351620768819
@@@ mem[   56] = 02941533026283b3 : 185796793456559027
@@@ mem[   64] = 00b2202302a3b5b3 : 50137880594724275
@@@ mem[   72] = 00c6033300e181b3 : 55735562981704115
@@@ mem[   80] = 00c6043300c604b3 : 55736662491530419
@@@ mem[   88] = 026283b302c622b3 : 171844540662424243
@@@ mem[   96] = 02a3b5b302941533 : 190195389726725427
@@@ mem[  104] = 00e6063300b22423 : 64746060768224291
@@@ mem[  112] = 00d684b300d68333 : 60381549364151091
@@@ mem[  120] = 02d6a2b300d68433 : 204529722788840499
@@@ mem[  128] = 02941533026283b3 : 185796793456559027
@@@ mem[  136] = 00b2282302a3b5b3 : 50146676687746483
@@@ mem[  144] = ffd8889301820213 : 18435635239607992851
@@@ mem[  152] = f80896e300e686b3 : 17872701022936663731
@@@ mem[  160] = 0000000010500073 : 273678451
@@@
@@@
@@@ System halted on WFI instruction
@@@
