@@@ Unified Memory contents hex on left, decimal on right: 
@@@
@@@ mem[    0] = 0010029300000193 : 4506430010818963
@@@ mem[    8] = 0030039300200313 : 13514728779285267
@@@ mem[   16] = 0011ff9300001237 : 5066081429361207
@@@ mem[   24] = 00322023000f9663 : 14109083532498531
@@@ mem[   32] = 0041819300820213 : 18438341854888467
@@@ mem[   40] = 000f96630012ff93 : 4387476597833619
@@@ mem[   48] = 0082021300522023 : 36594027605401635
@@@ mem[   56] = 00137f9300428293 : 5488293898781331
@@@ mem[   64] = 00622023000f9663 : 27619882414610019
@@@ mem[   72] = 0043031300820213 : 18862203587396115
@@@ mem[   80] = 000f96630013ff93 : 4387476597899155
@@@ mem[   88] = 0082021300722023 : 36594027607498787
@@@ mem[   96] = 0043839300f1a113 : 19003490838880531
@@@ mem[  104] = 10500073fa0116e3 : 1175440000859313891
@@@
@@@ mem[ 4104] = 0000000000000002 : 2
@@@ mem[ 4112] = 0000000000000004 : 4
@@@ mem[ 4120] = 0000000000000006 : 6
@@@ mem[ 4128] = 0000000000000008 : 8
@@@ mem[ 4136] = 000000000000000a : 10
@@@ mem[ 4144] = 000000000000000c : 12
@@@ mem[ 4152] = 000000000000000e : 14
@@@
@@@
@@@ System halted on WFI instruction
@@@
