@@@ Unified Memory contents hex on left, decimal on right: 
@@@
@@@ mem[    0] = 0000009700000013 : 648540061715
@@@ mem[    8] = 0001011708c08093 : 282673419419795
@@@ mem[   16] = 00010413ff410113 : 285958910050579
@@@ mem[   24] = a681819300001197 : 11998013350651892119
@@@ mem[   32] = 0000029300000213 : 2830383448595
@@@ mem[   40] = 0000039300000313 : 3929895076627
@@@ mem[   48] = 0000051300000493 : 5579162518675
@@@ mem[   56] = 0000061300000593 : 6678674146707
@@@ mem[   64] = 0000071300000693 : 7778185774739
@@@ mem[   72] = 0000081300000793 : 8877697402771
@@@ mem[   80] = 0000091300000893 : 9977209030803
@@@ mem[   88] = 00000a1300000993 : 11076720658835
@@@ mem[   96] = 00000b1300000a93 : 12176232286867
@@@ mem[  104] = 00000c1300000b93 : 13275743914899
@@@ mem[  112] = 00000d1300000c93 : 14375255542931
@@@ mem[  120] = 00000e1300000d93 : 15474767170963
@@@ mem[  128] = 00000f1300000e93 : 16574278798995
@@@ mem[  136] = 0a40006f00000f93 : 738590815630135187
@@@ mem[  144] = f701011300010117 : 17798508383460983063
@@@ mem[  152] = 00000013fea12c23 : 85876354083
@@@ mem[  160] = 00000e3710500073 : 15629659668595
@@@ mem[  168] = 04f05a632a4e2783 : 355883752520296323
@@@ mem[  176] = 0000081300000893 : 8877697403027
@@@ mem[  184] = 000527830005a303 : 1450818478121731
@@@ mem[  192] = 00f62023026787b3 : 69278179007104947
@@@ mem[  200] = 0045a30300f888b3 : 19601006689552563
@@@ mem[  208] = 0086061300452783 : 37724325557905283
@@@ mem[  216] = 026787b300280813 : 173256313548572691
@@@ mem[  224] = 0085859300850513 : 37583038317921555
@@@ mem[  232] = 2a4e2303fef62e23 : 3048412497845825059
@@@ mem[  240] = fc6842e300f90933 : 18187860637877078323
@@@ mem[  248] = 011686b3011908b3 : 78398146901248179
@@@ mem[  256] = 0000806700d72023 : 141179884085283
@@@ mem[  264] = 2a06a783000006b7 : 3028291980535793335
@@@ mem[  272] = 1a77071300004737 : 1907000745400485687
@@@ mem[  280] = 8000073702e787b3 : 9223379969708099507
@@@ mem[  288] = 02e7e7b3fff74713 : 209390667975575315
@@@ mem[  296] = 000080672af6a023 : 141180590792739
@@@ mem[  304] = 02112623fd010113 : 148942198690349331
@@@ mem[  312] = 0291222302812423 : 184966593460118563
@@@ mem[  320] = 01312e2303212023 : 85900595807985699
@@@ mem[  328] = 01512a2301412c23 : 94903396984761379
@@@ mem[  336] = 0171262301612823 : 103906198195087395
@@@ mem[  344] = 0191222301812423 : 112908999405413411
@@@ mem[  352] = 000007b703010413 : 8482610807827
@@@ mem[  360] = 002717932a47a703 : 11003444928685827
@@@ mem[  368] = ff07f79300f78793 : 18376929015257073555
@@@ mem[  376] = 00010b9340f10133 : 294202054345011
@@@ mem[  384] = 00010c1340f10133 : 294751810158899
@@@ mem[  392] = 00010c9340f10133 : 295301565972787
@@@ mem[  400] = 000b8a1304e05e63 : 3248039034642019
@@@ mem[  408] = 000c8913000c0993 : 3528414418700691
@@@ mem[  416] = 00010ab700000493 : 293256072004755
@@@ mem[  424] = 00000b37fffa8a93 : 12335145716371
@@@ mem[  432] = f58080e700000097 : 17690281065937109143
@@@ mem[  440] = 00aa202301557533 : 47886080759133491
@@@ mem[  448] = f48080e700000097 : 17618223471899181207
@@@ mem[  456] = 00a9a02301557533 : 47745343270778163
@@@ mem[  464] = 0014849300092023 : 5775266429870115
@@@ mem[  472] = 00498993004a0a13 : 20698937757927955
@@@ mem[  480] = 2a4b278300490913 : 3047573016445258003
@@@ mem[  488] = 00000097fcf4c4e3 : 652783961315
@@@ mem[  496] = 00050693f1c080e7 : 1414607369437415
@@@ mem[  504] = 2c048713000004b7 : 3171808553249801399
@@@ mem[  512] = 000c0593000c8613 : 3383828639680019
@@@ mem[  520] = 00000097000b8513 : 648540816659
@@@ mem[  528] = 2c04a503e98080e7 : 3171841473796669671
@@@ mem[  536] = fd04011300153513 : 18231698372620006675
@@@ mem[  544] = 0281240302c12083 : 180465055421243523
@@@ mem[  552] = 0201290302412483 : 144441755952030851
@@@ mem[  560] = 01812a0301c12983 : 108414058436307331
@@@ mem[  568] = 01012b0301412a83 : 72386360920582787
@@@ mem[  576] = 00812c0300c12b83 : 36358663404858243
@@@ mem[  584] = 0301011300412c83 : 216455438210772099
@@@ mem[  592] = 0000001300008067 : 81604411495
@@@ mem[  600] = 0000001300000013 : 81604378643
@@@
@@@ mem[  672] = 0000000c79fe81fc : 53586330108
@@@
@@@ mem[  704] = 000000000000ff70 : 65392
@@@
@@@ mem[65528] = 0000009000000000 : 618475290624
@@@
@@@ System halted on WFI instruction
@@@
