@@@ Unified Memory contents hex on left, decimal on right: 
@@@
@@@ mem[    0] = 000181b700000893 : 424097955711123
@@@ mem[    8] = 000012376a018193 : 20029210984851
@@@ mem[   16] = 003184b300318333 : 13938178196079411
@@@ mem[   24] = 0231a2b300318433 : 158086351620768819
@@@ mem[   32] = 02941533026283b3 : 185796793456559027
@@@ mem[   40] = 00b2202302a3b5b3 : 50137880594724275
@@@ mem[   48] = 3e81819300820213 : 4504023570715902483
@@@ mem[   56] = 003184b300318333 : 13938178196079411
@@@ mem[   64] = 0231a2b300318433 : 158086351620768819
@@@ mem[   72] = 02941533026283b3 : 185796793456559027
@@@ mem[   80] = 00b2202302a3b5b3 : 50137880594724275
@@@ mem[   88] = 3e81819300820213 : 4504023570715902483
@@@ mem[   96] = 003184b300318333 : 13938178196079411
@@@ mem[  104] = 0231a2b300318433 : 158086351620768819
@@@ mem[  112] = 02941533026283b3 : 185796793456559027
@@@ mem[  120] = 00b2202302a3b5b3 : 50137880594724275
@@@ mem[  128] = 3e81819300820213 : 4504023570715902483
@@@ mem[  136] = 003184b300318333 : 13938178196079411
@@@ mem[  144] = 0231a2b300318433 : 158086351620768819
@@@ mem[  152] = 02941533026283b3 : 185796793456559027
@@@ mem[  160] = 00b2202302a3b5b3 : 50137880594724275
@@@ mem[  168] = 0048889300820213 : 20416363273257491
@@@ mem[  176] = 0308a1133e818193 : 218601685952594323
@@@ mem[  184] = 10500073f4011ce3 : 1175440000758652131
@@@
@@@
@@@ System halted on WFI instruction
@@@
