@@@ Unified Memory contents hex on left, decimal on right: 
@@@
@@@ mem[    0] = 0000009700000013 : 648540061715
@@@ mem[    8] = 0001011708c08093 : 282673419419795
@@@ mem[   16] = 00010413ff410113 : 285958910050579
@@@ mem[   24] = a681819300001197 : 11998013350651892119
@@@ mem[   32] = 0000029300000213 : 2830383448595
@@@ mem[   40] = 0000039300000313 : 3929895076627
@@@ mem[   48] = 0000051300000493 : 5579162518675
@@@ mem[   56] = 0000061300000593 : 6678674146707
@@@ mem[   64] = 0000071300000693 : 7778185774739
@@@ mem[   72] = 0000081300000793 : 8877697402771
@@@ mem[   80] = 0000091300000893 : 9977209030803
@@@ mem[   88] = 00000a1300000993 : 11076720658835
@@@ mem[   96] = 00000b1300000a93 : 12176232286867
@@@ mem[  104] = 00000c1300000b93 : 13275743914899
@@@ mem[  112] = 00000d1300000c93 : 14375255542931
@@@ mem[  120] = 00000e1300000d93 : 15474767170963
@@@ mem[  128] = 00000f1300000e93 : 16574278798995
@@@ mem[  136] = 0b00006f00000f93 : 792634011158581139
@@@ mem[  144] = f701011300010117 : 17798508383460983063
@@@ mem[  152] = 00000013fea12c23 : 85876354083
@@@ mem[  160] = 00000e3710500073 : 15629659668595
@@@ mem[  168] = 06f050632a4e2783 : 499987945479874435
@@@ mem[  176] = 0000081300000893 : 8877697403027
@@@ mem[  184] = 000527830005a303 : 1450818478121731
@@@ mem[  192] = 0018081300460613 : 6764277143045651
@@@ mem[  200] = 00450513026787b3 : 19427352595892147
@@@ mem[  208] = fef62e2300458593 : 18371922457767806355
@@@ mem[  216] = 0005a30300f888b3 : 1586608180070579
@@@ mem[  224] = 0046061300052783 : 19709927044228995
@@@ mem[  232] = 026787b300180813 : 173256313547524115
@@@ mem[  240] = 0045859300450513 : 19568639804245267
@@@ mem[  248] = 2a4e2303fef62e23 : 3048412497845825059
@@@ mem[  256] = fa684ae300f888b3 : 18043754245894211763
@@@ mem[  264] = 00d72023011686b3 : 60552454706988723
@@@ mem[  272] = 000006b700008067 : 7383048814695
@@@ mem[  280] = 000047372a06a783 : 78302253852547
@@@ mem[  288] = 02e787b31a770713 : 209285111008921363
@@@ mem[  296] = fff7471380000737 : 18444288947996591927
@@@ mem[  304] = 2af6a02302e7e7b3 : 3095837866096846771
@@@ mem[  312] = fd01011300008067 : 18230853947688517735
@@@ mem[  320] = 0281242302112623 : 180465192848664099
@@@ mem[  328] = 0321202302912223 : 225496791084245539
@@@ mem[  336] = 01412c2301312e23 : 90401996379598371
@@@ mem[  344] = 0161282301512a23 : 99404797589924387
@@@ mem[  352] = 0181242301712623 : 108407598800250403
@@@ mem[  360] = 0301041301912223 : 216458736767672867
@@@ mem[  368] = 2a47a703000007b7 : 3046587304266172343
@@@ mem[  376] = 00f7879300271793 : 69673384680036243
@@@ mem[  384] = 40f10133ff07f793 : 4679522810648328083
@@@ mem[  392] = 40f1013300010b93 : 4679522806369684371
@@@ mem[  400] = 40f1013300010c13 : 4679522806369684499
@@@ mem[  408] = 04e05e6300010c93 : 351384550229740691
@@@ mem[  416] = 000c0993000b8a13 : 3388226686126611
@@@ mem[  424] = 00000493000c8913 : 5029407525139
@@@ mem[  432] = fffa8a9300010ab7 : 18445207587814181559
@@@ mem[  440] = 0000009700000b37 : 648540064567
@@@ mem[  448] = 01557533f58080e7 : 96111833080955111
@@@ mem[  456] = 0000009700aa2023 : 648551211043
@@@ mem[  464] = 01557533f48080e7 : 96111833064177895
@@@ mem[  472] = 0009202300a9a023 : 2568609497456675
@@@ mem[  480] = 004a0a1300148493 : 20840224998589587
@@@ mem[  488] = 0049091300498993 : 20557650513725843
@@@ mem[  496] = fcf4c4e32a4b2783 : 18227410071821428611
@@@ mem[  504] = f1c080e700000097 : 17420065088294879383
@@@ mem[  512] = 000004b700050693 : 5184025855635
@@@ mem[  520] = 000c86132c048713 : 3525116621522707
@@@ mem[  528] = 000b8513000c0593 : 3242541395477907
@@@ mem[  536] = e8c080e700000097 : 16771546741953527959
@@@ mem[  544] = 001535132c04a503 : 5969330970076419
@@@ mem[  552] = 02c12083fd040113 : 198475609838715155
@@@ mem[  560] = 0241248302812403 : 162451206663382019
@@@ mem[  568] = 01c1298302012903 : 126427907194169603
@@@ mem[  576] = 01412a8301812a03 : 90400209678445059
@@@ mem[  584] = 00c12b8301012b03 : 54372512162720515
@@@ mem[  592] = 00412c8300812c03 : 18344814646995971
@@@ mem[  600] = 0000806703010113 : 141179920384275
@@@
@@@ mem[  672] = 0000000c79fe81fc : 53586330108
@@@
@@@ mem[65528] = 0000009000000001 : 618475290625
@@@
@@@ System halted on WFI instruction
@@@
