@@@ Unified Memory contents hex on left, decimal on right: 
@@@
@@@ mem[    0] = 0010029300000193 : 4506430010818963
@@@ mem[    8] = 0011ff9300001237 : 5066081429361207
@@@ mem[   16] = 00322023000f9663 : 14109083532498531
@@@ mem[   24] = 0021819300820213 : 9431142600147475
@@@ mem[   32] = 000f96630012ff93 : 4387476597833619
@@@ mem[   40] = 0082021300522023 : 36594027605401635
@@@ mem[   48] = 0022829300f2a113 : 9713717095866643
@@@ mem[   56] = 10500073fc011ae3 : 1175440000892869347
@@@
@@@ mem[ 4104] = 0000000000000002 : 2
@@@ mem[ 4112] = 0000000000000004 : 4
@@@ mem[ 4120] = 0000000000000006 : 6
@@@ mem[ 4128] = 0000000000000008 : 8
@@@ mem[ 4136] = 000000000000000a : 10
@@@ mem[ 4144] = 000000000000000c : 12
@@@ mem[ 4152] = 000000000000000e : 14
@@@
@@@
@@@ System halted on WFI instruction
@@@
