@@@ Unified Memory contents hex on left, decimal on right: 
@@@
@@@ mem[    0] = 0000123700000193 : 20027432501651
@@@ mem[    8] = 000f96630011ff93 : 4387476597768083
@@@ mem[   16] = 0082021300322023 : 36594027603304483
@@@ mem[   24] = 0011819300f1a113 : 4927542980092179
@@@ mem[   32] = 000f96630011ff93 : 4387476597768083
@@@ mem[   40] = 0082021300322023 : 36594027603304483
@@@ mem[   48] = 0011819300f1a113 : 4927542980092179
@@@ mem[   56] = 10500073fc0118e3 : 1175440000892868835
@@@
@@@ mem[ 4104] = 0000000000000002 : 2
@@@ mem[ 4112] = 0000000000000004 : 4
@@@ mem[ 4120] = 0000000000000006 : 6
@@@ mem[ 4128] = 0000000000000008 : 8
@@@ mem[ 4136] = 000000000000000a : 10
@@@ mem[ 4144] = 000000000000000c : 12
@@@ mem[ 4152] = 000000000000000e : 14
@@@
@@@
@@@ System halted on WFI instruction
@@@
