@@@ Unified Memory contents hex on left, decimal on right: 
@@@
@@@ mem[    0] = 0000009700000013 : 648540061715
@@@ mem[    8] = 0001011709c08093 : 282673436197011
@@@ mem[   16] = 00010413ff410113 : 285958910050579
@@@ mem[   24] = e681819300001197 : 16609699369079280023
@@@ mem[   32] = 0000029300000213 : 2830383448595
@@@ mem[   40] = 0000039300000313 : 3929895076627
@@@ mem[   48] = 0000051300000493 : 5579162518675
@@@ mem[   56] = 0000061300000593 : 6678674146707
@@@ mem[   64] = 0000071300000693 : 7778185774739
@@@ mem[   72] = 0000081300000793 : 8877697402771
@@@ mem[   80] = 0000091300000893 : 9977209030803
@@@ mem[   88] = 00000a1300000993 : 11076720658835
@@@ mem[   96] = 00000b1300000a93 : 12176232286867
@@@ mem[  104] = 00000c1300000b93 : 13275743914899
@@@ mem[  112] = 00000d1300000c93 : 14375255542931
@@@ mem[  120] = 00000e1300000d93 : 15474767170963
@@@ mem[  128] = 00000f1300000e93 : 16574278798995
@@@ mem[  136] = 09c0006f00000f93 : 702562018611171219
@@@
@@@ mem[  160] = f601011300010117 : 17726450789423055127
@@@ mem[  168] = 00000013fea12c23 : 85876354083
@@@ mem[  176] = 0010079310500073 : 4511927842635891
@@@ mem[  184] = fff58e9300050313 : 18443804610977399571
@@@ mem[  192] = 04b7da6300000893 : 339980415626381459
@@@ mem[  200] = 0018889300088813 : 6905564383184915
@@@ mem[  208] = 04b8d46300032e03 : 340255293533531651
@@@ mem[  216] = 0008879300030713 : 2400865243825939
@@@ mem[  224] = 00472683000e0613 : 20027067429946899
@@@ mem[  232] = 00c6d66300470713 : 55967766083471123
@@@ mem[  240] = 0006861300078813 : 1836266023258131
@@@ mem[  248] = feb794e300178793 : 18354302509051774867
@@@ mem[  256] = 0105083300281813 : 73473984060463123
@@@ mem[  264] = 01c8202300c32023 : 128387924088791075
@@@ mem[  272] = fbd89ae300430313 : 18147424998242059027
@@@ mem[  280] = 0003081300008067 : 853302627565671
@@@ mem[  288] = fe5ff06f000e0613 : 18329633367954163219
@@@ mem[  296] = 18812c23e6010113 : 1765741061600248083
@@@ mem[  304] = 18112e2318912a23 : 1734218059785251363
@@@ mem[  312] = 1901049300410413 : 1801726355335873555
@@@ mem[  320] = 054080e700000097 : 378444098324922519
@@@ mem[  328] = 00a420233ff57513 : 46197231949542675
@@@ mem[  336] = fe9416e300440413 : 18344312346404717587
@@@ mem[  344] = 0630059300410513 : 445862492032271635
@@@ mem[  352] = f54080e700000097 : 17672266667427627159
@@@ mem[  360] = 1981240319c12083 : 1837789718679462019
@@@ mem[  368] = 0000051319412483 : 5579586217091
@@@ mem[  376] = 000080671a010113 : 141180306260243
@@@ mem[  384] = 6a07a783000007b7 : 7640259473939892151
@@@ mem[  392] = 0a07a6230aa7a423 : 722728934649078819
@@@ mem[  400] = 000007b700008067 : 8482560442471
@@@ mem[  408] = 4c9585b76a07a803 : 5518463941216806915
@@@ mem[  416] = 0a882683f2d58593 : 758898885368579475
@@@ mem[  424] = 02b687b30ac82703 : 195492836886980355
@@@ mem[  432] = 00f637b300178613 : 69304086211036691
@@@ mem[  440] = 5851f6370ac82423 : 6364138464715744291
@@@ mem[  448] = 02c6863342d60613 : 199994788187342355
@@@ mem[  456] = 02b6b6b302b70733 : 195544513798145843
@@@ mem[  464] = 00d7073300c70733 : 60525035630561075
@@@ mem[  472] = 0017951300e787b3 : 6637833316435891
@@@ mem[  480] = 001555130af82623 : 6004514787698211
@@@ mem[  488] = 0000000000008067 : 32871
@@@
@@@ mem[  576] = 0000000000000260 : 608
@@@
@@@ mem[  608] = 0000054c00000000 : 5823975653376
@@@ mem[  616] = 0000061c000005b4 : 6717328852404
@@@
@@@ mem[  776] = c6755a5b8666f82c : 14300435540928297004
@@@ mem[  784] = e66d1234abcd330e : 16603947418614838030
@@@ mem[  792] = 0000000b0005deec : 47245025004
@@@
@@@ mem[ 1696] = 0000000000000260 : 608
@@@
@@@ mem[65120] = 0000000d00000000 : 55834574848
@@@ mem[65128] = 0000002300000020 : 150323855392
@@@ mem[65136] = 0000002d0000002c : 193273528364
@@@ mem[65144] = 0000003a00000038 : 249108103224
@@@ mem[65152] = 000000400000003f : 274877907007
@@@ mem[65160] = 000000520000004e : 352187318350
@@@ mem[65168] = 0000006800000056 : 446676598870
@@@ mem[65176] = 0000009d0000007e : 674309865598
@@@ mem[65184] = 000000a50000009d : 708669603997
@@@ mem[65192] = 000000c4000000c2 : 841813590210
@@@ mem[65200] = 000000d9000000cf : 932007903439
@@@ mem[65208] = 000000fb000000e9 : 1078036791529
@@@ mem[65216] = 000001150000010f : 1189705941263
@@@ mem[65224] = 0000012b00000129 : 1284195221801
@@@ mem[65232] = 0000013500000134 : 1327144894772
@@@ mem[65240] = 000001430000013c : 1387274436924
@@@ mem[65248] = 0000015900000157 : 1481763717463
@@@ mem[65256] = 0000017100000168 : 1584842932584
@@@ mem[65264] = 0000018d00000189 : 1705102016905
@@@ mem[65272] = 000001930000018f : 1730871820687
@@@ mem[65280] = 000001a8000001a1 : 1821066133921
@@@ mem[65288] = 000001b4000001b0 : 1872605741488
@@@ mem[65296] = 000001cd000001b4 : 1979979923892
@@@ mem[65304] = 000001d8000001d4 : 2027224564180
@@@ mem[65312] = 000001fc000001f5 : 2181843386869
@@@ mem[65320] = 0000020f00000209 : 2263447765513
@@@ mem[65328] = 0000022800000224 : 2370821947940
@@@ mem[65336] = 0000022f0000022a : 2400886719018
@@@ mem[65344] = 0000024400000230 : 2491081032240
@@@ mem[65352] = 0000025700000246 : 2572685410886
@@@ mem[65360] = 0000025e0000025b : 2602750181979
@@@ mem[65368] = 000002720000026a : 2688649527914
@@@ mem[65376] = 0000029800000288 : 2851858285192
@@@ mem[65384] = 000002bd000002a7 : 3010772075175
@@@ mem[65392] = 000002cf000002c6 : 3088081486534
@@@ mem[65400] = 000002df000002d9 : 3156800963289
@@@ mem[65408] = 000002f1000002e5 : 3234110374629
@@@ mem[65416] = 00000304000002f4 : 3315714753268
@@@ mem[65424] = 0000031600000314 : 3393024164628
@@@ mem[65432] = 0000032600000325 : 3461743641381
@@@ mem[65440] = 0000032f00000329 : 3500398347049
@@@ mem[65448] = 0000037400000364 : 3796751090532
@@@ mem[65456] = 0000037800000377 : 3813930959735
@@@ mem[65464] = 0000037b0000037a : 3826815861626
@@@ mem[65472] = 0000039600000390 : 3942779978640
@@@ mem[65480] = 000003a6000003a4 : 4011499455396
@@@ mem[65488] = 000003af000003a8 : 4050154161064
@@@ mem[65496] = 000003c1000003be : 4127463572414
@@@ mem[65504] = 000003db000003d9 : 4239132722137
@@@ mem[65512] = 000003ff000003f7 : 4393751544823
@@@
@@@ mem[65528] = 000000a000000000 : 687194767360
@@@
@@@ System halted on WFI instruction
@@@
