@@@ Unified Memory contents hex on left, decimal on right: 
@@@
@@@ mem[    0] = 000181b703000893 : 424098006042771
@@@ mem[    8] = 000012376a018193 : 20029210984851
@@@ mem[   16] = 003184b300318333 : 13938178196079411
@@@ mem[   24] = 0231a2b300318433 : 158086351620768819
@@@ mem[   32] = 02941533026283b3 : 185796793456559027
@@@ mem[   40] = 00b2202302a3b5b3 : 50137880594724275
@@@ mem[   48] = 3e81819300820213 : 4504023570715902483
@@@ mem[   56] = 003184b300318333 : 13938178196079411
@@@ mem[   64] = 0231a2b300318433 : 158086351620768819
@@@ mem[   72] = 02941533026283b3 : 185796793456559027
@@@ mem[   80] = 00b2202302a3b5b3 : 50137880594724275
@@@ mem[   88] = ffe8889300820213 : 18440138839218586131
@@@ mem[   96] = fa0896e33e818193 : 18016816212046086547
@@@ mem[  104] = 0000000010500073 : 273678451
@@@
@@@
@@@ System halted on WFI instruction
@@@
