@@@ Unified Memory contents hex on left, decimal on right: 
@@@
@@@ mem[    0] = 0000009700000013 : 648540061715
@@@ mem[    8] = 0001011708c08093 : 282673419419795
@@@ mem[   16] = 00010413ff410113 : 285958910050579
@@@ mem[   24] = a681819300001197 : 11998013350651892119
@@@ mem[   32] = 0000029300000213 : 2830383448595
@@@ mem[   40] = 0000039300000313 : 3929895076627
@@@ mem[   48] = 0000051300000493 : 5579162518675
@@@ mem[   56] = 0000061300000593 : 6678674146707
@@@ mem[   64] = 0000071300000693 : 7778185774739
@@@ mem[   72] = 0000081300000793 : 8877697402771
@@@ mem[   80] = 0000091300000893 : 9977209030803
@@@ mem[   88] = 00000a1300000993 : 11076720658835
@@@ mem[   96] = 00000b1300000a93 : 12176232286867
@@@ mem[  104] = 00000c1300000b93 : 13275743914899
@@@ mem[  112] = 00000d1300000c93 : 14375255542931
@@@ mem[  120] = 00000e1300000d93 : 15474767170963
@@@ mem[  128] = 00000f1300000e93 : 16574278798995
@@@ mem[  136] = 0ac0006f00000f93 : 774619612649099155
@@@ mem[  144] = f701011300010117 : 17798508383460983063
@@@ mem[  152] = 00000013fea12c23 : 85876354083
@@@ mem[  160] = 00000e3710500073 : 15629659668595
@@@ mem[  168] = 04f05e632a4e2783 : 355888150566807427
@@@ mem[  176] = 0000081300000893 : 8877697403027
@@@ mem[  184] = 000527830005a303 : 1450818478121731
@@@ mem[  192] = 026787b300460613 : 173256313550538259
@@@ mem[  200] = 0045859300450513 : 19568639804245267
@@@ mem[  208] = 00f888b3fef62e23 : 69956100882312739
@@@ mem[  216] = 000527830005a303 : 1450818478121731
@@@ mem[  224] = 0028081300460613 : 11267876770416147
@@@ mem[  232] = 00450513026787b3 : 19427352595892147
@@@ mem[  240] = fef62e2300458593 : 18371922457767806355
@@@ mem[  248] = 00f888b32a4e2303 : 69956097314530051
@@@ mem[  256] = 011686b3fa684ce3 : 78398151083969763
@@@ mem[  264] = 0000806700d72023 : 141179884085283
@@@ mem[  272] = 2a06a783000006b7 : 3028291980535793335
@@@ mem[  280] = 1a77071300004737 : 1907000745400485687
@@@ mem[  288] = 8000073702e787b3 : 9223379969708099507
@@@ mem[  296] = 02e7e7b3fff74713 : 209390667975575315
@@@ mem[  304] = 000080672af6a023 : 141180590792739
@@@ mem[  312] = 02112623fd010113 : 148942198690349331
@@@ mem[  320] = 0291222302812423 : 184966593460118563
@@@ mem[  328] = 01312e2303212023 : 85900595807985699
@@@ mem[  336] = 01512a2301412c23 : 94903396984761379
@@@ mem[  344] = 0171262301612823 : 103906198195087395
@@@ mem[  352] = 0191222301812423 : 112908999405413411
@@@ mem[  360] = 000007b703010413 : 8482610807827
@@@ mem[  368] = 002717932a47a703 : 11003444928685827
@@@ mem[  376] = ff07f79300f78793 : 18376929015257073555
@@@ mem[  384] = 00010b9340f10133 : 294202054345011
@@@ mem[  392] = 00010c1340f10133 : 294751810158899
@@@ mem[  400] = 00010c9340f10133 : 295301565972787
@@@ mem[  408] = 000b8a1304e05e63 : 3248039034642019
@@@ mem[  416] = 000c8913000c0993 : 3528414418700691
@@@ mem[  424] = 00010ab700000493 : 293256072004755
@@@ mem[  432] = 00000b37fffa8a93 : 12335145716371
@@@ mem[  440] = f58080e700000097 : 17690281065937109143
@@@ mem[  448] = 00aa202301557533 : 47886080759133491
@@@ mem[  456] = f48080e700000097 : 17618223471899181207
@@@ mem[  464] = 00a9a02301557533 : 47745343270778163
@@@ mem[  472] = 0014849300092023 : 5775266429870115
@@@ mem[  480] = 00498993004a0a13 : 20698937757927955
@@@ mem[  488] = 2a4b278300490913 : 3047573016445258003
@@@ mem[  496] = 00000097fcf4c4e3 : 652783961315
@@@ mem[  504] = 00050693f1c080e7 : 1414607369437415
@@@ mem[  512] = 2c048713000004b7 : 3171808553249801399
@@@ mem[  520] = 000c0593000c8613 : 3383828639680019
@@@ mem[  528] = 00000097000b8513 : 648540816659
@@@ mem[  536] = 2c04a503e90080e7 : 3171841473788281063
@@@ mem[  544] = fd04011300153513 : 18231698372620006675
@@@ mem[  552] = 0281240302c12083 : 180465055421243523
@@@ mem[  560] = 0201290302412483 : 144441755952030851
@@@ mem[  568] = 01812a0301c12983 : 108414058436307331
@@@ mem[  576] = 01012b0301412a83 : 72386360920582787
@@@ mem[  584] = 00812c0300c12b83 : 36358663404858243
@@@ mem[  592] = 0301011300412c83 : 216455438210772099
@@@ mem[  600] = 0000001300008067 : 81604411495
@@@
@@@ mem[  672] = 0000000c79fe81fc : 53586330108
@@@
@@@ mem[65528] = 0000009000000001 : 618475290625
@@@
@@@ System halted on WFI instruction
@@@
