@@@ Unified Memory contents hex on left, decimal on right: 
@@@
@@@ mem[    0] = 000012b700001237 : 20577188319799
@@@ mem[    8] = 0000133700828293 : 21126952682131
@@@ mem[   16] = 0020051301030313 : 9012778434233107
@@@ mem[   24] = 0022202300100113 : 9605483905155347
@@@ mem[   32] = 000221030022a023 : 599246724309027
@@@ mem[   40] = 002181b30002a183 : 9431280030753155
@@@ mem[   48] = 0082829300820213 : 36735314852708883
@@@ mem[   56] = 0033202300150513 : 14390558509565203
@@@ mem[   64] = 0002210300830313 : 599246730625811
@@@ mem[   72] = 002181b30002a183 : 9431280030753155
@@@ mem[   80] = 0082829300820213 : 36735314852708883
@@@ mem[   88] = 0033202300150513 : 14390558509565203
@@@ mem[   96] = 0002210300830313 : 599246730625811
@@@ mem[  104] = 002181b30002a183 : 9431280030753155
@@@ mem[  112] = 0082829300820213 : 36735314852708883
@@@ mem[  120] = 0015051300d52593 : 5916553687410067
@@@ mem[  128] = 0083031300332023 : 36876602091708451
@@@ mem[  136] = 00022103f8059ee3 : 599250883157731
@@@ mem[  144] = 002181b30002a183 : 9431280030753155
@@@ mem[  152] = 0082829300820213 : 36735314852708883
@@@ mem[  160] = 0083031300332023 : 36876602091708451
@@@ mem[  168] = 0002a18300022103 : 740533966348547
@@@ mem[  176] = 00332023002181b3 : 14390558510383539
@@@ mem[  184] = 0000000010500073 : 273678451
@@@
@@@ mem[ 4096] = 0000000000000001 : 1
@@@ mem[ 4104] = 0000000000000001 : 1
@@@ mem[ 4112] = 0000000000000002 : 2
@@@ mem[ 4120] = 0000000000000003 : 3
@@@ mem[ 4128] = 0000000000000005 : 5
@@@ mem[ 4136] = 0000000000000008 : 8
@@@ mem[ 4144] = 000000000000000d : 13
@@@ mem[ 4152] = 0000000000000015 : 21
@@@ mem[ 4160] = 0000000000000022 : 34
@@@ mem[ 4168] = 0000000000000037 : 55
@@@ mem[ 4176] = 0000000000000059 : 89
@@@ mem[ 4184] = 0000000000000090 : 144
@@@ mem[ 4192] = 00000000000000e9 : 233
@@@ mem[ 4200] = 0000000000000179 : 377
@@@ mem[ 4208] = 0000000000000262 : 610
@@@ mem[ 4216] = 00000000000003db : 987
@@@
@@@
@@@ System halted on WFI instruction
@@@
