@@@ Unified Memory contents hex on left, decimal on right: 
@@@
@@@ mem[    0] = 000012b700001237 : 20577188319799
@@@ mem[    8] = 0000133700828293 : 21126952682131
@@@ mem[   16] = 0020051301030313 : 9012778434233107
@@@ mem[   24] = 0022202300100113 : 9605483905155347
@@@ mem[   32] = 000221030022a023 : 599246724309027
@@@ mem[   40] = 002181b30002a183 : 9431280030753155
@@@ mem[   48] = 0082210300332023 : 36628043744354339
@@@ mem[   56] = 002181b30082a183 : 9431280039141763
@@@ mem[   64] = 0103031300332423 : 72905399110673443
@@@ mem[   72] = 0102829301020213 : 72764111880061459
@@@ mem[   80] = 0025051300e52593 : 10420153315829139
@@@ mem[   88] = 10500073fc0596e3 : 1175440000893163235
@@@
@@@ mem[ 4096] = 0000000000000001 : 1
@@@ mem[ 4104] = 0000000000000001 : 1
@@@ mem[ 4112] = 0000000000000002 : 2
@@@ mem[ 4120] = 0000000000000003 : 3
@@@ mem[ 4128] = 0000000000000005 : 5
@@@ mem[ 4136] = 0000000000000008 : 8
@@@ mem[ 4144] = 000000000000000d : 13
@@@ mem[ 4152] = 0000000000000015 : 21
@@@ mem[ 4160] = 0000000000000022 : 34
@@@ mem[ 4168] = 0000000000000037 : 55
@@@ mem[ 4176] = 0000000000000059 : 89
@@@ mem[ 4184] = 0000000000000090 : 144
@@@ mem[ 4192] = 00000000000000e9 : 233
@@@ mem[ 4200] = 0000000000000179 : 377
@@@ mem[ 4208] = 0000000000000262 : 610
@@@ mem[ 4216] = 00000000000003db : 987
@@@
@@@
@@@ System halted on WFI instruction
@@@
