@@@ Unified Memory contents hex on left, decimal on right: 
@@@
@@@ mem[    0] = 0000009700000013 : 648540061715
@@@ mem[    8] = 0001011708c08093 : 282673419419795
@@@ mem[   16] = 00010413ff410113 : 285958910050579
@@@ mem[   24] = a881819300001197 : 12142128538727747991
@@@ mem[   32] = 0000029300000213 : 2830383448595
@@@ mem[   40] = 0000039300000313 : 3929895076627
@@@ mem[   48] = 0000051300000493 : 5579162518675
@@@ mem[   56] = 0000061300000593 : 6678674146707
@@@ mem[   64] = 0000071300000693 : 7778185774739
@@@ mem[   72] = 0000081300000793 : 8877697402771
@@@ mem[   80] = 0000091300000893 : 9977209030803
@@@ mem[   88] = 00000a1300000993 : 11076720658835
@@@ mem[   96] = 00000b1300000a93 : 12176232286867
@@@ mem[  104] = 00000c1300000b93 : 13275743914899
@@@ mem[  112] = 00000d1300000c93 : 14375255542931
@@@ mem[  120] = 00000e1300000d93 : 15474767170963
@@@ mem[  128] = 00000f1300000e93 : 16574278798995
@@@ mem[  136] = 0bc0006f00000f93 : 846677206687027091
@@@ mem[  144] = f701011300010117 : 17798508383460983063
@@@ mem[  152] = 00000013fea12c23 : 85876354083
@@@ mem[  160] = 00000e3710500073 : 15629659668595
@@@ mem[  168] = 06f056632c4e2783 : 499994542583195523
@@@ mem[  176] = 0000081300000893 : 8877697403027
@@@ mem[  184] = 000527830005a303 : 1450818478121731
@@@ mem[  192] = 00f62023026787b3 : 69278179007104947
@@@ mem[  200] = 0045a30300f888b3 : 19601006689552563
@@@ mem[  208] = 026787b300452783 : 173256313550481283
@@@ mem[  216] = 00f9093300f62223 : 70097383865066019
@@@ mem[  224] = 008527830085a303 : 37479615505474307
@@@ mem[  232] = 0038081300c60613 : 15771476406175251
@@@ mem[  240] = 00c50513026787b3 : 55456149614856115
@@@ mem[  248] = fef62e2300c58593 : 18371922457776194963
@@@ mem[  256] = 00f989b32c4e2303 : 70238671836422915
@@@ mem[  264] = 01390933fa6848e3 : 88111786559555811
@@@ mem[  272] = 011906b300d888b3 : 79101834338797747
@@@ mem[  280] = 0000806700d72023 : 141179884085283
@@@ mem[  288] = 2c06a783000006b7 : 3172407168611649207
@@@ mem[  296] = 1a77071300004737 : 1907000745400485687
@@@ mem[  304] = 8000073702e787b3 : 9223379969708099507
@@@ mem[  312] = 02e7e7b3fff74713 : 209390667975575315
@@@ mem[  320] = 000080672cf6a023 : 141180624347171
@@@ mem[  328] = 02112623fd010113 : 148942198690349331
@@@ mem[  336] = 0291222302812423 : 184966593460118563
@@@ mem[  344] = 01312e2303212023 : 85900595807985699
@@@ mem[  352] = 01512a2301412c23 : 94903396984761379
@@@ mem[  360] = 0171262301612823 : 103906198195087395
@@@ mem[  368] = 0191222301812423 : 112908999405413411
@@@ mem[  376] = 000007b703010413 : 8482610807827
@@@ mem[  384] = 002717932c47a703 : 11003444962240259
@@@ mem[  392] = ff07f79300f78793 : 18376929015257073555
@@@ mem[  400] = 00010b9340f10133 : 294202054345011
@@@ mem[  408] = 00010c1340f10133 : 294751810158899
@@@ mem[  416] = 00010c9340f10133 : 295301565972787
@@@ mem[  424] = 000b8a1304e05e63 : 3248039034642019
@@@ mem[  432] = 000c8913000c0993 : 3528414418700691
@@@ mem[  440] = 00010ab700000493 : 293256072004755
@@@ mem[  448] = 00000b37fffa8a93 : 12335145716371
@@@ mem[  456] = f58080e700000097 : 17690281065937109143
@@@ mem[  464] = 00aa202301557533 : 47886080759133491
@@@ mem[  472] = f48080e700000097 : 17618223471899181207
@@@ mem[  480] = 00a9a02301557533 : 47745343270778163
@@@ mem[  488] = 0014849300092023 : 5775266429870115
@@@ mem[  496] = 00498993004a0a13 : 20698937757927955
@@@ mem[  504] = 2c4b278300490913 : 3191688204521113875
@@@ mem[  512] = 00000097fcf4c4e3 : 652783961315
@@@ mem[  520] = 00050693f1c080e7 : 1414607369437415
@@@ mem[  528] = 2e048713000004b7 : 3315923741325657271
@@@ mem[  536] = 000c0593000c8613 : 3383828639680019
@@@ mem[  544] = 00000097000b8513 : 648540816659
@@@ mem[  552] = 2e04a503e80080e7 : 3315956661847359719
@@@ mem[  560] = fd04011300153513 : 18231698372620006675
@@@ mem[  568] = 0281240302c12083 : 180465055421243523
@@@ mem[  576] = 0201290302412483 : 144441755952030851
@@@ mem[  584] = 01812a0301c12983 : 108414058436307331
@@@ mem[  592] = 01012b0301412a83 : 72386360920582787
@@@ mem[  600] = 00812c0300c12b83 : 36358663404858243
@@@ mem[  608] = 0301011300412c83 : 216455438210772099
@@@ mem[  616] = 0000001300008067 : 81604411495
@@@
@@@ mem[  704] = 0000000c79fe81fc : 53586330108
@@@
@@@ mem[  736] = 000000000001ff10 : 130832
@@@
@@@ mem[65528] = 0000009000000000 : 618475290624
@@@
@@@ System halted on WFI instruction
@@@
