@@@ Unified Memory contents hex on left, decimal on right: 
@@@
@@@ mem[    0] = 0140016f000010b7 : 90073568800411831
@@@ mem[    8] = 27bb2ee687b0b0fd : 2862933555777941757
@@@ mem[   16] = 00000000b504f32d : 3037000493
@@@ mem[   24] = 0081220300012183 : 36347668275995011
@@@ mem[   32] = 0012829300000293 : 5210117452595859
@@@ mem[   40] = 004585b3023105b3 : 19568777275442611
@@@ mem[   48] = 0046063302358633 : 19710064519906867
@@@ mem[   56] = 004686b3023606b3 : 19851351764108979
@@@ mem[   64] = 0041013302368133 : 18297192078278963
@@@ mem[   72] = 00b0a0230005d593 : 49715668085757331
@@@ mem[   80] = 00c0a42300065613 : 54223665759671827
@@@ mem[   88] = 00d0a8230006d693 : 58731663433586323
@@@ mem[   96] = 00e0ac2300015713 : 63239661107107603
@@@ mem[  104] = 0012829302008093 : 5210117486182547
@@@ mem[  112] = 004585b3023105b3 : 19568777275442611
@@@ mem[  120] = 0046063302358633 : 19710064519906867
@@@ mem[  128] = 004686b3023606b3 : 19851351764108979
@@@ mem[  136] = 0041013302368133 : 18297192078278963
@@@ mem[  144] = 00b0a0230005d593 : 49715668085757331
@@@ mem[  152] = 00c0a42300065613 : 54223665759671827
@@@ mem[  160] = 00d0a8230006d693 : 58731663433586323
@@@ mem[  168] = 00e0ac2300015713 : 63239661107107603
@@@ mem[  176] = 0012829302008093 : 5210117486182547
@@@ mem[  184] = 023105b30182a313 : 157913728317301523
@@@ mem[  192] = 02358633004585b3 : 159180915447530931
@@@ mem[  200] = 023606b300460633 : 159322202691733043
@@@ mem[  208] = 02368133004686b3 : 159456892866168499
@@@ mem[  216] = 0005d59300410133 : 1642202224722227
@@@ mem[  224] = 0006561300b0a023 : 1783489476206627
@@@ mem[  232] = 0006d69300c0a423 : 1924776721425443
@@@ mem[  240] = 0001571300d0a823 : 377214106380323
@@@ mem[  248] = 0200809300e0ac23 : 144256556939127843
@@@ mem[  256] = 10500073f20312e3 : 1175440000725226211
@@@
@@@ mem[ 4096] = 00000000f28a7b15 : 4069161749
@@@ mem[ 4104] = 000000004def06ee : 1307510510
@@@ mem[ 4112] = 0000000054a26c63 : 1419930723
@@@ mem[ 4120] = 00000000bd1e2104 : 3172868356
@@@ mem[ 4128] = 00000000213e5421 : 557732897
@@@ mem[ 4136] = 00000000a724c7ca : 2804205514
@@@ mem[ 4144] = 000000000e9945cf : 244925903
@@@ mem[ 4152] = 00000000a9cd40c0 : 2848800960
@@@ mem[ 4160] = 000000006561f0ed : 1700917485
@@@ mem[ 4168] = 00000000da62fd66 : 3663920486
@@@ mem[ 4176] = 00000000972f80fb : 2536472827
@@@ mem[ 4184] = 00000000d133fb3c : 3509844796
@@@ mem[ 4192] = 000000008f5d7d79 : 2405268857
@@@ mem[ 4200] = 00000000bcdd23c2 : 3168609218
@@@ mem[ 4208] = 000000004786a9e7 : 1200007655
@@@ mem[ 4216] = 0000000099b9ac78 : 2579082360
@@@ mem[ 4224] = 000000002296e5c5 : 580314565
@@@ mem[ 4232] = 000000007c8d76de : 2089645790
@@@ mem[ 4240] = 00000000d92c0c93 : 3643542675
@@@ mem[ 4248] = 00000000c8427074 : 3359797364
@@@ mem[ 4256] = 00000000c7bdd5d1 : 3351107025
@@@ mem[ 4264] = 00000000d550f2ba : 3578852026
@@@ mem[ 4272] = 0000000022c4b4ff : 583316735
@@@ mem[ 4280] = 00000000362b2330 : 908796720
@@@ mem[ 4288] = 0000000066d7b99d : 1725413789
@@@ mem[ 4296] = 000000000ec35356 : 247681878
@@@ mem[ 4304] = 000000003a796f2b : 981036843
@@@ mem[ 4312] = 00000000160560ac : 369451180
@@@ mem[ 4320] = 00000000550bbd29 : 1426832681
@@@ mem[ 4328] = 000000007edb14b2 : 2128286898
@@@ mem[ 4336] = 00000000ca22c717 : 3391276823
@@@ mem[ 4344] = 00000000631384e8 : 1662223592
@@@ mem[ 4352] = 00000000c22ecc75 : 3257846901
@@@ mem[ 4360] = 000000000d4572ce : 222655182
@@@ mem[ 4368] = 00000000213508c3 : 557123779
@@@ mem[ 4376] = 00000000d784abe4 : 3615796196
@@@ mem[ 4384] = 00000000520f9381 : 1376752513
@@@ mem[ 4392] = 00000000f38269aa : 4085410218
@@@ mem[ 4400] = 00000000506c402f : 1349271599
@@@ mem[ 4408] = 000000008570b1a0 : 2238755232
@@@ mem[ 4416] = 000000008d827e4d : 2374139469
@@@ mem[ 4424] = 00000000b5c0b546 : 3049305414
@@@ mem[ 4432] = 000000005b38395b : 1530411355
@@@ mem[ 4440] = 00000000ee94321c : 4002689564
@@@ mem[ 4448] = 00000000972db8d9 : 2536356057
@@@ mem[ 4456] = 000000001079d1a2 : 276418978
@@@ mem[ 4464] = 000000004ae88047 : 1256751175
@@@ mem[ 4472] = 0000000036cc8958 : 919374168
@@@ mem[ 4480] = 0000000050152f25 : 1343565605
@@@ mem[ 4488] = 0000000056cdfabe : 1456339646
@@@ mem[ 4496] = 00000000af9860f3 : 2945999091
@@@ mem[ 4504] = 00000000cd53d354 : 3444822868
@@@ mem[ 4512] = 00000000d7e68d31 : 3622210865
@@@ mem[ 4520] = 000000007da02c9a : 2107649178
@@@ mem[ 4528] = 00000000dadae75f : 3671779167
@@@ mem[ 4536] = 00000000a8bcec10 : 2830953488
@@@ mem[ 4544] = 0000000015053efd : 352665341
@@@ mem[ 4552] = 00000000cf722336 : 3480363830
@@@ mem[ 4560] = 00000000e026df8b : 3760643979
@@@ mem[ 4568] = 00000000f1af6f8c : 4054806412
@@@ mem[ 4576] = 00000000b0567089 : 2958454921
@@@ mem[ 4584] = 0000000005005a92 : 83909266
@@@ mem[ 4592] = 000000002702d577 : 654497143
@@@ mem[ 4600] = 00000000b863b9c8 : 3093543368
@@@ mem[ 4608] = 00000000b0cd0dd5 : 2966228437
@@@ mem[ 4616] = 000000003e9e0eae : 1050545838
@@@ mem[ 4624] = 000000001af11523 : 452007203
@@@ mem[ 4632] = 0000000010dee6c4 : 283043524
@@@ mem[ 4640] = 00000000a2b5c2e1 : 2729820897
@@@ mem[ 4648] = 000000001a513b8a : 441531274
@@@ mem[ 4656] = 00000000451baa8f : 1159441039
@@@ mem[ 4664] = 00000000b1eed280 : 2985218688
@@@ mem[ 4672] = 00000000f6c2fbad : 4139973549
@@@ mem[ 4680] = 00000000e2ae9d26 : 3803094310
@@@ mem[ 4688] = 00000000dbc061bb : 3686818235
@@@ mem[ 4696] = 00000000f2e618fc : 4075165948
@@@ mem[ 4704] = 0000000004d8e439 : 81323065
@@@ mem[ 4712] = 000000009275af82 : 2457186178
@@@ mem[ 4720] = 00000000935cc6a7 : 2472330919
@@@ mem[ 4728] = 00000000c4181638 : 3289912888
@@@ mem[ 4736] = 00000000de996885 : 3734595717
@@@ mem[ 4744] = 0000000028ecae9e : 686599838
@@@ mem[ 4752] = 000000003d9a2553 : 1033512275
@@@ mem[ 4760] = 00000000fe14e634 : 4262782516
@@@ mem[ 4768] = 00000000ddb03491 : 3719312529
@@@ mem[ 4776] = 000000008afc967a : 2331809402
@@@ mem[ 4784] = 0000000081f989bf : 2180614591
@@@ mem[ 4792] = 0000000023a564f0 : 598041840
@@@ mem[ 4800] = 0000000099deb45d : 2581509213
@@@ mem[ 4808] = 00000000ed0d2316 : 3977061142
@@@ mem[ 4816] = 00000000bc3fbfeb : 3158294507
@@@ mem[ 4824] = 0000000072872e6c : 1921461868
@@@ mem[ 4832] = 00000000b2c813e9 : 2999456745
@@@ mem[ 4840] = 0000000081a0d072 : 2174799986
@@@ mem[ 4848] = 00000000cca153d7 : 3433124823
@@@ mem[ 4856] = 00000000dee89ea8 : 3739786920
@@@
@@@
@@@ System halted on WFI instruction
@@@
