
                           Design Compiler Graphical 
                                 DC Ultra (TM)
                                  DFTMAX (TM)
                              Power Compiler (TM)
                                 DesignWare (R)
                                 DC Expert (TM)
                               Design Vision (TM)
                               HDL Compiler (TM)
                               VHDL Compiler (TM)
                                  DFT Compiler
                               Design Compiler(R)

                 Version O-2018.06 for linux64 - May 21, 2018 

                    Copyright (c) 1988 - 2018 Synopsys, Inc.
   This software and the associated documentation are proprietary to Synopsys,
 Inc. This software may only be used in accordance with the terms and conditions
 of a written license agreement with Synopsys, Inc. All other use, reproduction,
            or distribution of this software is strictly prohibited.
Initializing...
################################################################################
## DO NOT EDIT THESE FILES BY HAND
##
## CONFIGURATION HAS BEEN MOVED TO THE MAKEFILE
################################################################################
set search_path [ list "./" "/afs/umich.edu/class/eecs470/lib/synopsys/" ]
./ /afs/umich.edu/class/eecs470/lib/synopsys/
set target_library "lec25dscc25_TT.db"
lec25dscc25_TT.db
set link_library [concat  "*" $target_library]
* lec25dscc25_TT.db
#/***********************************************************/
#/* Set some flags to suppress warnings we don't care about */
set suppress_errors [concat $suppress_errors "UID-401"]
UID-401
suppress_message {"VER-130"}
#/***********************************************************/
#/* The following lines are set from environment variables
#/* automatically by the Makefile
#/***********************************************************/
lappend search_path ../
./ /afs/umich.edu/class/eecs470/lib/synopsys/ ../
set headers [getenv HEADERS]
sys_defs.svh ISA.svh
set sources [getenv ROB_SYNFILES]
verilog/rob.sv	
read_file -f sverilog [list ${headers} ${sources}]
Loading db file '/afs/umich.edu/class/eecs470/lib/synopsys/lec25dscc25_TT.db'
Loading db file '/usr/caen/synopsys-synth-2018.06/libraries/syn/gtech.db'
Loading db file '/usr/caen/synopsys-synth-2018.06/libraries/syn/standard.sldb'
  Loading link library 'lec25dscc25_TT'
  Loading link library 'gtech'
Loading sverilog files: '/afs/umich.edu/user/b/r/brenf/group9w20/sys_defs.svh' '/afs/umich.edu/user/b/r/brenf/group9w20/ISA.svh' '/afs/umich.edu/user/b/r/brenf/group9w20/verilog/rob.sv' 
Detecting input file type automatically (-rtl or -netlist).
Reading with Presto HDL Compiler (equivalent to -rtl option).
Running PRESTO HDLC
Compiling source file /afs/umich.edu/user/b/r/brenf/group9w20/sys_defs.svh
Compiling source file /afs/umich.edu/user/b/r/brenf/group9w20/ISA.svh
Compiling source file /afs/umich.edu/user/b/r/brenf/group9w20/verilog/rob.sv
Warning:  /afs/umich.edu/user/b/r/brenf/group9w20/verilog/rob.sv:52: signed to unsigned conversion occurs. (VER-318)
Warning:  /afs/umich.edu/user/b/r/brenf/group9w20/verilog/rob.sv:84: signed to unsigned conversion occurs. (VER-318)
Warning:  /afs/umich.edu/user/b/r/brenf/group9w20/verilog/rob.sv:87: signed to unsigned conversion occurs. (VER-318)

Inferred memory devices in process
	in routine rob line 59 in file
		'/afs/umich.edu/user/b/r/brenf/group9w20/verilog/rob.sv'.
====================================================================================
|        Register Name         | Type  | Width | Bus | MB | AR | AS | SR | SS | ST |
====================================================================================
| corrected_branch_address_reg | Latch |  33   |  Y  | N  | N  | N  | -  | -  | -  |
====================================================================================

Inferred memory devices in process
	in routine rob line 140 in file
		'/afs/umich.edu/user/b/r/brenf/group9w20/verilog/rob.sv'.
===============================================================================
|    Register Name    |   Type    | Width | Bus | MB | AR | AS | SR | SS | ST |
===============================================================================
|      halt_reg       | Flip-flop |   1   |  N  | N  | N  | N  | Y  | N  | N  |
|     entries_reg     | Flip-flop | 3808  |  Y  | N  | N  | N  | Y  | N  | N  |
|   head_index_reg    | Flip-flop |   5   |  Y  | N  | N  | N  | Y  | N  | N  |
|   tail_index_reg    | Flip-flop |   5   |  Y  | N  | N  | N  | Y  | N  | N  |
===============================================================================
Statistics for MUX_OPs
======================================================
| block name/line  | Inputs | Outputs | # sel inputs |
======================================================
|      rob/32      |   32   |    3    |      5       |
|      rob/88      |   32   |   12    |      5       |
|      rob/89      |   32   |    6    |      5       |
|      rob/95      |   32   |    5    |      5       |
|     rob/113      |   32   |   96    |      5       |
|      rob/88      |   32   |   12    |      5       |
|      rob/89      |   32   |    6    |      5       |
|      rob/94      |   32   |    2    |      5       |
|      rob/95      |   32   |    5    |      5       |
|     rob/113      |   32   |   96    |      5       |
|      rob/88      |   32   |   12    |      5       |
|      rob/89      |   32   |    6    |      5       |
|      rob/94      |   32   |    2    |      5       |
|      rob/95      |   32   |    5    |      5       |
|     rob/113      |   32   |   96    |      5       |
|      rob/88      |   32   |   12    |      5       |
|      rob/89      |   32   |    6    |      5       |
|      rob/94      |   32   |    2    |      5       |
|      rob/95      |   32   |    5    |      5       |
|     rob/113      |   32   |   96    |      5       |
======================================================
Warning:  /afs/umich.edu/user/b/r/brenf/group9w20/verilog/rob.sv:59: Netlist for always_comb block contains a latch. (ELAB-974)
Presto compilation completed successfully.
Current design is now '/afs/umich.edu/user/b/r/brenf/group9w20/verilog/rob.db:rob'
Loaded 1 design.
Current design is 'rob'.
rob
set design_name rob
rob
set clock_name [getenv CLOCK_NET_NAME]
clock
set reset_name [getenv RESET_NET_NAME]
reset
set CLK_PERIOD [getenv CLOCK_PERIOD]
10	
#/***********************************************************/
#/* The rest of this file may be left alone for most small  */
#/* to moderate sized designs.  You may need to alter it    */
#/* when synthesizing your final project.                   */
#/***********************************************************/
set SYN_DIR ./
./
#/***********************************************************/
#/* Set some flags for optimisation */
set compile_top_all_paths "true"
true
set auto_wire_load_selection "false"
false
set compile_seqmap_synchronous_extraction "true"
true
# uncomment this and change number appropriately if on multi-core machine
#set_host_options -max_cores 2
#/***********************************************************/
#/*  Clk Periods/uncertainty/transition                     */
set CLK_TRANSITION 0.1
0.1
set CLK_UNCERTAINTY 0.1
0.1
set CLK_LATENCY 0.1
0.1
#/* Input/output Delay values */
set AVG_INPUT_DELAY 0.1
0.1
set AVG_OUTPUT_DELAY 0.1
0.1
#/* Critical Range (ns) */
set CRIT_RANGE 1.0
1.0
#/***********************************************************/
#/* Design Constrains: Not all used                         */
set MAX_TRANSITION 1.0
1.0
set FAST_TRANSITION 0.1
0.1
set MAX_FANOUT 32
32
set MID_FANOUT 8
8
set LOW_FANOUT 1
1
set HIGH_DRIVE 0
0
set HIGH_LOAD 1.0
1.0
set AVG_LOAD 0.1
0.1
set AVG_FANOUT_LOAD 10
10
#/***********************************************************/
#/*BASIC_INPUT = cb18os120_tsmc_max/nd02d1/A1
#BASIC_OUTPUT = cb18os120_tsmc_max/nd02d1/ZN*/
set DRIVING_CELL dffacs1
dffacs1
#/* DONT_USE_LIST = {   } */
#/*************operation cons**************/
#/*OP_WCASE = WCCOM;
#OP_BCASE = BCCOM;*/
set WIRE_LOAD "tsmcwire"
tsmcwire
set LOGICLIB lec25dscc25_TT
lec25dscc25_TT
#/*****************************/
#/* Sourcing the file that sets the Search path and the libraries(target,link) */
set sys_clk $clock_name
clock
set netlist_file [format "%s%s"  [format "%s%s"  $SYN_DIR $design_name] ".vg"]
./rob.vg
set ddc_file [format "%s%s"  [format "%s%s"  $SYN_DIR $design_name] ".ddc"]
./rob.ddc
set rep_file [format "%s%s"  [format "%s%s"  $SYN_DIR $design_name] ".rep"]
./rob.rep
set dc_shell_status [ set chk_file [format "%s%s"  [format "%s%s"  $SYN_DIR $design_name] ".chk"] ]
./rob.chk
#/* if we didnt find errors at this point, run */
if {  $dc_shell_status != [list] } {
   current_design $design_name
  link
  set_wire_load_model -name $WIRE_LOAD -lib $LOGICLIB $design_name
  set_wire_load_mode top
  set_fix_multiple_port_nets -outputs -buffer_constants
  create_clock -period $CLK_PERIOD -name $sys_clk [find port $sys_clk]
  set_clock_uncertainty $CLK_UNCERTAINTY $sys_clk
  set_fix_hold $sys_clk
  group_path -from [all_inputs] -name input_grp
  group_path -to [all_outputs] -name output_grp
  set_driving_cell  -lib_cell $DRIVING_CELL [all_inputs]
  remove_driving_cell [find port $sys_clk]
  set_fanout_load $AVG_FANOUT_LOAD [all_outputs]
  set_load $AVG_LOAD [all_outputs]
  set_input_delay $AVG_INPUT_DELAY -clock $sys_clk [all_inputs]
  remove_input_delay -clock $sys_clk [find port $sys_clk]
  set_output_delay $AVG_OUTPUT_DELAY -clock $sys_clk [all_outputs]
  set_dont_touch $reset_name
  set_resistance 0 $reset_name
  set_drive 0 $reset_name
  set_critical_range $CRIT_RANGE [current_design]
  set_max_delay $CLK_PERIOD [all_outputs]
  set MAX_FANOUT $MAX_FANOUT
  set MAX_TRANSITION $MAX_TRANSITION
  uniquify
  ungroup -all #-flatten
  redirect $chk_file { check_design }
  compile -map_effort medium
  write -hier -format verilog -output $netlist_file $design_name
  write -hier -format ddc -output $ddc_file $design_name
  redirect $rep_file { report_design -nosplit }
  redirect -append $rep_file { report_area }
  redirect -append $rep_file { report_timing -max_paths 2 -input_pins -nets -transition_time -nosplit }
  redirect -append $rep_file { report_constraint -max_delay -verbose -nosplit }
  remove_design -all
  read_file -format verilog $netlist_file
  current_design $design_name
  redirect -append $rep_file { report_reference -nosplit }
  quit
} else {
   quit
}
Current design is 'rob'.

  Linking design 'rob'
  Using the following designs and libraries:
  --------------------------------------------------------------------------
  rob                         /afs/umich.edu/user/b/r/brenf/group9w20/verilog/rob.db
  lec25dscc25_TT (library)    /afs/umich.edu/class/eecs470/lib/synopsys/lec25dscc25_TT.db

Current design is 'rob'.
Warning: Dont_touch on net 'reset' may be overridden by compile because it
	is connected to generic logic. Use all_connected to see net
	connections. (OPT-461)
Warning: Can't find cell '#-flatten' in design 'rob'. (UID-95)
Error: Value for list 'cell_list' must have 1 elements. (CMD-036)
Information: Evaluating DesignWare library utilization. (UISN-27)

============================================================================
| DesignWare Building Block Library  |         Version         | Available |
============================================================================
| Basic DW Building Blocks           | O-2018.06-DWBB_201806.0 |     *     |
| Licensed DW Building Blocks        |                         |           |
============================================================================

Warning: Dont_touch on net 'reset' may be overridden by compile because it
	is connected to generic logic. Use all_connected to see net
	connections. (OPT-461)

Information: There are 176 potential problems in your design. Please run 'check_design' for more information. (LINT-99)



  Beginning Pass 1 Mapping
  ------------------------
  Processing 'rob'
